#
# There is insufficient memory for the Java Runtime Environment to continue.
# Native memory allocation (mmap) failed to map 285212672 bytes for G1 virtual space
# Possible reasons:
#   The system is out of physical RAM or swap space
#   The process is running with CompressedOops enabled, and the Java Heap may be blocking the growth of the native heap
# Possible solutions:
#   Reduce memory load on the system
#   Increase physical memory or swap space
#   Check if swap backing store is full
#   Decrease Java heap size (-Xmx/-Xms)
#   Decrease number of Java threads
#   Decrease Java thread stack sizes (-Xss)
#   Set larger code cache with -XX:ReservedCodeCacheSize=
#   JVM is running with Unscaled Compressed Oops mode in which the Java heap is
#     placed in the first 4GB address space. The Java Heap base address is the
#     maximum limit for the native heap growth. Please use -XX:HeapBaseMinAddress
#     to set the Java Heap base and to place the Java Heap above 4GB virtual address.
# This output file may be truncated or incomplete.
#
#  Out of Memory Error (os_windows.cpp:3541), pid=18192, tid=8712
#
# JRE version: OpenJDK Runtime Environment Temurin-17.0.4.1+1 (17.0.4.1+1) (build 17.0.4.1+1)
# Java VM: OpenJDK 64-Bit Server VM Temurin-17.0.4.1+1 (17.0.4.1+1, mixed mode, emulated-client, tiered, compressed oops, compressed class ptrs, g1 gc, windows-amd64)
# No core dump will be written. Minidumps are not enabled by default on client versions of Windows
#

---------------  S U M M A R Y ------------

Command Line: -Dsts.lsp.client=vscode -Dsts.log.file=/dev/null -XX:TieredStopAtLevel=1 -Xlog:jni+resolve=off -Dspring.config.location=file:c:\Users\luiz_gustavo\.vscode\extensions\pivotal.vscode-spring-boot-1.39.0\language-server\BOOT-INF\classes\application.properties org.springframework.ide.vscode.boot.app.BootLanguageServerBootApp

Host: Intel(R) Core(TM) i5-8250U CPU @ 1.60GHz, 8 cores, 7G,  Windows 10 , 64 bit Build 18362 (10.0.18362.1500)
Time: Mon Oct 24 03:18:06 2022 Hora oficial do Brasil elapsed time: 5.911742 seconds (0d 0h 0m 5s)

---------------  T H R E A D  ---------------

Current thread (0x0000018bd1a822a0):  VMThread "VM Thread" [stack: 0x0000003648400000,0x0000003648500000] [id=8712]

Stack: [0x0000003648400000,0x0000003648500000]
Native frames: (J=compiled Java code, j=interpreted, Vv=VM code, C=native code)
V  [jvm.dll+0x67731a]
V  [jvm.dll+0x832284]
V  [jvm.dll+0x833a2e]
V  [jvm.dll+0x834093]
V  [jvm.dll+0x245775]
V  [jvm.dll+0x674209]
V  [jvm.dll+0x668a92]
V  [jvm.dll+0x30471b]
V  [jvm.dll+0x30bc66]
V  [jvm.dll+0x35ba9e]
V  [jvm.dll+0x35bccf]
V  [jvm.dll+0x2db5b8]
V  [jvm.dll+0x2d986c]
V  [jvm.dll+0x2d8e3c]
V  [jvm.dll+0x31cd9b]
V  [jvm.dll+0x83853b]
V  [jvm.dll+0x839274]
V  [jvm.dll+0x83978c]
V  [jvm.dll+0x839b64]
V  [jvm.dll+0x839c30]
V  [jvm.dll+0x7e240a]
V  [jvm.dll+0x6761a5]
C  [ucrtbase.dll+0x210b2]
C  [KERNEL32.DLL+0x17c24]
C  [ntdll.dll+0x6d721]

VM_Operation (0x000000364a2fe230): G1CollectForAllocation, mode: safepoint, requested by thread 0x0000018bd45a5b50


---------------  P R O C E S S  ---------------

Threads class SMR info:
_java_thread_list=0x0000018bd602c1b0, length=46, elements={
0x0000018bd1a9c7b0, 0x0000018bd1a9dad0, 0x0000018bd1abd680, 0x0000018bd1abe200,
0x0000018bd1abeac0, 0x0000018bd24282a0, 0x0000018bd2428b60, 0x0000018bd2429460,
0x0000018bd26217b0, 0x0000018bd2621cc0, 0x0000018bd26221d0, 0x0000018bd2622850,
0x0000018bd2f0bea0, 0x0000018bd4275510, 0x0000018bd433ec80, 0x0000018bd4582580,
0x0000018bd45543f0, 0x0000018bd45548c0, 0x0000018bd4592c30, 0x0000018bd45a60e0,
0x0000018bd45a5b50, 0x0000018bd45d47e0, 0x0000018bd45d3970, 0x0000018bd45d5b20,
0x0000018bd45d34a0, 0x0000018bd45d2fd0, 0x0000018bd45d5ff0, 0x0000018bd45d5650,
0x0000018bd45d2b00, 0x0000018bd45d4cb0, 0x0000018bd45d3e40, 0x0000018bd45d5180,
0x0000018bd45d2630, 0x0000018bd45d4310, 0x0000018bd44c2120, 0x0000018bd44c3e00,
0x0000018bd44c2f90, 0x0000018bd44c5140, 0x0000018bd44c25f0, 0x0000018bd44c2ac0,
0x0000018bd44c42d0, 0x0000018bd44c3460, 0x0000018bd44c4c70, 0x0000018bd44c3930,
0x0000018bd44c5ae0, 0x0000018bd44c47a0
}

Java Threads: ( => current thread )
  0x0000018bd1a9c7b0 JavaThread "Reference Handler" daemon [_thread_blocked, id=2140, stack(0x0000003648500000,0x0000003648600000)]
  0x0000018bd1a9dad0 JavaThread "Finalizer" daemon [_thread_blocked, id=15892, stack(0x0000003648600000,0x0000003648700000)]
  0x0000018bd1abd680 JavaThread "Signal Dispatcher" daemon [_thread_blocked, id=12664, stack(0x0000003648700000,0x0000003648800000)]
  0x0000018bd1abe200 JavaThread "Attach Listener" daemon [_thread_blocked, id=2760, stack(0x0000003648800000,0x0000003648900000)]
  0x0000018bd1abeac0 JavaThread "Service Thread" daemon [_thread_blocked, id=6172, stack(0x0000003648900000,0x0000003648a00000)]
  0x0000018bd24282a0 JavaThread "Monitor Deflation Thread" daemon [_thread_blocked, id=6352, stack(0x0000003648a00000,0x0000003648b00000)]
  0x0000018bd2428b60 JavaThread "C1 CompilerThread0" daemon [_thread_blocked, id=1792, stack(0x0000003648b00000,0x0000003648c00000)]
  0x0000018bd2429460 JavaThread "Sweeper thread" daemon [_thread_blocked, id=8792, stack(0x0000003648c00000,0x0000003648d00000)]
  0x0000018bd26217b0 JavaThread "C1 CompilerThread1" daemon [_thread_blocked, id=2080, stack(0x0000003648d00000,0x0000003648e00000)]
  0x0000018bd2621cc0 JavaThread "C1 CompilerThread2" daemon [_thread_blocked, id=11984, stack(0x0000003648e00000,0x0000003648f00000)]
  0x0000018bd26221d0 JavaThread "Notification Thread" daemon [_thread_blocked, id=19380, stack(0x0000003648f00000,0x0000003649000000)]
  0x0000018bd2622850 JavaThread "Common-Cleaner" daemon [_thread_blocked, id=17264, stack(0x0000003649100000,0x0000003649200000)]
  0x0000018bd2f0bea0 JavaThread "C1 CompilerThread3" daemon [_thread_blocked, id=11300, stack(0x0000003649200000,0x0000003649300000)]
  0x0000018bd4275510 JavaThread "boundedElastic-evictor-1" daemon [_thread_blocked, id=13276, stack(0x0000003649a00000,0x0000003649b00000)]
  0x0000018bd433ec80 JavaThread "ForkJoinPool.commonPool-worker-1" daemon [_thread_blocked, id=3412, stack(0x0000003649c00000,0x0000003649d00000)]
  0x0000018bd4582580 JavaThread "ClassGraph-worker-0" daemon [_thread_blocked, id=14116, stack(0x0000003649d00000,0x0000003649e00000)]
  0x0000018bd45543f0 JavaThread "ClassGraph-worker-1" daemon [_thread_blocked, id=20108, stack(0x0000003649e00000,0x0000003649f00000)]
  0x0000018bd45548c0 JavaThread "ClassGraph-worker-2" daemon [_thread_blocked, id=11200, stack(0x0000003649f00000,0x000000364a000000)]
  0x0000018bd4592c30 JavaThread "ClassGraph-worker-3" daemon [_thread_blocked, id=16756, stack(0x000000364a000000,0x000000364a100000)]
  0x0000018bd45a60e0 JavaThread "ClassGraph-worker-4" daemon [_thread_blocked, id=6688, stack(0x000000364a100000,0x000000364a200000)]
  0x0000018bd45a5b50 JavaThread "ClassGraph-worker-5" daemon [_thread_blocked, id=9464, stack(0x000000364a200000,0x000000364a300000)]
  0x0000018bd45d47e0 JavaThread "ClassGraph-worker-6" daemon [_thread_blocked, id=13532, stack(0x000000364a300000,0x000000364a400000)]
  0x0000018bd45d3970 JavaThread "ClassGraph-worker-7" daemon [_thread_blocked, id=4160, stack(0x000000364a400000,0x000000364a500000)]
  0x0000018bd45d5b20 JavaThread "ClassGraph-worker-8" daemon [_thread_blocked, id=17412, stack(0x000000364a500000,0x000000364a600000)]
  0x0000018bd45d34a0 JavaThread "ClassGraph-worker-9" daemon [_thread_blocked, id=4848, stack(0x000000364a600000,0x000000364a700000)]
  0x0000018bd45d2fd0 JavaThread "ClassGraph-worker-10" daemon [_thread_blocked, id=14184, stack(0x000000364a700000,0x000000364a800000)]
  0x0000018bd45d5ff0 JavaThread "ClassGraph-worker-11" daemon [_thread_blocked, id=17176, stack(0x000000364a800000,0x000000364a900000)]
  0x0000018bd45d5650 JavaThread "ClassGraph-worker-12" daemon [_thread_blocked, id=11352, stack(0x000000364a900000,0x000000364aa00000)]
  0x0000018bd45d2b00 JavaThread "ClassGraph-worker-13" daemon [_thread_blocked, id=9492, stack(0x000000364aa00000,0x000000364ab00000)]
  0x0000018bd45d4cb0 JavaThread "pool-9-thread-1" [_thread_blocked, id=17552, stack(0x000000364ab00000,0x000000364ac00000)]
  0x0000018bd45d3e40 JavaThread "LanguageServerApp-lifecycle" [_thread_blocked, id=7024, stack(0x000000364ac00000,0x000000364ad00000)]
  0x0000018bd45d5180 JavaThread "DestroyJavaVM" [_thread_blocked, id=20044, stack(0x0000003647e00000,0x0000003647f00000)]
  0x0000018bd45d2630 JavaThread "pool-10-thread-1" [_thread_in_native, id=16960, stack(0x000000364ad00000,0x000000364ae00000)]
  0x0000018bd45d4310 JavaThread "Simple-Language-Server main thread" daemon [_thread_blocked, id=2540, stack(0x000000364ae00000,0x000000364af00000)]
  0x0000018bd44c2120 JavaThread "pool-7-thread-1" [_thread_blocked, id=2804, stack(0x000000364af00000,0x000000364b000000)]
  0x0000018bd44c3e00 JavaThread "parallel-1" daemon [_thread_blocked, id=7616, stack(0x000000364b000000,0x000000364b100000)]
  0x0000018bd44c2f90 JavaThread "parallel-2" daemon [_thread_blocked, id=19580, stack(0x000000364b100000,0x000000364b200000)]
  0x0000018bd44c5140 JavaThread "parallel-3" daemon [_thread_blocked, id=14960, stack(0x000000364b200000,0x000000364b300000)]
  0x0000018bd44c25f0 JavaThread "parallel-4" daemon [_thread_blocked, id=8244, stack(0x000000364b300000,0x000000364b400000)]
  0x0000018bd44c2ac0 JavaThread "parallel-5" daemon [_thread_blocked, id=18592, stack(0x000000364b400000,0x000000364b500000)]
  0x0000018bd44c42d0 JavaThread "parallel-6" daemon [_thread_blocked, id=3728, stack(0x000000364b500000,0x000000364b600000)]
  0x0000018bd44c3460 JavaThread "parallel-7" daemon [_thread_blocked, id=2064, stack(0x000000364b600000,0x000000364b700000)]
  0x0000018bd44c4c70 JavaThread "parallel-8" daemon [_thread_blocked, id=252, stack(0x000000364b700000,0x000000364b800000)]
  0x0000018bd44c3930 JavaThread "pool-4-thread-1" [_thread_blocked, id=15124, stack(0x000000364b800000,0x000000364b900000)]
  0x0000018bd44c5ae0 JavaThread "Reconciler-1" daemon [_thread_blocked, id=144, stack(0x000000364b900000,0x000000364ba00000)]
  0x0000018bd44c47a0 JavaThread "pool-4-thread-2" [_thread_blocked, id=8312, stack(0x000000364bc00000,0x000000364bd00000)]

Other Threads:
=>0x0000018bd1a822a0 VMThread "VM Thread" [stack: 0x0000003648400000,0x0000003648500000] [id=8712]
  0x0000018bc4a4fa60 WatcherThread [stack: 0x0000003649000000,0x0000003649100000] [id=1256]
  0x0000018bc4a36070 GCTaskThread "GC Thread#0" [stack: 0x0000003647f00000,0x0000003648000000] [id=14372]
  0x0000018bd2e9d510 GCTaskThread "GC Thread#1" [stack: 0x0000003649300000,0x0000003649400000] [id=19176]
  0x0000018bd2fb3070 GCTaskThread "GC Thread#2" [stack: 0x0000003649400000,0x0000003649500000] [id=20368]
  0x0000018bd2f9a450 GCTaskThread "GC Thread#3" [stack: 0x0000003649500000,0x0000003649600000] [id=20236]
  0x0000018bd2f9a700 GCTaskThread "GC Thread#4" [stack: 0x0000003649600000,0x0000003649700000] [id=11144]
  0x0000018bd2fd9d30 GCTaskThread "GC Thread#5" [stack: 0x0000003649700000,0x0000003649800000] [id=13792]
  0x0000018bd2fc45a0 GCTaskThread "GC Thread#6" [stack: 0x0000003649800000,0x0000003649900000] [id=8608]
  0x0000018bd2fc4850 GCTaskThread "GC Thread#7" [stack: 0x0000003649900000,0x0000003649a00000] [id=10708]
  0x0000018bc4a462f0 ConcurrentGCThread "G1 Main Marker" [stack: 0x0000003648000000,0x0000003648100000] [id=17084]
  0x0000018bc4a483b0 ConcurrentGCThread "G1 Conc#0" [stack: 0x0000003648100000,0x0000003648200000] [id=18648]
  0x0000018bd3fa8fc0 ConcurrentGCThread "G1 Conc#1" [stack: 0x0000003649b00000,0x0000003649c00000] [id=15852]
  0x0000018bd18e44c0 ConcurrentGCThread "G1 Refine#0" [stack: 0x0000003648200000,0x0000003648300000] [id=16448]
  0x0000018bd2cb1fd0 ConcurrentGCThread "G1 Refine#1" [stack: 0x000000364ba00000,0x000000364bb00000] [id=10044]
  0x0000018bd2cf27b0 ConcurrentGCThread "G1 Refine#2" [stack: 0x000000364bb00000,0x000000364bc00000] [id=13512]
  0x0000018bd18e4b90 ConcurrentGCThread "G1 Service" [stack: 0x0000003648300000,0x0000003648400000] [id=19492]

Threads with active compile tasks:

VM state: at safepoint (normal execution)

VM Mutex/Monitor currently owned by a thread:  ([mutex/lock_event])
[0x0000018bc273c100] Threads_lock - owner thread: 0x0000018bd1a822a0
[0x0000018bc49d6c20] Heap_lock - owner thread: 0x0000018bd45a5b50

Heap address: 0x0000000085e00000, size: 1954 MB, Compressed Oops mode: 32-bit

CDS archive(s) not mapped
Compressed class space mapped at: 0x0000000100000000-0x0000000140000000, reserved size: 1073741824
Narrow klass base: 0x0000000000000000, Narrow klass shift: 3, Narrow klass range: 0x140000000

GC Precious Log:
 CPUs: 8 total, 8 available
 Memory: 7814M
 Large Page Support: Disabled
 NUMA Support: Disabled
 Compressed Oops: Enabled (32-bit)
 Heap Region Size: 1M
 Heap Min Capacity: 8M
 Heap Initial Capacity: 124M
 Heap Max Capacity: 1954M
 Pre-touch: Disabled
 Parallel Workers: 8
 Concurrent Workers: 2
 Concurrent Refinement Workers: 8
 Periodic GC: Disabled

Heap:
 garbage-first heap   total 161792K, used 72907K [0x0000000085e00000, 0x0000000100000000)
  region size 1024K, 4 young (4096K), 4 survivors (4096K)
 Metaspace       used 37245K, committed 37568K, reserved 1089536K
  class space    used 4819K, committed 4992K, reserved 1048576K

Heap Regions: E=young(eden), S=young(survivor), O=old, HS=humongous(starts), HC=humongous(continues), CS=collection set, F=free, OA=open archive, CA=closed archive, TAMS=top-at-mark-start (previous, next)
|   0|0x0000000085e00000, 0x0000000085f00000, 0x0000000085f00000|100%| O|  |TAMS 0x0000000085f00000, 0x0000000085e00000| Untracked 
|   1|0x0000000085f00000, 0x0000000086000000, 0x0000000086000000|100%| O|  |TAMS 0x0000000086000000, 0x0000000085f00000| Untracked 
|   2|0x0000000086000000, 0x0000000086100000, 0x0000000086100000|100%| O|  |TAMS 0x0000000086100000, 0x0000000086000000| Untracked 
|   3|0x0000000086100000, 0x0000000086200000, 0x0000000086200000|100%| O|  |TAMS 0x0000000086200000, 0x0000000086100000| Untracked 
|   4|0x0000000086200000, 0x0000000086300000, 0x0000000086300000|100%| O|  |TAMS 0x0000000086300000, 0x0000000086200000| Untracked 
|   5|0x0000000086300000, 0x0000000086400000, 0x0000000086400000|100%| O|  |TAMS 0x0000000086400000, 0x0000000086300000| Untracked 
|   6|0x0000000086400000, 0x0000000086500000, 0x0000000086500000|100%| O|  |TAMS 0x0000000086500000, 0x0000000086400000| Untracked 
|   7|0x0000000086500000, 0x0000000086600000, 0x0000000086600000|100%| O|  |TAMS 0x0000000086600000, 0x0000000086500000| Untracked 
|   8|0x0000000086600000, 0x0000000086700000, 0x0000000086700000|100%|HS|  |TAMS 0x0000000086600000, 0x0000000086600000| Complete 
|   9|0x0000000086700000, 0x0000000086800000, 0x0000000086800000|100%| O|  |TAMS 0x0000000086800000, 0x0000000086700000| Untracked 
|  10|0x0000000086800000, 0x0000000086900000, 0x0000000086900000|100%| O|  |TAMS 0x0000000086900000, 0x0000000086800000| Untracked 
|  11|0x0000000086900000, 0x0000000086a00000, 0x0000000086a00000|100%| O|  |TAMS 0x0000000086a00000, 0x0000000086900000| Untracked 
|  12|0x0000000086a00000, 0x0000000086b00000, 0x0000000086b00000|100%| O|  |TAMS 0x0000000086b00000, 0x0000000086a00000| Untracked 
|  13|0x0000000086b00000, 0x0000000086c00000, 0x0000000086c00000|100%| O|  |TAMS 0x0000000086c00000, 0x0000000086b00000| Untracked 
|  14|0x0000000086c00000, 0x0000000086d00000, 0x0000000086d00000|100%| O|  |TAMS 0x0000000086d00000, 0x0000000086c00000| Untracked 
|  15|0x0000000086d00000, 0x0000000086e00000, 0x0000000086e00000|100%| O|  |TAMS 0x0000000086e00000, 0x0000000086d00000| Untracked 
|  16|0x0000000086e00000, 0x0000000086f00000, 0x0000000086f00000|100%| O|  |TAMS 0x0000000086f00000, 0x0000000086e00000| Untracked 
|  17|0x0000000086f00000, 0x0000000087000000, 0x0000000087000000|100%| O|  |TAMS 0x0000000087000000, 0x0000000086f00000| Untracked 
|  18|0x0000000087000000, 0x0000000087100000, 0x0000000087100000|100%| O|  |TAMS 0x0000000087100000, 0x0000000087000000| Untracked 
|  19|0x0000000087100000, 0x0000000087200000, 0x0000000087200000|100%| O|  |TAMS 0x0000000087200000, 0x0000000087100000| Untracked 
|  20|0x0000000087200000, 0x0000000087300000, 0x0000000087300000|100%| O|  |TAMS 0x0000000087300000, 0x0000000087200000| Untracked 
|  21|0x0000000087300000, 0x0000000087400000, 0x0000000087400000|100%| O|  |TAMS 0x0000000087400000, 0x0000000087300000| Untracked 
|  22|0x0000000087400000, 0x0000000087500000, 0x0000000087500000|100%| O|  |TAMS 0x0000000087500000, 0x0000000087400000| Untracked 
|  23|0x0000000087500000, 0x0000000087600000, 0x0000000087600000|100%| O|  |TAMS 0x0000000087600000, 0x0000000087500000| Untracked 
|  24|0x0000000087600000, 0x0000000087700000, 0x0000000087700000|100%| O|  |TAMS 0x0000000087700000, 0x0000000087600000| Untracked 
|  25|0x0000000087700000, 0x0000000087800000, 0x0000000087800000|100%| O|  |TAMS 0x0000000087800000, 0x0000000087700000| Untracked 
|  26|0x0000000087800000, 0x0000000087900000, 0x0000000087900000|100%| O|  |TAMS 0x0000000087900000, 0x0000000087800000| Untracked 
|  27|0x0000000087900000, 0x0000000087a00000, 0x0000000087a00000|100%| O|  |TAMS 0x0000000087a00000, 0x0000000087900000| Untracked 
|  28|0x0000000087a00000, 0x0000000087b00000, 0x0000000087b00000|100%| O|  |TAMS 0x0000000087b00000, 0x0000000087a00000| Untracked 
|  29|0x0000000087b00000, 0x0000000087c00000, 0x0000000087c00000|100%| O|  |TAMS 0x0000000087c00000, 0x0000000087b00000| Untracked 
|  30|0x0000000087c00000, 0x0000000087d00000, 0x0000000087d00000|100%| O|  |TAMS 0x0000000087d00000, 0x0000000087c00000| Untracked 
|  31|0x0000000087d00000, 0x0000000087e00000, 0x0000000087e00000|100%| O|  |TAMS 0x0000000087e00000, 0x0000000087d00000| Untracked 
|  32|0x0000000087e00000, 0x0000000087f00000, 0x0000000087f00000|100%| O|  |TAMS 0x0000000087f00000, 0x0000000087e00000| Untracked 
|  33|0x0000000087f00000, 0x0000000088000000, 0x0000000088000000|100%| O|  |TAMS 0x0000000088000000, 0x0000000087f00000| Untracked 
|  34|0x0000000088000000, 0x0000000088100000, 0x0000000088100000|100%| O|  |TAMS 0x0000000088100000, 0x0000000088000000| Untracked 
|  35|0x0000000088100000, 0x0000000088200000, 0x0000000088200000|100%| O|  |TAMS 0x0000000088200000, 0x0000000088100000| Untracked 
|  36|0x0000000088200000, 0x0000000088300000, 0x0000000088300000|100%| O|  |TAMS 0x0000000088300000, 0x0000000088200000| Untracked 
|  37|0x0000000088300000, 0x0000000088400000, 0x0000000088400000|100%| O|  |TAMS 0x0000000088400000, 0x0000000088300000| Untracked 
|  38|0x0000000088400000, 0x0000000088500000, 0x0000000088500000|100%| O|  |TAMS 0x000000008846d400, 0x0000000088400000| Untracked 
|  39|0x0000000088500000, 0x0000000088600000, 0x0000000088600000|100%| O|  |TAMS 0x0000000088500000, 0x0000000088500000| Untracked 
|  40|0x0000000088600000, 0x0000000088700000, 0x0000000088700000|100%| O|  |TAMS 0x0000000088600000, 0x0000000088600000| Untracked 
|  41|0x0000000088700000, 0x0000000088800000, 0x0000000088800000|100%| O|  |TAMS 0x0000000088700000, 0x0000000088700000| Untracked 
|  42|0x0000000088800000, 0x0000000088900000, 0x0000000088900000|100%| O|  |TAMS 0x0000000088800000, 0x0000000088800000| Untracked 
|  43|0x0000000088900000, 0x0000000088a00000, 0x0000000088a00000|100%| O|  |TAMS 0x0000000088900000, 0x0000000088900000| Untracked 
|  44|0x0000000088a00000, 0x0000000088b00000, 0x0000000088b00000|100%| O|  |TAMS 0x0000000088a00000, 0x0000000088a00000| Untracked 
|  45|0x0000000088b00000, 0x0000000088c00000, 0x0000000088c00000|100%| O|  |TAMS 0x0000000088b00000, 0x0000000088b00000| Untracked 
|  46|0x0000000088c00000, 0x0000000088d00000, 0x0000000088d00000|100%| O|  |TAMS 0x0000000088c00000, 0x0000000088c00000| Untracked 
|  47|0x0000000088d00000, 0x0000000088e00000, 0x0000000088e00000|100%| O|  |TAMS 0x0000000088d00000, 0x0000000088d00000| Untracked 
|  48|0x0000000088e00000, 0x0000000088f00000, 0x0000000088f00000|100%|HS|  |TAMS 0x0000000088e00000, 0x0000000088e00000| Complete 
|  49|0x0000000088f00000, 0x0000000089000000, 0x0000000089000000|100%| O|  |TAMS 0x0000000088f00000, 0x0000000088f00000| Untracked 
|  50|0x0000000089000000, 0x0000000089100000, 0x0000000089100000|100%| O|  |TAMS 0x0000000089000000, 0x0000000089000000| Untracked 
|  51|0x0000000089100000, 0x0000000089200000, 0x0000000089200000|100%| O|  |TAMS 0x0000000089100000, 0x0000000089100000| Untracked 
|  52|0x0000000089200000, 0x0000000089300000, 0x0000000089300000|100%| O|  |TAMS 0x0000000089200000, 0x0000000089200000| Untracked 
|  53|0x0000000089300000, 0x0000000089400000, 0x0000000089400000|100%| O|  |TAMS 0x0000000089300000, 0x0000000089300000| Untracked 
|  54|0x0000000089400000, 0x0000000089500000, 0x0000000089500000|100%| O|  |TAMS 0x0000000089400000, 0x0000000089400000| Untracked 
|  55|0x0000000089500000, 0x0000000089600000, 0x0000000089600000|100%| O|  |TAMS 0x0000000089500000, 0x0000000089500000| Untracked 
|  56|0x0000000089600000, 0x0000000089700000, 0x0000000089700000|100%| O|  |TAMS 0x0000000089600000, 0x0000000089600000| Untracked 
|  57|0x0000000089700000, 0x0000000089800000, 0x0000000089800000|100%| O|  |TAMS 0x0000000089700000, 0x0000000089700000| Untracked 
|  58|0x0000000089800000, 0x0000000089900000, 0x0000000089900000|100%| O|  |TAMS 0x0000000089800000, 0x0000000089800000| Untracked 
|  59|0x0000000089900000, 0x0000000089a00000, 0x0000000089a00000|100%| O|  |TAMS 0x0000000089900000, 0x0000000089900000| Untracked 
|  60|0x0000000089a00000, 0x0000000089b00000, 0x0000000089b00000|100%| O|  |TAMS 0x0000000089a00000, 0x0000000089a00000| Untracked 
|  61|0x0000000089b00000, 0x0000000089c00000, 0x0000000089c00000|100%| O|  |TAMS 0x0000000089b00000, 0x0000000089b00000| Untracked 
|  62|0x0000000089c00000, 0x0000000089d00000, 0x0000000089d00000|100%| O|  |TAMS 0x0000000089c00000, 0x0000000089c00000| Untracked 
|  63|0x0000000089d00000, 0x0000000089e00000, 0x0000000089e00000|100%| O|  |TAMS 0x0000000089d00000, 0x0000000089d00000| Untracked 
|  64|0x0000000089e00000, 0x0000000089f00000, 0x0000000089f00000|100%| O|  |TAMS 0x0000000089e00000, 0x0000000089e00000| Untracked 
|  65|0x0000000089f00000, 0x000000008a000000, 0x000000008a000000|100%| O|  |TAMS 0x0000000089f00000, 0x0000000089f00000| Untracked 
|  66|0x000000008a000000, 0x000000008a100000, 0x000000008a100000|100%| O|  |TAMS 0x000000008a000000, 0x000000008a000000| Untracked 
|  67|0x000000008a100000, 0x000000008a144600, 0x000000008a200000| 26%| O|  |TAMS 0x000000008a100000, 0x000000008a100000| Untracked 
|  68|0x000000008a200000, 0x000000008a200000, 0x000000008a300000|  0%| F|  |TAMS 0x000000008a200000, 0x000000008a200000| Untracked 
|  69|0x000000008a300000, 0x000000008a300000, 0x000000008a400000|  0%| F|  |TAMS 0x000000008a300000, 0x000000008a300000| Untracked 
|  70|0x000000008a400000, 0x000000008a400000, 0x000000008a500000|  0%| F|  |TAMS 0x000000008a400000, 0x000000008a400000| Untracked 
|  71|0x000000008a500000, 0x000000008a500000, 0x000000008a600000|  0%| F|  |TAMS 0x000000008a500000, 0x000000008a500000| Untracked 
|  72|0x000000008a600000, 0x000000008a600000, 0x000000008a700000|  0%| F|  |TAMS 0x000000008a600000, 0x000000008a600000| Untracked 
|  73|0x000000008a700000, 0x000000008a700000, 0x000000008a800000|  0%| F|  |TAMS 0x000000008a700000, 0x000000008a700000| Untracked 
|  74|0x000000008a800000, 0x000000008a800000, 0x000000008a900000|  0%| F|  |TAMS 0x000000008a800000, 0x000000008a800000| Untracked 
|  75|0x000000008a900000, 0x000000008a900000, 0x000000008aa00000|  0%| F|  |TAMS 0x000000008a900000, 0x000000008a900000| Untracked 
|  76|0x000000008aa00000, 0x000000008aa00000, 0x000000008ab00000|  0%| F|  |TAMS 0x000000008aa00000, 0x000000008aa00000| Untracked 
|  77|0x000000008ab00000, 0x000000008ab00000, 0x000000008ac00000|  0%| F|  |TAMS 0x000000008ab00000, 0x000000008ab00000| Untracked 
|  78|0x000000008ac00000, 0x000000008ac00000, 0x000000008ad00000|  0%| F|  |TAMS 0x000000008ac00000, 0x000000008ac00000| Untracked 
|  79|0x000000008ad00000, 0x000000008ad00000, 0x000000008ae00000|  0%| F|  |TAMS 0x000000008ad00000, 0x000000008ad00000| Untracked 
|  80|0x000000008ae00000, 0x000000008ae00000, 0x000000008af00000|  0%| F|  |TAMS 0x000000008ae00000, 0x000000008ae00000| Untracked 
|  81|0x000000008af00000, 0x000000008af00000, 0x000000008b000000|  0%| F|  |TAMS 0x000000008af00000, 0x000000008af00000| Untracked 
|  82|0x000000008b000000, 0x000000008b000000, 0x000000008b100000|  0%| F|  |TAMS 0x000000008b000000, 0x000000008b000000| Untracked 
|  83|0x000000008b100000, 0x000000008b100000, 0x000000008b200000|  0%| F|  |TAMS 0x000000008b100000, 0x000000008b100000| Untracked 
|  84|0x000000008b200000, 0x000000008b200000, 0x000000008b300000|  0%| F|  |TAMS 0x000000008b200000, 0x000000008b200000| Untracked 
|  85|0x000000008b300000, 0x000000008b300000, 0x000000008b400000|  0%| F|  |TAMS 0x000000008b300000, 0x000000008b300000| Untracked 
|  86|0x000000008b400000, 0x000000008b400000, 0x000000008b500000|  0%| F|  |TAMS 0x000000008b400000, 0x000000008b400000| Untracked 
|  87|0x000000008b500000, 0x000000008b500000, 0x000000008b600000|  0%| F|  |TAMS 0x000000008b500000, 0x000000008b500000| Untracked 
|  88|0x000000008b600000, 0x000000008b600000, 0x000000008b700000|  0%| F|  |TAMS 0x000000008b600000, 0x000000008b600000| Untracked 
|  89|0x000000008b700000, 0x000000008b700000, 0x000000008b800000|  0%| F|  |TAMS 0x000000008b700000, 0x000000008b700000| Untracked 
|  90|0x000000008b800000, 0x000000008b800000, 0x000000008b900000|  0%| F|  |TAMS 0x000000008b800000, 0x000000008b800000| Untracked 
|  91|0x000000008b900000, 0x000000008b900000, 0x000000008ba00000|  0%| F|  |TAMS 0x000000008b900000, 0x000000008b900000| Untracked 
|  92|0x000000008ba00000, 0x000000008ba00000, 0x000000008bb00000|  0%| F|  |TAMS 0x000000008ba00000, 0x000000008ba00000| Untracked 
|  93|0x000000008bb00000, 0x000000008bb00000, 0x000000008bc00000|  0%| F|  |TAMS 0x000000008bb00000, 0x000000008bb00000| Untracked 
|  94|0x000000008bc00000, 0x000000008bc00000, 0x000000008bd00000|  0%| F|  |TAMS 0x000000008bc00000, 0x000000008bc00000| Untracked 
|  95|0x000000008bd00000, 0x000000008bd00000, 0x000000008be00000|  0%| F|  |TAMS 0x000000008bd00000, 0x000000008bd00000| Untracked 
|  96|0x000000008be00000, 0x000000008be00000, 0x000000008bf00000|  0%| F|  |TAMS 0x000000008be00000, 0x000000008be00000| Untracked 
|  97|0x000000008bf00000, 0x000000008bf00000, 0x000000008c000000|  0%| F|  |TAMS 0x000000008bf00000, 0x000000008bf00000| Untracked 
|  98|0x000000008c000000, 0x000000008c000000, 0x000000008c100000|  0%| F|  |TAMS 0x000000008c000000, 0x000000008c000000| Untracked 
|  99|0x000000008c100000, 0x000000008c100000, 0x000000008c200000|  0%| F|  |TAMS 0x000000008c100000, 0x000000008c100000| Untracked 
| 100|0x000000008c200000, 0x000000008c200000, 0x000000008c300000|  0%| F|  |TAMS 0x000000008c200000, 0x000000008c200000| Untracked 
| 101|0x000000008c300000, 0x000000008c300000, 0x000000008c400000|  0%| F|  |TAMS 0x000000008c300000, 0x000000008c300000| Untracked 
| 102|0x000000008c400000, 0x000000008c4ee8a8, 0x000000008c500000| 93%| S|CS|TAMS 0x000000008c400000, 0x000000008c400000| Complete 
| 103|0x000000008c500000, 0x000000008c600000, 0x000000008c600000|100%| S|CS|TAMS 0x000000008c500000, 0x000000008c500000| Complete 
| 104|0x000000008c600000, 0x000000008c700000, 0x000000008c700000|100%| S|CS|TAMS 0x000000008c600000, 0x000000008c600000| Complete 
| 105|0x000000008c700000, 0x000000008c800000, 0x000000008c800000|100%| S|CS|TAMS 0x000000008c700000, 0x000000008c700000| Complete 
| 106|0x000000008c800000, 0x000000008c800000, 0x000000008c900000|  0%| F|  |TAMS 0x000000008c800000, 0x000000008c800000| Untracked 
| 107|0x000000008c900000, 0x000000008c900000, 0x000000008ca00000|  0%| F|  |TAMS 0x000000008c900000, 0x000000008c900000| Untracked 
| 108|0x000000008ca00000, 0x000000008ca00000, 0x000000008cb00000|  0%| F|  |TAMS 0x000000008ca00000, 0x000000008ca00000| Untracked 
| 109|0x000000008cb00000, 0x000000008cb00000, 0x000000008cc00000|  0%| F|  |TAMS 0x000000008cb00000, 0x000000008cb00000| Untracked 
| 110|0x000000008cc00000, 0x000000008cc00000, 0x000000008cd00000|  0%| F|  |TAMS 0x000000008cc00000, 0x000000008cc00000| Untracked 
| 111|0x000000008cd00000, 0x000000008cd00000, 0x000000008ce00000|  0%| F|  |TAMS 0x000000008cd00000, 0x000000008cd00000| Untracked 
| 112|0x000000008ce00000, 0x000000008ce00000, 0x000000008cf00000|  0%| F|  |TAMS 0x000000008ce00000, 0x000000008ce00000| Untracked 
| 113|0x000000008cf00000, 0x000000008cf00000, 0x000000008d000000|  0%| F|  |TAMS 0x000000008cf00000, 0x000000008cf00000| Untracked 
| 114|0x000000008d000000, 0x000000008d000000, 0x000000008d100000|  0%| F|  |TAMS 0x000000008d000000, 0x000000008d000000| Untracked 
| 115|0x000000008d100000, 0x000000008d100000, 0x000000008d200000|  0%| F|  |TAMS 0x000000008d100000, 0x000000008d100000| Untracked 
| 116|0x000000008d200000, 0x000000008d200000, 0x000000008d300000|  0%| F|  |TAMS 0x000000008d200000, 0x000000008d200000| Untracked 
| 117|0x000000008d300000, 0x000000008d300000, 0x000000008d400000|  0%| F|  |TAMS 0x000000008d300000, 0x000000008d300000| Untracked 
| 118|0x000000008d400000, 0x000000008d400000, 0x000000008d500000|  0%| F|  |TAMS 0x000000008d400000, 0x000000008d400000| Untracked 
| 119|0x000000008d500000, 0x000000008d500000, 0x000000008d600000|  0%| F|  |TAMS 0x000000008d500000, 0x000000008d500000| Untracked 
| 120|0x000000008d600000, 0x000000008d600000, 0x000000008d700000|  0%| F|  |TAMS 0x000000008d600000, 0x000000008d600000| Untracked 
| 121|0x000000008d700000, 0x000000008d700000, 0x000000008d800000|  0%| F|  |TAMS 0x000000008d700000, 0x000000008d700000| Untracked 
| 122|0x000000008d800000, 0x000000008d800000, 0x000000008d900000|  0%| F|  |TAMS 0x000000008d800000, 0x000000008d800000| Untracked 
| 123|0x000000008d900000, 0x000000008d900000, 0x000000008da00000|  0%| F|  |TAMS 0x000000008d900000, 0x000000008d900000| Untracked 
| 124|0x000000008da00000, 0x000000008da00000, 0x000000008db00000|  0%| F|  |TAMS 0x000000008da00000, 0x000000008da00000| Untracked 
| 125|0x000000008db00000, 0x000000008db00000, 0x000000008dc00000|  0%| F|  |TAMS 0x000000008db00000, 0x000000008db00000| Untracked 
| 126|0x000000008dc00000, 0x000000008dc00000, 0x000000008dd00000|  0%| F|  |TAMS 0x000000008dc00000, 0x000000008dc00000| Untracked 
| 127|0x000000008dd00000, 0x000000008dd00000, 0x000000008de00000|  0%| F|  |TAMS 0x000000008dd00000, 0x000000008dd00000| Untracked 
| 128|0x000000008de00000, 0x000000008de00000, 0x000000008df00000|  0%| F|  |TAMS 0x000000008de00000, 0x000000008de00000| Untracked 
| 129|0x000000008df00000, 0x000000008df00000, 0x000000008e000000|  0%| F|  |TAMS 0x000000008df00000, 0x000000008df00000| Untracked 
| 130|0x000000008e000000, 0x000000008e000000, 0x000000008e100000|  0%| F|  |TAMS 0x000000008e000000, 0x000000008e000000| Untracked 
| 131|0x000000008e100000, 0x000000008e100000, 0x000000008e200000|  0%| F|  |TAMS 0x000000008e100000, 0x000000008e100000| Untracked 
| 132|0x000000008e200000, 0x000000008e200000, 0x000000008e300000|  0%| F|  |TAMS 0x000000008e200000, 0x000000008e200000| Untracked 
| 133|0x000000008e300000, 0x000000008e300000, 0x000000008e400000|  0%| F|  |TAMS 0x000000008e300000, 0x000000008e300000| Untracked 
| 134|0x000000008e400000, 0x000000008e400000, 0x000000008e500000|  0%| F|  |TAMS 0x000000008e400000, 0x000000008e400000| Untracked 
| 135|0x000000008e500000, 0x000000008e500000, 0x000000008e600000|  0%| F|  |TAMS 0x000000008e500000, 0x000000008e500000| Untracked 
| 136|0x000000008e600000, 0x000000008e600000, 0x000000008e700000|  0%| F|  |TAMS 0x000000008e600000, 0x000000008e600000| Untracked 
| 137|0x000000008e700000, 0x000000008e700000, 0x000000008e800000|  0%| F|  |TAMS 0x000000008e700000, 0x000000008e700000| Untracked 
| 138|0x000000008e800000, 0x000000008e800000, 0x000000008e900000|  0%| F|  |TAMS 0x000000008e800000, 0x000000008e800000| Untracked 
| 139|0x000000008e900000, 0x000000008e900000, 0x000000008ea00000|  0%| F|  |TAMS 0x000000008e900000, 0x000000008e900000| Untracked 
| 140|0x000000008ea00000, 0x000000008ea00000, 0x000000008eb00000|  0%| F|  |TAMS 0x000000008ea00000, 0x000000008ea00000| Untracked 
| 141|0x000000008eb00000, 0x000000008eb00000, 0x000000008ec00000|  0%| F|  |TAMS 0x000000008eb00000, 0x000000008eb00000| Untracked 
| 142|0x000000008ec00000, 0x000000008ec00000, 0x000000008ed00000|  0%| F|  |TAMS 0x000000008ec00000, 0x000000008ec00000| Untracked 
| 143|0x000000008ed00000, 0x000000008ed00000, 0x000000008ee00000|  0%| F|  |TAMS 0x000000008ed00000, 0x000000008ed00000| Untracked 
| 144|0x000000008ee00000, 0x000000008ee00000, 0x000000008ef00000|  0%| F|  |TAMS 0x000000008ee00000, 0x000000008ee00000| Untracked 
| 145|0x000000008ef00000, 0x000000008ef00000, 0x000000008f000000|  0%| F|  |TAMS 0x000000008ef00000, 0x000000008ef00000| Untracked 
| 146|0x000000008f000000, 0x000000008f000000, 0x000000008f100000|  0%| F|  |TAMS 0x000000008f000000, 0x000000008f000000| Untracked 
| 147|0x000000008f100000, 0x000000008f100000, 0x000000008f200000|  0%| F|  |TAMS 0x000000008f100000, 0x000000008f100000| Untracked 
| 148|0x000000008f200000, 0x000000008f200000, 0x000000008f300000|  0%| F|  |TAMS 0x000000008f200000, 0x000000008f200000| Untracked 
| 149|0x000000008f300000, 0x000000008f300000, 0x000000008f400000|  0%| F|  |TAMS 0x000000008f300000, 0x000000008f300000| Untracked 
| 150|0x000000008f400000, 0x000000008f400000, 0x000000008f500000|  0%| F|  |TAMS 0x000000008f400000, 0x000000008f400000| Untracked 
| 151|0x000000008f500000, 0x000000008f500000, 0x000000008f600000|  0%| F|  |TAMS 0x000000008f500000, 0x000000008f500000| Untracked 
| 152|0x000000008f600000, 0x000000008f600000, 0x000000008f700000|  0%| F|  |TAMS 0x000000008f600000, 0x000000008f600000| Untracked 
| 153|0x000000008f700000, 0x000000008f700000, 0x000000008f800000|  0%| F|  |TAMS 0x000000008f700000, 0x000000008f700000| Untracked 
| 154|0x000000008f800000, 0x000000008f800000, 0x000000008f900000|  0%| F|  |TAMS 0x000000008f800000, 0x000000008f800000| Untracked 
| 155|0x000000008f900000, 0x000000008f900000, 0x000000008fa00000|  0%| F|  |TAMS 0x000000008f900000, 0x000000008f900000| Untracked 
| 156|0x000000008fa00000, 0x000000008fa00000, 0x000000008fb00000|  0%| F|  |TAMS 0x000000008fa00000, 0x000000008fa00000| Untracked 
| 157|0x000000008fb00000, 0x000000008fb00000, 0x000000008fc00000|  0%| F|  |TAMS 0x000000008fb00000, 0x000000008fb00000| Untracked 

Card table byte_map: [0x0000018bcab50000,0x0000018bcaf30000] _byte_map_base: 0x0000018bca721000

Marking Bits (Prev, Next): (CMBitMap*) 0x0000018bc4a36580, (CMBitMap*) 0x0000018bc4a365c0
 Prev Bits: [0x0000018bcb310000, 0x0000018bcd198000)
 Next Bits: [0x0000018bcd1a0000, 0x0000018bcf028000)

Polling page: 0x0000018bc2900000

Metaspace:

Usage:
  Non-class:     31.67 MB used.
      Class:      4.71 MB used.
       Both:     36.37 MB used.

Virtual space:
  Non-class space:       40.00 MB reserved,      31.81 MB ( 80%) committed,  5 nodes.
      Class space:        1.00 GB reserved,       4.88 MB ( <1%) committed,  1 nodes.
             Both:        1.04 GB reserved,      36.69 MB (  3%) committed. 

Chunk freelists:
   Non-Class:  3.77 MB
       Class:  2.98 MB
        Both:  6.75 MB

MaxMetaspaceSize: unlimited
CompressedClassSpaceSize: 1.00 GB
Initial GC threshold: 21.00 MB
Current GC threshold: 58.25 MB
CDS: off
MetaspaceReclaimPolicy: balanced
 - commit_granule_bytes: 65536.
 - commit_granule_words: 8192.
 - virtual_space_node_default_size: 1048576.
 - enlarge_chunks_in_place: 1.
 - new_chunks_are_fully_committed: 0.
 - uncommit_free_chunks: 1.
 - use_allocation_guard: 0.
 - handle_deallocations: 1.


Internal statistics:

num_allocs_failed_limit: 5.
num_arena_births: 342.
num_arena_deaths: 0.
num_vsnodes_births: 6.
num_vsnodes_deaths: 0.
num_space_committed: 587.
num_space_uncommitted: 0.
num_chunks_returned_to_freelist: 5.
num_chunks_taken_from_freelist: 1415.
num_chunk_merges: 5.
num_chunk_splits: 978.
num_chunks_enlarged: 763.
num_purges: 0.
num_inconsistent_stats: 0.

CodeCache: size=49152Kb used=9293Kb max_used=9293Kb free=39858Kb
 bounds [0x0000018bc7660000, 0x0000018bc7f80000, 0x0000018bca660000]
 total_blobs=4402 nmethods=3875 adapters=451
 compilation: enabled
              stopped_count=0, restarted_count=0
 full_count=0

Compilation events (20 events):
Event: 5.816 Thread 0x0000018bd26217b0 nmethod 3867 0x0000018bc7f6c510 code [0x0000018bc7f6c700, 0x0000018bc7f6cb38]
Event: 5.816 Thread 0x0000018bd26217b0 3868       1       jdk.internal.module.SystemModuleFinders$SystemModuleReader::release (10 bytes)
Event: 5.816 Thread 0x0000018bd2621cc0 nmethod 3870 0x0000018bc7f6ce10 code [0x0000018bc7f6d020, 0x0000018bc7f6d548]
Event: 5.817 Thread 0x0000018bd2621cc0 3856       1       jdk.internal.jimage.ImageReader::releaseByteBuffer (5 bytes)
Event: 5.817 Thread 0x0000018bd26217b0 nmethod 3868 0x0000018bc7f6d790 code [0x0000018bc7f6d940, 0x0000018bc7f6db38]
Event: 5.817 Thread 0x0000018bd26217b0 3857       1       jdk.internal.jimage.BasicImageReader::releaseByteBuffer (16 bytes)
Event: 5.817 Thread 0x0000018bd2428b60 nmethod 3871 0x0000018bc7f6dc90 code [0x0000018bc7f6dea0, 0x0000018bc7f6e468]
Event: 5.818 Thread 0x0000018bd2428b60 3845       1       io.github.classgraph.ClasspathElementModule$1$1::<init> (16 bytes)
Event: 5.836 Thread 0x0000018bd2621cc0 nmethod 3856 0x0000018bc7f6e790 code [0x0000018bc7f6e920, 0x0000018bc7f6ea68]
Event: 5.836 Thread 0x0000018bd26217b0 nmethod 3857 0x0000018bc7f6eb10 code [0x0000018bc7f6eca0, 0x0000018bc7f6ede8]
Event: 5.836 Thread 0x0000018bd26217b0 3847   !   1       jdk.internal.misc.ScopedMemoryAccess::getLongUnaligned (22 bytes)
Event: 5.845 Thread 0x0000018bd2f0bea0 nmethod 3872 0x0000018bc7f6ee90 code [0x0000018bc7f6f300, 0x0000018bc7f70208]
Event: 5.846 Thread 0x0000018bd2428b60 nmethod 3845 0x0000018bc7f70d90 code [0x0000018bc7f70f20, 0x0000018bc7f710f8]
Event: 5.862 Thread 0x0000018bd26217b0 nmethod 3847 0x0000018bc7f71190 code [0x0000018bc7f71340, 0x0000018bc7f71588]
Event: 5.883 Thread 0x0000018bd2428b60 3873  s!   1       jdk.internal.loader.URLClassPath::getLoader (196 bytes)
Event: 5.895 Thread 0x0000018bd2428b60 nmethod 3873 0x0000018bc7f71790 code [0x0000018bc7f71a40, 0x0000018bc7f72458]
Event: 5.899 Thread 0x0000018bd2428b60 3874       1       java.util.concurrent.ConcurrentHashMap::resizeStamp (9 bytes)
Event: 5.899 Thread 0x0000018bd2428b60 nmethod 3874 0x0000018bc7f72d90 code [0x0000018bc7f72f20, 0x0000018bc7f72fe8]
Event: 5.899 Thread 0x0000018bd26217b0 3875       1       java.util.concurrent.ConcurrentHashMap::helpTransfer (123 bytes)
Event: 5.901 Thread 0x0000018bd26217b0 nmethod 3875 0x0000018bc7f73090 code [0x0000018bc7f73240, 0x0000018bc7f734b8]

GC Heap History (20 events):
Event: 4.804 GC heap after
{Heap after GC invocations=10 (full 0):
 garbage-first heap   total 58368K, used 27764K [0x0000000085e00000, 0x0000000100000000)
  region size 1024K, 3 young (3072K), 3 survivors (3072K)
 Metaspace       used 33713K, committed 34048K, reserved 1081344K
  class space    used 4295K, committed 4480K, reserved 1048576K
}
Event: 4.883 GC heap before
{Heap before GC invocations=10 (full 0):
 garbage-first heap   total 58368K, used 42100K [0x0000000085e00000, 0x0000000100000000)
  region size 1024K, 17 young (17408K), 3 survivors (3072K)
 Metaspace       used 33941K, committed 34240K, reserved 1081344K
  class space    used 4330K, committed 4480K, reserved 1048576K
}
Event: 4.890 GC heap after
{Heap after GC invocations=11 (full 0):
 garbage-first heap   total 84992K, used 30439K [0x0000000085e00000, 0x0000000100000000)
  region size 1024K, 3 young (3072K), 3 survivors (3072K)
 Metaspace       used 33941K, committed 34240K, reserved 1081344K
  class space    used 4330K, committed 4480K, reserved 1048576K
}
Event: 5.039 GC heap before
{Heap before GC invocations=11 (full 0):
 garbage-first heap   total 84992K, used 59111K [0x0000000085e00000, 0x0000000100000000)
  region size 1024K, 31 young (31744K), 3 survivors (3072K)
 Metaspace       used 34444K, committed 34816K, reserved 1081344K
  class space    used 4399K, committed 4608K, reserved 1048576K
}
Event: 5.047 GC heap after
{Heap after GC invocations=12 (full 0):
 garbage-first heap   total 84992K, used 35222K [0x0000000085e00000, 0x0000000100000000)
  region size 1024K, 4 young (4096K), 4 survivors (4096K)
 Metaspace       used 34444K, committed 34816K, reserved 1081344K
  class space    used 4399K, committed 4608K, reserved 1048576K
}
Event: 5.147 GC heap before
{Heap before GC invocations=12 (full 0):
 garbage-first heap   total 84992K, used 59798K [0x0000000085e00000, 0x0000000100000000)
  region size 1024K, 28 young (28672K), 4 survivors (4096K)
 Metaspace       used 34662K, committed 35008K, reserved 1081344K
  class space    used 4430K, committed 4608K, reserved 1048576K
}
Event: 5.158 GC heap after
{Heap after GC invocations=13 (full 0):
 garbage-first heap   total 84992K, used 42610K [0x0000000085e00000, 0x0000000100000000)
  region size 1024K, 4 young (4096K), 4 survivors (4096K)
 Metaspace       used 34662K, committed 35008K, reserved 1081344K
  class space    used 4430K, committed 4608K, reserved 1048576K
}
Event: 5.260 GC heap before
{Heap before GC invocations=13 (full 0):
 garbage-first heap   total 84992K, used 62066K [0x0000000085e00000, 0x0000000100000000)
  region size 1024K, 23 young (23552K), 4 survivors (4096K)
 Metaspace       used 35055K, committed 35456K, reserved 1081344K
  class space    used 4492K, committed 4672K, reserved 1048576K
}
Event: 5.270 GC heap after
{Heap after GC invocations=14 (full 0):
 garbage-first heap   total 84992K, used 47438K [0x0000000085e00000, 0x0000000100000000)
  region size 1024K, 3 young (3072K), 3 survivors (3072K)
 Metaspace       used 35055K, committed 35456K, reserved 1081344K
  class space    used 4492K, committed 4672K, reserved 1048576K
}
Event: 5.557 GC heap before
{Heap before GC invocations=15 (full 0):
 garbage-first heap   total 91136K, used 62798K [0x0000000085e00000, 0x0000000100000000)
  region size 1024K, 19 young (19456K), 3 survivors (3072K)
 Metaspace       used 36294K, committed 36672K, reserved 1081344K
  class space    used 4743K, committed 4928K, reserved 1048576K
}
Event: 5.564 GC heap after
{Heap after GC invocations=16 (full 0):
 garbage-first heap   total 91136K, used 50634K [0x0000000085e00000, 0x0000000100000000)
  region size 1024K, 3 young (3072K), 3 survivors (3072K)
 Metaspace       used 36294K, committed 36672K, reserved 1081344K
  class space    used 4743K, committed 4928K, reserved 1048576K
}
Event: 5.575 GC heap before
{Heap before GC invocations=16 (full 0):
 garbage-first heap   total 91136K, used 52682K [0x0000000085e00000, 0x0000000100000000)
  region size 1024K, 4 young (4096K), 3 survivors (3072K)
 Metaspace       used 36410K, committed 36736K, reserved 1081344K
  class space    used 4749K, committed 4928K, reserved 1048576K
}
Event: 5.581 GC heap after
{Heap after GC invocations=17 (full 0):
 garbage-first heap   total 161792K, used 52172K [0x0000000085e00000, 0x0000000100000000)
  region size 1024K, 1 young (1024K), 1 survivors (1024K)
 Metaspace       used 36410K, committed 36736K, reserved 1081344K
  class space    used 4749K, committed 4928K, reserved 1048576K
}
Event: 5.774 GC heap before
{Heap before GC invocations=17 (full 0):
 garbage-first heap   total 161792K, used 111564K [0x0000000085e00000, 0x0000000100000000)
  region size 1024K, 59 young (60416K), 1 survivors (1024K)
 Metaspace       used 37094K, committed 37440K, reserved 1089536K
  class space    used 4799K, committed 4992K, reserved 1048576K
}
Event: 5.815 GC heap after
{Heap after GC invocations=18 (full 0):
 garbage-first heap   total 161792K, used 66560K [0x0000000085e00000, 0x0000000100000000)
  region size 1024K, 8 young (8192K), 8 survivors (8192K)
 Metaspace       used 37094K, committed 37440K, reserved 1089536K
  class space    used 4799K, committed 4992K, reserved 1048576K
}
Event: 5.837 GC heap before
{Heap before GC invocations=18 (full 0):
 garbage-first heap   total 161792K, used 108544K [0x0000000085e00000, 0x0000000100000000)
  region size 1024K, 50 young (51200K), 8 survivors (8192K)
 Metaspace       used 37116K, committed 37440K, reserved 1089536K
  class space    used 4802K, committed 4992K, reserved 1048576K
}
Event: 5.845 GC heap after
{Heap after GC invocations=19 (full 0):
 garbage-first heap   total 161792K, used 69439K [0x0000000085e00000, 0x0000000100000000)
  region size 1024K, 3 young (3072K), 3 survivors (3072K)
 Metaspace       used 37116K, committed 37440K, reserved 1089536K
  class space    used 4802K, committed 4992K, reserved 1048576K
}
Event: 5.869 GC heap before
{Heap before GC invocations=19 (full 0):
 garbage-first heap   total 161792K, used 112447K [0x0000000085e00000, 0x0000000100000000)
  region size 1024K, 46 young (47104K), 3 survivors (3072K)
 Metaspace       used 37142K, committed 37504K, reserved 1089536K
  class space    used 4807K, committed 4992K, reserved 1048576K
}
Event: 5.874 GC heap after
{Heap after GC invocations=20 (full 0):
 garbage-first heap   total 161792K, used 70942K [0x0000000085e00000, 0x0000000100000000)
  region size 1024K, 4 young (4096K), 4 survivors (4096K)
 Metaspace       used 37142K, committed 37504K, reserved 1089536K
  class space    used 4807K, committed 4992K, reserved 1048576K
}
Event: 5.902 GC heap before
{Heap before GC invocations=20 (full 0):
 garbage-first heap   total 161792K, used 119070K [0x0000000085e00000, 0x0000000100000000)
  region size 1024K, 52 young (53248K), 4 survivors (4096K)
 Metaspace       used 37245K, committed 37568K, reserved 1089536K
  class space    used 4819K, committed 4992K, reserved 1048576K
}

Deoptimization events (12 events):
Event: 2.514 Thread 0x0000018bc49daa20 DEOPT PACKING pc=0x0000018bc7bb3219 sp=0x0000003647efd790
Event: 2.514 Thread 0x0000018bc49daa20 DEOPT UNPACKING pc=0x0000018bc76b2b43 sp=0x0000003647efcc70 mode 3
Event: 4.451 Thread 0x0000018bc49daa20 DEOPT PACKING pc=0x0000018bc7d2bc99 sp=0x0000003647efcb70
Event: 4.451 Thread 0x0000018bc49daa20 DEOPT UNPACKING pc=0x0000018bc76b2b43 sp=0x0000003647efc050 mode 3
Event: 4.508 Thread 0x0000018bd433ec80 DEOPT PACKING pc=0x0000018bc7d7ccab sp=0x0000003649cfe590
Event: 4.508 Thread 0x0000018bd433ec80 DEOPT UNPACKING pc=0x0000018bc76b2b43 sp=0x0000003649cfdad8 mode 3
Event: 4.738 Thread 0x0000018bd45d2fd0 DEOPT PACKING pc=0x0000018bc7bb0601 sp=0x000000364a7ff0b0
Event: 4.739 Thread 0x0000018bd45d2fd0 DEOPT UNPACKING pc=0x0000018bc76b2b43 sp=0x000000364a7fe540 mode 3
Event: 5.097 Thread 0x0000018bd45d2b00 DEOPT PACKING pc=0x0000018bc7bacf97 sp=0x000000364aaff1a0
Event: 5.097 Thread 0x0000018bd45d2b00 DEOPT UNPACKING pc=0x0000018bc76b2b43 sp=0x000000364aafe5f8 mode 3
Event: 5.240 Thread 0x0000018bd45d4310 DEOPT PACKING pc=0x0000018bc7ee52b5 sp=0x000000364aefd550
Event: 5.240 Thread 0x0000018bd45d4310 DEOPT UNPACKING pc=0x0000018bc76b2b43 sp=0x000000364aefca68 mode 3

Classes unloaded (0 events):
No events

Classes redefined (0 events):
No events

Internal exceptions (20 events):
Event: 4.534 Thread 0x0000018bd45543f0 Exception <a 'sun/nio/fs/WindowsException'{0x0000000088c52458}> (0x0000000088c52458) 
thrown [s\src\hotspot\share\prims\jni.cpp, line 516]
Event: 4.534 Thread 0x0000018bd45543f0 Exception <a 'sun/nio/fs/WindowsException'{0x0000000088c52840}> (0x0000000088c52840) 
thrown [s\src\hotspot\share\prims\jni.cpp, line 516]
Event: 4.534 Thread 0x0000018bd45543f0 Exception <a 'sun/nio/fs/WindowsException'{0x0000000088c53258}> (0x0000000088c53258) 
thrown [s\src\hotspot\share\prims\jni.cpp, line 516]
Event: 4.535 Thread 0x0000018bd45543f0 Exception <a 'sun/nio/fs/WindowsException'{0x0000000088c53630}> (0x0000000088c53630) 
thrown [s\src\hotspot\share\prims\jni.cpp, line 516]
Event: 4.535 Thread 0x0000018bd45543f0 Exception <a 'sun/nio/fs/WindowsException'{0x0000000088c54058}> (0x0000000088c54058) 
thrown [s\src\hotspot\share\prims\jni.cpp, line 516]
Event: 4.535 Thread 0x0000018bd45543f0 Exception <a 'sun/nio/fs/WindowsException'{0x0000000088c54440}> (0x0000000088c54440) 
thrown [s\src\hotspot\share\prims\jni.cpp, line 516]
Event: 4.535 Thread 0x0000018bd45543f0 Exception <a 'sun/nio/fs/WindowsException'{0x0000000088c54e80}> (0x0000000088c54e80) 
thrown [s\src\hotspot\share\prims\jni.cpp, line 516]
Event: 4.535 Thread 0x0000018bd45543f0 Exception <a 'sun/nio/fs/WindowsException'{0x0000000088c55288}> (0x0000000088c55288) 
thrown [s\src\hotspot\share\prims\jni.cpp, line 516]
Event: 4.535 Thread 0x0000018bd45543f0 Exception <a 'sun/nio/fs/WindowsException'{0x0000000088c55ce0}> (0x0000000088c55ce0) 
thrown [s\src\hotspot\share\prims\jni.cpp, line 516]
Event: 4.535 Thread 0x0000018bd45543f0 Exception <a 'sun/nio/fs/WindowsException'{0x0000000088c56100}> (0x0000000088c56100) 
thrown [s\src\hotspot\share\prims\jni.cpp, line 516]
Event: 4.535 Thread 0x0000018bd45543f0 Exception <a 'sun/nio/fs/WindowsException'{0x0000000088c56b50}> (0x0000000088c56b50) 
thrown [s\src\hotspot\share\prims\jni.cpp, line 516]
Event: 4.535 Thread 0x0000018bd45543f0 Exception <a 'sun/nio/fs/WindowsException'{0x0000000088c56f68}> (0x0000000088c56f68) 
thrown [s\src\hotspot\share\prims\jni.cpp, line 516]
Event: 4.587 Thread 0x0000018bc49daa20 Exception <a 'java/lang/NoSuchMethodError'{0x000000008d944658}: 'java.lang.Object java.lang.invoke.DirectMethodHandle$Holder.newInvokeSpecial(java.lang.Object, java.lang.Object, int, java.lang.Object, java.lang.Object)'> (0x000000008d944658) 
thrown [s\src\hotspot\share\interpreter\linkResolver.cpp, line 759]
Event: 4.590 Thread 0x0000018bc49daa20 Exception <a 'java/lang/NoSuchMethodError'{0x000000008911ca80}: 'java.lang.Object java.lang.invoke.DirectMethodHandle$Holder.invokeSpecial(java.lang.Object, java.lang.Object, int, java.lang.Object, int, java.lang.Object)'> (0x000000008911ca80) 
thrown [s\src\hotspot\share\interpreter\linkResolver.cpp, line 759]
Event: 4.591 Thread 0x0000018bc49daa20 Exception <a 'java/lang/NoSuchMethodError'{0x0000000089124880}: 'java.lang.Object java.lang.invoke.DirectMethodHandle$Holder.newInvokeSpecial(java.lang.Object, java.lang.Object, int, java.lang.Object, int)'> (0x0000000089124880) 
thrown [s\src\hotspot\share\interpreter\linkResolver.cpp, line 759]
Event: 4.591 Thread 0x0000018bc49daa20 Exception <a 'java/lang/NoSuchMethodError'{0x0000000089128980}: 'java.lang.Object java.lang.invoke.DirectMethodHandle$Holder.invokeSpecial(java.lang.Object, java.lang.Object, java.lang.Object, int, java.lang.Object, int)'> (0x0000000089128980) 
thrown [s\src\hotspot\share\interpreter\linkResolver.cpp, line 759]
Event: 5.232 Thread 0x0000018bd45d2630 Exception <a 'java/lang/NoSuchMethodError'{0x000000008a0133f8}: 'java.lang.Object java.lang.invoke.DirectMethodHandle$Holder.invokeStatic(java.lang.Object, java.lang.Object, java.lang.Object, int, java.lang.Object, java.lang.Object)'> (0x000000008a0133f8) 
thrown [s\src\hotspot\share\interpreter\linkResolver.cpp, line 759]
Event: 5.234 Thread 0x0000018bd45d4310 Exception <a 'java/lang/NoSuchMethodError'{0x000000008a02d6c8}: 'java.lang.Object java.lang.invoke.DirectMethodHandle$Holder.invokeStatic(java.lang.Object, int, java.lang.Object)'> (0x000000008a02d6c8) 
thrown [s\src\hotspot\share\interpreter\linkResolver.cpp, line 759]
Event: 5.487 Thread 0x0000018bd45d4310 Exception <a 'java/lang/NoSuchMethodError'{0x000000008ad0f128}: 'int java.lang.invoke.DirectMethodHandle$Holder.invokeStatic(java.lang.Object)'> (0x000000008ad0f128) 
thrown [s\src\hotspot\share\interpreter\linkResolver.cpp, line 759]
Event: 5.488 Thread 0x0000018bd45d4310 Exception <a 'java/lang/NoSuchMethodError'{0x000000008ad19248}: 'int java.lang.invoke.DirectMethodHandle$Holder.invokeStaticInit(java.lang.Object)'> (0x000000008ad19248) 
thrown [s\src\hotspot\share\interpreter\linkResolver.cpp, line 759]

VM Operations (20 events):
Event: 5.564 Executing VM operation: G1CollectForAllocation done
Event: 5.575 Executing VM operation: G1CollectForAllocation
Event: 5.581 Executing VM operation: G1CollectForAllocation done
Event: 5.772 Executing VM operation: G1CollectForAllocation
Event: 5.773 Executing VM operation: G1CollectForAllocation done
Event: 5.774 Executing VM operation: G1CollectForAllocation
Event: 5.815 Executing VM operation: G1CollectForAllocation done
Event: 5.836 Executing VM operation: G1CollectForAllocation
Event: 5.836 Executing VM operation: G1CollectForAllocation done
Event: 5.836 Executing VM operation: G1CollectForAllocation
Event: 5.845 Executing VM operation: G1CollectForAllocation done
Event: 5.866 Executing VM operation: HandshakeAllThreads
Event: 5.869 Executing VM operation: HandshakeAllThreads done
Event: 5.869 Executing VM operation: G1CollectForAllocation
Event: 5.874 Executing VM operation: G1CollectForAllocation done
Event: 5.875 Executing VM operation: HandshakeAllThreads
Event: 5.875 Executing VM operation: HandshakeAllThreads done
Event: 5.901 Executing VM operation: G1CollectForAllocation
Event: 5.902 Executing VM operation: G1CollectForAllocation done
Event: 5.902 Executing VM operation: G1CollectForAllocation

Events (20 events):
Event: 5.317 Thread 0x0000018bd44c4c70 Thread added: 0x0000018bd44c4c70
Event: 5.334 loading class java/util/concurrent/ConcurrentHashMap$ValueSpliterator
Event: 5.335 loading class java/util/concurrent/ConcurrentHashMap$ValueSpliterator done
Event: 5.366 loading class java/util/concurrent/CompletableFuture$UniApply
Event: 5.366 loading class java/util/concurrent/CompletableFuture$UniApply done
Event: 5.374 Thread 0x0000018bd44c3930 Thread added: 0x0000018bd44c3930
Event: 5.374 loading class java/util/concurrent/CompletableFuture$UniExceptionally
Event: 5.375 loading class java/util/concurrent/CompletableFuture$UniExceptionally done
Event: 5.380 loading class java/util/concurrent/CompletableFuture$Signaller
Event: 5.380 loading class java/util/concurrent/CompletableFuture$Signaller done
Event: 5.407 Thread 0x0000018bd44c5ae0 Thread added: 0x0000018bd44c5ae0
Event: 5.519 loading class jdk/internal/vm/annotation/ForceInline
Event: 5.519 loading class jdk/internal/vm/annotation/ForceInline done
Event: 5.534 loading class java/util/regex/Pattern$1
Event: 5.534 loading class java/util/regex/Pattern$1 done
Event: 5.552 loading class java/util/stream/Nodes$SpinedNodeBuilder
Event: 5.552 loading class java/util/stream/Nodes$SpinedNodeBuilder done
Event: 5.628 Thread 0x0000018bd44c47a0 Thread added: 0x0000018bd44c47a0
Event: 5.860 loading class java/util/zip/GZIPInputStream
Event: 5.862 loading class java/util/zip/GZIPInputStream done


Dynamic libraries:
0x00007ff7fdf00000 - 0x00007ff7fdf0e000 	c:\Users\luiz_gustavo\.vscode\extensions\redhat.java-1.11.0-win32-x64\jre\17.0.4.1-win32-x86_64\bin\java.exe
0x00007ff9daa80000 - 0x00007ff9dac70000 	C:\WINDOWS\SYSTEM32\ntdll.dll
0x00007ff9d8e50000 - 0x00007ff9d8f02000 	C:\WINDOWS\System32\KERNEL32.DLL
0x00007ff9d8580000 - 0x00007ff9d8825000 	C:\WINDOWS\System32\KERNELBASE.dll
0x00007ff9d7c50000 - 0x00007ff9d7d4a000 	C:\WINDOWS\System32\ucrtbase.dll
0x00007ff9b0930000 - 0x00007ff9b0948000 	c:\Users\luiz_gustavo\.vscode\extensions\redhat.java-1.11.0-win32-x64\jre\17.0.4.1-win32-x86_64\bin\jli.dll
0x00007ff9b0ba0000 - 0x00007ff9b0bb9000 	c:\Users\luiz_gustavo\.vscode\extensions\redhat.java-1.11.0-win32-x64\jre\17.0.4.1-win32-x86_64\bin\VCRUNTIME140.dll
0x00007ff9d8b70000 - 0x00007ff9d8d04000 	C:\WINDOWS\System32\USER32.dll
0x00007ff9d7a80000 - 0x00007ff9d7aa1000 	C:\WINDOWS\System32\win32u.dll
0x00007ff9d8b40000 - 0x00007ff9d8b66000 	C:\WINDOWS\System32\GDI32.dll
0x00007ff9c1e80000 - 0x00007ff9c2104000 	C:\WINDOWS\WinSxS\amd64_microsoft.windows.common-controls_6595b64144ccf1df_6.0.18362.1556_none_9e7e372fe45e41d5\COMCTL32.dll
0x00007ff9d7ab0000 - 0x00007ff9d7c48000 	C:\WINDOWS\System32\gdi32full.dll
0x00007ff9d8830000 - 0x00007ff9d88ce000 	C:\WINDOWS\System32\msvcp_win.dll
0x00007ff9da430000 - 0x00007ff9da4ce000 	C:\WINDOWS\System32\msvcrt.dll
0x00007ff9d8ff0000 - 0x00007ff9d9326000 	C:\WINDOWS\System32\combase.dll
0x00007ff9d9810000 - 0x00007ff9d992f000 	C:\WINDOWS\System32\RPCRT4.dll
0x00007ff9d84f0000 - 0x00007ff9d8571000 	C:\WINDOWS\System32\bcryptPrimitives.dll
0x00007ff9d8f10000 - 0x00007ff9d8f3e000 	C:\WINDOWS\System32\IMM32.DLL
0x00007ff9d00d0000 - 0x00007ff9d00dc000 	c:\Users\luiz_gustavo\.vscode\extensions\redhat.java-1.11.0-win32-x64\jre\17.0.4.1-win32-x86_64\bin\vcruntime140_1.dll
0x00007ff95f920000 - 0x00007ff95f9b1000 	c:\Users\luiz_gustavo\.vscode\extensions\redhat.java-1.11.0-win32-x64\jre\17.0.4.1-win32-x86_64\bin\msvcp140.dll
0x00007ff95dfc0000 - 0x00007ff95ec06000 	c:\Users\luiz_gustavo\.vscode\extensions\redhat.java-1.11.0-win32-x64\jre\17.0.4.1-win32-x86_64\bin\server\jvm.dll
0x00007ff9d8f40000 - 0x00007ff9d8fe3000 	C:\WINDOWS\System32\ADVAPI32.dll
0x00007ff9d9c30000 - 0x00007ff9d9cc7000 	C:\WINDOWS\System32\sechost.dll
0x00007ff9d8b30000 - 0x00007ff9d8b38000 	C:\WINDOWS\System32\PSAPI.DLL
0x00007ff9c18a0000 - 0x00007ff9c18a9000 	C:\WINDOWS\SYSTEM32\WSOCK32.dll
0x00007ff9d5830000 - 0x00007ff9d5854000 	C:\WINDOWS\SYSTEM32\WINMM.dll
0x00007ff9cc820000 - 0x00007ff9cc82a000 	C:\WINDOWS\SYSTEM32\VERSION.dll
0x00007ff9d9cd0000 - 0x00007ff9d9d3f000 	C:\WINDOWS\System32\WS2_32.dll
0x00007ff9d5800000 - 0x00007ff9d582d000 	C:\WINDOWS\SYSTEM32\winmmbase.dll
0x00007ff9d8a30000 - 0x00007ff9d8a7a000 	C:\WINDOWS\System32\cfgmgr32.dll
0x00007ff9d7940000 - 0x00007ff9d7951000 	C:\WINDOWS\System32\kernel.appcore.dll
0x00007ff9cc7a0000 - 0x00007ff9cc7aa000 	c:\Users\luiz_gustavo\.vscode\extensions\redhat.java-1.11.0-win32-x64\jre\17.0.4.1-win32-x86_64\bin\jimage.dll
0x00007ff9c8a80000 - 0x00007ff9c8c74000 	C:\WINDOWS\SYSTEM32\DBGHELP.DLL
0x00007ff9c8a50000 - 0x00007ff9c8a7a000 	C:\WINDOWS\SYSTEM32\dbgcore.DLL
0x00007ff9afa50000 - 0x00007ff9afa75000 	c:\Users\luiz_gustavo\.vscode\extensions\redhat.java-1.11.0-win32-x64\jre\17.0.4.1-win32-x86_64\bin\java.dll
0x00007ff9af6b0000 - 0x00007ff9af6c8000 	c:\Users\luiz_gustavo\.vscode\extensions\redhat.java-1.11.0-win32-x64\jre\17.0.4.1-win32-x86_64\bin\zip.dll
0x00007ff9d9d40000 - 0x00007ff9da427000 	C:\WINDOWS\System32\SHELL32.dll
0x00007ff9d9b80000 - 0x00007ff9d9c28000 	C:\WINDOWS\System32\shcore.dll
0x00007ff9d7d70000 - 0x00007ff9d84eb000 	C:\WINDOWS\System32\windows.storage.dll
0x00007ff9d79d0000 - 0x00007ff9d79ee000 	C:\WINDOWS\System32\profapi.dll
0x00007ff9d7960000 - 0x00007ff9d79aa000 	C:\WINDOWS\System32\powrprof.dll
0x00007ff9d7930000 - 0x00007ff9d7940000 	C:\WINDOWS\System32\UMPDC.dll
0x00007ff9d9a50000 - 0x00007ff9d9aa2000 	C:\WINDOWS\System32\shlwapi.dll
0x00007ff9d7d50000 - 0x00007ff9d7d67000 	C:\WINDOWS\System32\cryptsp.dll
0x00007ff9afd00000 - 0x00007ff9afd19000 	C:\Users\luiz_gustavo\.vscode\extensions\redhat.java-1.11.0-win32-x64\jre\17.0.4.1-win32-x86_64\bin\net.dll
0x00007ff9ce460000 - 0x00007ff9ce55a000 	C:\WINDOWS\SYSTEM32\WINHTTP.dll
0x00007ff9d7120000 - 0x00007ff9d7187000 	C:\WINDOWS\system32\mswsock.dll
0x00007ff9af690000 - 0x00007ff9af6a5000 	C:\Users\luiz_gustavo\.vscode\extensions\redhat.java-1.11.0-win32-x64\jre\17.0.4.1-win32-x86_64\bin\nio.dll
0x00007ff9c6120000 - 0x00007ff9c6130000 	c:\Users\luiz_gustavo\.vscode\extensions\redhat.java-1.11.0-win32-x64\jre\17.0.4.1-win32-x86_64\bin\verify.dll
0x00007ff9d0be0000 - 0x00007ff9d0be9000 	C:\Users\luiz_gustavo\.vscode\extensions\redhat.java-1.11.0-win32-x64\jre\17.0.4.1-win32-x86_64\bin\management.dll
0x00007ff9c4fb0000 - 0x00007ff9c4fbb000 	C:\Users\luiz_gustavo\.vscode\extensions\redhat.java-1.11.0-win32-x64\jre\17.0.4.1-win32-x86_64\bin\management_ext.dll
0x00007ff9b5c70000 - 0x00007ff9b5c86000 	C:\WINDOWS\system32\napinsp.dll
0x00007ff9b5c30000 - 0x00007ff9b5c4a000 	C:\WINDOWS\system32\pnrpnsp.dll
0x00007ff9d6e80000 - 0x00007ff9d6f4b000 	C:\WINDOWS\SYSTEM32\DNSAPI.dll
0x00007ff9da9c0000 - 0x00007ff9da9c8000 	C:\WINDOWS\System32\NSI.dll
0x00007ff9d6e40000 - 0x00007ff9d6e7a000 	C:\WINDOWS\SYSTEM32\IPHLPAPI.DLL
0x00007ff9b59e0000 - 0x00007ff9b59ee000 	C:\WINDOWS\System32\winrnr.dll
0x00007ff9d0bc0000 - 0x00007ff9d0bdc000 	C:\WINDOWS\system32\NLAapi.dll
0x00007ff9d3350000 - 0x00007ff9d3365000 	C:\WINDOWS\system32\wshbth.dll
0x00007ff9d0310000 - 0x00007ff9d031a000 	C:\Windows\System32\rasadhlp.dll
0x00007ff9ce3e0000 - 0x00007ff9ce457000 	C:\WINDOWS\System32\fwpuclnt.dll
0x00007ff9d7a50000 - 0x00007ff9d7a76000 	C:\WINDOWS\System32\bcrypt.dll
0x00007ff9d6cb0000 - 0x00007ff9d6ce3000 	C:\WINDOWS\system32\rsaenh.dll
0x00007ff9d7850000 - 0x00007ff9d7875000 	C:\WINDOWS\SYSTEM32\USERENV.dll
0x00007ff9d72a0000 - 0x00007ff9d72ac000 	C:\WINDOWS\SYSTEM32\CRYPTBASE.dll
0x00007ff9d0560000 - 0x00007ff9d0576000 	C:\WINDOWS\SYSTEM32\dhcpcsvc6.DLL
0x00007ff9d04e0000 - 0x00007ff9d04fc000 	C:\WINDOWS\SYSTEM32\dhcpcsvc.DLL

dbghelp: loaded successfully - version: 4.0.5 - missing functions: none
symbol engine: initialized successfully - sym options: 0x614 - pdb path: .;c:\Users\luiz_gustavo\.vscode\extensions\redhat.java-1.11.0-win32-x64\jre\17.0.4.1-win32-x86_64\bin;C:\WINDOWS\SYSTEM32;C:\WINDOWS\WinSxS\amd64_microsoft.windows.common-controls_6595b64144ccf1df_6.0.18362.1556_none_9e7e372fe45e41d5;c:\Users\luiz_gustavo\.vscode\extensions\redhat.java-1.11.0-win32-x64\jre\17.0.4.1-win32-x86_64\bin\server

VM Arguments:
jvm_args: -Dsts.lsp.client=vscode -Dsts.log.file=/dev/null -XX:TieredStopAtLevel=1 -Xlog:jni+resolve=off -Dspring.config.location=file:c:\Users\luiz_gustavo\.vscode\extensions\pivotal.vscode-spring-boot-1.39.0\language-server\BOOT-INF\classes\application.properties 
java_command: org.springframework.ide.vscode.boot.app.BootLanguageServerBootApp
java_class_path (initial): c:\Users\luiz_gustavo\.vscode\extensions\pivotal.vscode-spring-boot-1.39.0\language-server\BOOT-INF\classes;c:\Users\luiz_gustavo\.vscode\extensions\pivotal.vscode-spring-boot-1.39.0\language-server\BOOT-INF\lib\annotations-23.0.0.jar;c:\Users\luiz_gustavo\.vscode\extensions\pivotal.vscode-spring-boot-1.39.0\language-server\BOOT-INF\lib\antlr-runtime-3.5.2.jar;c:\Users\luiz_gustavo\.vscode\extensions\pivotal.vscode-spring-boot-1.39.0\language-server\BOOT-INF\lib\antlr4-4.9.3.jar;c:\Users\luiz_gustavo\.vscode\extensions\pivotal.vscode-spring-boot-1.39.0\language-server\BOOT-INF\lib\antlr4-runtime-4.9.3.jar;c:\Users\luiz_gustavo\.vscode\extensions\pivotal.vscode-spring-boot-1.39.0\language-server\BOOT-INF\lib\asm-9.3.jar;c:\Users\luiz_gustavo\.vscode\extensions\pivotal.vscode-spring-boot-1.39.0\language-server\BOOT-INF\lib\asm-analysis-9.3.jar;c:\Users\luiz_gustavo\.vscode\extensions\pivotal.vscode-spring-boot-1.39.0\language-server\BOOT-INF\lib\asm-tree-9.3.jar;c:\Users\luiz_gustavo\.vscode\extensions\pivotal.vscode-spring-boot-1.39.0\language-server\BOOT-INF\lib\asm-util-9.3.jar;c:\Users\luiz_gustavo\.vscode\extensions\pivotal.vscode-spring-boot-1.39.0\language-server\BOOT-INF\lib\byte-buddy-1.12.13.jar;c:\Users\luiz_gustavo\.vscode\extensions\pivotal.vscode-spring-boot-1.39.0\language-server\BOOT-INF\lib\caffeine-2.9.3.jar;c:\Users\luiz_gustavo\.vscode\extensions\pivotal.vscode-spring-boot-1.39.0\language-server\BOOT-INF\lib\checker-qual-3.12.0.jar;c:\Users\luiz_gustavo\.vscode\extensions\pivotal.vscode-spring-boot-1.39.0\language-server\BOOT-INF\lib\classgraph-4.8.149.jar;c:\Users\luiz_gustavo\.vscode\extensions\pivotal.vscode-spring-boot-1.39.0\language-server\BOOT-INF\lib\commons-codec-1.15.jar;c:\Users\luiz_gustavo\.vscode\extensions\pivotal.vscode-spring-boot-1.39.0\language-server\BOOT-INF\lib\commons-compress-1.21.jar;c:\Users\luiz_gustavo\.vscode\extensions\pivotal.vscode-spring-boot-1.39.0\language-server\BOOT-INF\lib\commons-e
Launcher Type: SUN_STANDARD

[Global flags]
     intx CICompilerCount                          = 4                                         {product} {ergonomic}
     uint ConcGCThreads                            = 2                                         {product} {ergonomic}
     uint G1ConcRefinementThreads                  = 8                                         {product} {ergonomic}
   size_t G1HeapRegionSize                         = 1048576                                   {product} {ergonomic}
    uintx GCDrainStackTargetSize                   = 64                                        {product} {ergonomic}
   size_t InitialHeapSize                          = 130023424                                 {product} {ergonomic}
   size_t MarkStackSize                            = 4194304                                   {product} {ergonomic}
   size_t MaxHeapSize                              = 2048917504                                {product} {ergonomic}
   size_t MaxNewSize                               = 1228931072                                {product} {ergonomic}
   size_t MinHeapDeltaBytes                        = 1048576                                   {product} {ergonomic}
   size_t MinHeapSize                              = 8388608                                   {product} {ergonomic}
    uintx NonProfiledCodeHeapSize                  = 0                                      {pd product} {ergonomic}
     bool ProfileInterpreter                       = false                                  {pd product} {command line}
    uintx ProfiledCodeHeapSize                     = 0                                      {pd product} {ergonomic}
   size_t SoftMaxHeapSize                          = 2048917504                             {manageable} {ergonomic}
     intx TieredStopAtLevel                        = 1                                         {product} {command line}
     bool UseCompressedClassPointers               = true                           {product lp64_product} {ergonomic}
     bool UseCompressedOops                        = true                           {product lp64_product} {ergonomic}
     bool UseG1GC                                  = true                                      {product} {ergonomic}
     bool UseLargePagesIndividualAllocation        = false                                  {pd product} {ergonomic}

Logging:
Log output configuration:
 #0: stdout all=warning,jni+resolve=off uptime,level,tags
 #1: stderr all=off uptime,level,tags

Environment Variables:
JAVA_HOME=C:\Program Files\Java\jdk-17.0.4
PATH=C:\Program Files\Common Files\Oracle\Java\javapath;C:\Program Files (x86)\Common Files\Oracle\Java\javapath;C:\dev\freeglut\bin\x64;C:\msys32\mingw32\bin;C:\msys32\usr\bin;C:\ProgramData\Oracle\Java\javapath;C:\dev\lpng1634\lib;C:\WINDOWS\system32;C:\WINDOWS;C:\WINDOWS\System32\Wbem;C:\WINDOWS\System32\WindowsPowerShell\v1.0\;C:\Program Files\Git\cmd;C:\Program Files (x86)\Windows Kits\10\Windows Performance Toolkit\;C:\Program Files\CMake\bin;C:\dev\CGAL-4.9\auxiliary\gmp\lib;C:\dev\libQGLViewer-2.6.4\QGLViewer;C:\dev\CGAL-4.9\build\bin;C:\Program Files\gnuplot\bin;C:\Program Files (x86)\NVIDIA Corporation\PhysX\Common;C:\WINDOWS\system32;C:\WINDOWS;C:\WINDOWS\System32\Wbem;C:\WINDOWS\System32\WindowsPowerShell\v1.0\;C:\WINDOWS\System32\OpenSSH\;C:\opencv\build\x86\vc14\bin;C:\FFmpeg\bin;C:\dev\zlib-1.0.4;C:\src\flutter\bin;C:\WINDOWS\system32;C:\java_dev\apache-tomcat-7.0.100;C:\java_dev\apache-tomcat-7.0.100;C:\java_dev\apache-tomcat-7.0.100\bin;C:\Program Files\Java\jdk-17.0.4;C:\Program Files\nodejs\;C:\Program Files\heroku\bin;C:\Program Files\Microsoft VS Code\bin;C:\Users\luiz_gustavo\AppData\Roaming\npm;C:\Users\Luiz Gustavo Vras\AppData\Local\Programs\Python\Python310;C:\Users\Luiz Gustavo Vras\AppData\Local\Programs\Python\Python310\Scripts;C:\Users\luiz_gustavo\AppData\Local\Microsoft\WindowsApps;
USERNAME=luiz_gustavo
OS=Windows_NT
PROCESSOR_IDENTIFIER=Intel64 Family 6 Model 142 Stepping 10, GenuineIntel
TMP=C:\Users\LUIZ_G~1\AppData\Local\Temp
TEMP=C:\Users\LUIZ_G~1\AppData\Local\Temp



---------------  S Y S T E M  ---------------

OS:
 Windows 10 , 64 bit Build 18362 (10.0.18362.1500)
OS uptime: 2 days 14:34 hours
Hyper-V role detected

CPU: total 8 (initial active 8) (4 cores per cpu, 2 threads per core) family 6 model 142 stepping 10 microcode 0xe0, cx8, cmov, fxsr, ht, mmx, 3dnowpref, sse, sse2, sse3, ssse3, sse4.1, sse4.2, popcnt, lzcnt, tsc, tscinvbit, avx, avx2, aes, erms, clmul, bmi1, bmi2, adx, fma, vzeroupper, clflush, clflushopt, hv

Memory: 4k page, system-wide physical 7814M (775M free)
TotalPageFile size 15527M (AvailPageFile size 147M)
current process WorkingSet (physical memory assigned to process): 252M, peak: 252M
current process commit charge ("private bytes"): 300M, peak: 572M

vm_info: OpenJDK 64-Bit Server VM (17.0.4.1+1) for windows-amd64 JRE (17.0.4.1+1), built on Aug 17 2022 07:42:43 by "temurin" with MS VC++ 16.7 (VS2019)

END.
