#
# There is insufficient memory for the Java Runtime Environment to continue.
# Native memory allocation (mmap) failed to map 427819008 bytes for G1 virtual space
# Possible reasons:
#   The system is out of physical RAM or swap space
#   The process is running with CompressedOops enabled, and the Java Heap may be blocking the growth of the native heap
# Possible solutions:
#   Reduce memory load on the system
#   Increase physical memory or swap space
#   Check if swap backing store is full
#   Decrease Java heap size (-Xmx/-Xms)
#   Decrease number of Java threads
#   Decrease Java thread stack sizes (-Xss)
#   Set larger code cache with -XX:ReservedCodeCacheSize=
#   JVM is running with Unscaled Compressed Oops mode in which the Java heap is
#     placed in the first 4GB address space. The Java Heap base address is the
#     maximum limit for the native heap growth. Please use -XX:HeapBaseMinAddress
#     to set the Java Heap base and to place the Java Heap above 4GB virtual address.
# This output file may be truncated or incomplete.
#
#  Out of Memory Error (os_windows.cpp:3541), pid=19972, tid=18836
#
# JRE version: OpenJDK Runtime Environment Temurin-17.0.4.1+1 (17.0.4.1+1) (build 17.0.4.1+1)
# Java VM: OpenJDK 64-Bit Server VM Temurin-17.0.4.1+1 (17.0.4.1+1, mixed mode, emulated-client, tiered, compressed oops, compressed class ptrs, g1 gc, windows-amd64)
# No core dump will be written. Minidumps are not enabled by default on client versions of Windows
#

---------------  S U M M A R Y ------------

Command Line: -Dsts.lsp.client=vscode -Dsts.log.file=/dev/null -XX:TieredStopAtLevel=1 -Xlog:jni+resolve=off -Dspring.config.location=file:c:\Users\luiz_gustavo\.vscode\extensions\pivotal.vscode-spring-boot-1.39.0\language-server\BOOT-INF\classes\application.properties org.springframework.ide.vscode.boot.app.BootLanguageServerBootApp

Host: Intel(R) Core(TM) i5-8250U CPU @ 1.60GHz, 8 cores, 7G,  Windows 10 , 64 bit Build 18362 (10.0.18362.1500)
Time: Mon Oct 24 03:17:59 2022 Hora oficial do Brasil elapsed time: 6.773880 seconds (0d 0h 0m 6s)

---------------  T H R E A D  ---------------

Current thread (0x000002c0b5cc06b0):  VMThread "VM Thread" [stack: 0x000000e0a3600000,0x000000e0a3700000] [id=18836]

Stack: [0x000000e0a3600000,0x000000e0a3700000]
Native frames: (J=compiled Java code, j=interpreted, Vv=VM code, C=native code)
V  [jvm.dll+0x67731a]
V  [jvm.dll+0x832284]
V  [jvm.dll+0x833a2e]
V  [jvm.dll+0x834093]
V  [jvm.dll+0x245775]
V  [jvm.dll+0x674209]
V  [jvm.dll+0x668a92]
V  [jvm.dll+0x30471b]
V  [jvm.dll+0x30bc66]
V  [jvm.dll+0x35ba9e]
V  [jvm.dll+0x35bccf]
V  [jvm.dll+0x2db5b8]
V  [jvm.dll+0x2d986c]
V  [jvm.dll+0x2d8e3c]
V  [jvm.dll+0x31cd9b]
V  [jvm.dll+0x83853b]
V  [jvm.dll+0x839274]
V  [jvm.dll+0x83978c]
V  [jvm.dll+0x839b64]
V  [jvm.dll+0x839c30]
V  [jvm.dll+0x7e240a]
V  [jvm.dll+0x6761a5]
C  [ucrtbase.dll+0x210b2]
C  [KERNEL32.DLL+0x17c24]
C  [ntdll.dll+0x6d721]

VM_Operation (0x000000e0a54fde10): G1CollectForAllocation, mode: safepoint, requested by thread 0x000002c0b8611ca0


---------------  P R O C E S S  ---------------

Threads class SMR info:
_java_thread_list=0x000002c0ba6b26c0, length=46, elements={
0x000002c0b68032e0, 0x000002c0b68037b0, 0x000002c0b5cee5b0, 0x000002c0b5ceea80,
0x000002c0b681fad0, 0x000002c0b681ffa0, 0x000002c0b682acb0, 0x000002c0b6831510,
0x000002c0b6a32190, 0x000002c0b6a34760, 0x000002c0b6a4b5c0, 0x000002c0b6a51c60,
0x000002c0b72f17f0, 0x000002c0b82c0070, 0x000002c0b84bfad0, 0x000002c0b84b8580,
0x000002c0b85b86d0, 0x000002c0b82e0700, 0x000002c0b8616d60, 0x000002c0b8611ca0,
0x000002c0b8617230, 0x000002c0b8619bf0, 0x000002c0b8619250, 0x000002c0b861aa60,
0x000002c0b861bda0, 0x000002c0b861c270, 0x000002c0b861a0c0, 0x000002c0b861af30,
0x000002c0b861b400, 0x000002c0b861b8d0, 0x000002c0b861c740, 0x000002c0b8618d80,
0x000002c0b861a590, 0x000002c0b8619720, 0x000002c0ba5f0be0, 0x000002c0ba5f1f20,
0x000002c0ba5eea30, 0x000002c0ba5ee090, 0x000002c0ba5f23f0, 0x000002c0ba5eef00,
0x000002c0ba5ecd50, 0x000002c0ba5f10b0, 0x000002c0ba5f3c00, 0x000002c0ba5ef3d0,
0x000002c0ba5f28c0, 0x000002c0ba5ee560
}

Java Threads: ( => current thread )
  0x000002c0b68032e0 JavaThread "Reference Handler" daemon [_thread_blocked, id=10648, stack(0x000000e0a3700000,0x000000e0a3800000)]
  0x000002c0b68037b0 JavaThread "Finalizer" daemon [_thread_blocked, id=11656, stack(0x000000e0a3800000,0x000000e0a3900000)]
  0x000002c0b5cee5b0 JavaThread "Signal Dispatcher" daemon [_thread_blocked, id=18688, stack(0x000000e0a3900000,0x000000e0a3a00000)]
  0x000002c0b5ceea80 JavaThread "Attach Listener" daemon [_thread_blocked, id=17240, stack(0x000000e0a3a00000,0x000000e0a3b00000)]
  0x000002c0b681fad0 JavaThread "Service Thread" daemon [_thread_blocked, id=6516, stack(0x000000e0a3b00000,0x000000e0a3c00000)]
  0x000002c0b681ffa0 JavaThread "Monitor Deflation Thread" daemon [_thread_blocked, id=11180, stack(0x000000e0a3c00000,0x000000e0a3d00000)]
  0x000002c0b682acb0 JavaThread "C1 CompilerThread0" daemon [_thread_blocked, id=9584, stack(0x000000e0a3d00000,0x000000e0a3e00000)]
  0x000002c0b6831510 JavaThread "Sweeper thread" daemon [_thread_blocked, id=16528, stack(0x000000e0a3e00000,0x000000e0a3f00000)]
  0x000002c0b6a32190 JavaThread "C1 CompilerThread1" daemon [_thread_blocked, id=13812, stack(0x000000e0a3f00000,0x000000e0a4000000)]
  0x000002c0b6a34760 JavaThread "C1 CompilerThread2" daemon [_thread_blocked, id=18604, stack(0x000000e0a4000000,0x000000e0a4100000)]
  0x000002c0b6a4b5c0 JavaThread "Notification Thread" daemon [_thread_blocked, id=20360, stack(0x000000e0a4100000,0x000000e0a4200000)]
  0x000002c0b6a51c60 JavaThread "Common-Cleaner" daemon [_thread_blocked, id=17572, stack(0x000000e0a4300000,0x000000e0a4400000)]
  0x000002c0b72f17f0 JavaThread "C1 CompilerThread3" daemon [_thread_blocked, id=18832, stack(0x000000e0a4400000,0x000000e0a4500000)]
  0x000002c0b82c0070 JavaThread "boundedElastic-evictor-1" daemon [_thread_blocked, id=14148, stack(0x000000e0a4d00000,0x000000e0a4e00000)]
  0x000002c0b84bfad0 JavaThread "ForkJoinPool.commonPool-worker-1" daemon [_thread_blocked, id=2808, stack(0x000000e0a4f00000,0x000000e0a5000000)]
  0x000002c0b84b8580 JavaThread "ClassGraph-worker-0" daemon [_thread_blocked, id=20452, stack(0x000000e0a5000000,0x000000e0a5100000)]
  0x000002c0b85b86d0 JavaThread "ClassGraph-worker-1" daemon [_thread_blocked, id=18320, stack(0x000000e0a5100000,0x000000e0a5200000)]
  0x000002c0b82e0700 JavaThread "ClassGraph-worker-2" daemon [_thread_blocked, id=19532, stack(0x000000e0a5200000,0x000000e0a5300000)]
  0x000002c0b8616d60 JavaThread "ClassGraph-worker-3" daemon [_thread_blocked, id=3976, stack(0x000000e0a5300000,0x000000e0a5400000)]
  0x000002c0b8611ca0 JavaThread "ClassGraph-worker-4" daemon [_thread_blocked, id=16236, stack(0x000000e0a5400000,0x000000e0a5500000)]
  0x000002c0b8617230 JavaThread "ClassGraph-worker-5" daemon [_thread_blocked, id=16584, stack(0x000000e0a5500000,0x000000e0a5600000)]
  0x000002c0b8619bf0 JavaThread "ClassGraph-worker-6" daemon [_thread_blocked, id=17328, stack(0x000000e0a5600000,0x000000e0a5700000)]
  0x000002c0b8619250 JavaThread "ClassGraph-worker-7" daemon [_thread_blocked, id=8224, stack(0x000000e0a5700000,0x000000e0a5800000)]
  0x000002c0b861aa60 JavaThread "ClassGraph-worker-8" daemon [_thread_blocked, id=6512, stack(0x000000e0a5800000,0x000000e0a5900000)]
  0x000002c0b861bda0 JavaThread "ClassGraph-worker-9" daemon [_thread_blocked, id=19952, stack(0x000000e0a5900000,0x000000e0a5a00000)]
  0x000002c0b861c270 JavaThread "ClassGraph-worker-10" daemon [_thread_blocked, id=12788, stack(0x000000e0a5a00000,0x000000e0a5b00000)]
  0x000002c0b861a0c0 JavaThread "ClassGraph-worker-11" daemon [_thread_blocked, id=10076, stack(0x000000e0a5b00000,0x000000e0a5c00000)]
  0x000002c0b861af30 JavaThread "ClassGraph-worker-12" daemon [_thread_blocked, id=3764, stack(0x000000e0a5c00000,0x000000e0a5d00000)]
  0x000002c0b861b400 JavaThread "ClassGraph-worker-13" daemon [_thread_blocked, id=19636, stack(0x000000e0a5d00000,0x000000e0a5e00000)]
  0x000002c0b861b8d0 JavaThread "pool-9-thread-1" [_thread_blocked, id=19600, stack(0x000000e0a5e00000,0x000000e0a5f00000)]
  0x000002c0b861c740 JavaThread "LanguageServerApp-lifecycle" [_thread_blocked, id=20440, stack(0x000000e0a5f00000,0x000000e0a6000000)]
  0x000002c0b8618d80 JavaThread "DestroyJavaVM" [_thread_blocked, id=10276, stack(0x000000e0a3000000,0x000000e0a3100000)]
  0x000002c0b861a590 JavaThread "pool-10-thread-1" [_thread_in_native, id=20140, stack(0x000000e0a6000000,0x000000e0a6100000)]
  0x000002c0b8619720 JavaThread "Simple-Language-Server main thread" daemon [_thread_blocked, id=19884, stack(0x000000e0a6100000,0x000000e0a6200000)]
  0x000002c0ba5f0be0 JavaThread "pool-7-thread-1" [_thread_blocked, id=18936, stack(0x000000e0a6200000,0x000000e0a6300000)]
  0x000002c0ba5f1f20 JavaThread "parallel-1" daemon [_thread_blocked, id=8932, stack(0x000000e0a6300000,0x000000e0a6400000)]
  0x000002c0ba5eea30 JavaThread "parallel-2" daemon [_thread_blocked, id=20188, stack(0x000000e0a6400000,0x000000e0a6500000)]
  0x000002c0ba5ee090 JavaThread "parallel-3" daemon [_thread_blocked, id=17308, stack(0x000000e0a6500000,0x000000e0a6600000)]
  0x000002c0ba5f23f0 JavaThread "parallel-4" daemon [_thread_blocked, id=12468, stack(0x000000e0a6600000,0x000000e0a6700000)]
  0x000002c0ba5eef00 JavaThread "parallel-5" daemon [_thread_blocked, id=12536, stack(0x000000e0a6700000,0x000000e0a6800000)]
  0x000002c0ba5ecd50 JavaThread "parallel-6" daemon [_thread_blocked, id=8448, stack(0x000000e0a6800000,0x000000e0a6900000)]
  0x000002c0ba5f10b0 JavaThread "parallel-7" daemon [_thread_blocked, id=1880, stack(0x000000e0a6900000,0x000000e0a6a00000)]
  0x000002c0ba5f3c00 JavaThread "parallel-8" daemon [_thread_blocked, id=19756, stack(0x000000e0a6a00000,0x000000e0a6b00000)]
  0x000002c0ba5ef3d0 JavaThread "pool-4-thread-1" [_thread_blocked, id=11888, stack(0x000000e0a6b00000,0x000000e0a6c00000)]
  0x000002c0ba5f28c0 JavaThread "Reconciler-1" daemon [_thread_blocked, id=15540, stack(0x000000e0a6c00000,0x000000e0a6d00000)]
  0x000002c0ba5ee560 JavaThread "pool-4-thread-2" [_thread_blocked, id=18640, stack(0x000000e0a6d00000,0x000000e0a6e00000)]

Other Threads:
=>0x000002c0b5cc06b0 VMThread "VM Thread" [stack: 0x000000e0a3600000,0x000000e0a3700000] [id=18836]
  0x000002c0a8c13db0 WatcherThread [stack: 0x000000e0a4200000,0x000000e0a4300000] [id=3552]
  0x000002c0a8bfaff0 GCTaskThread "GC Thread#0" [stack: 0x000000e0a3100000,0x000000e0a3200000] [id=19572]
  0x000002c0b73a2880 GCTaskThread "GC Thread#1" [stack: 0x000000e0a4500000,0x000000e0a4600000] [id=10540]
  0x000002c0b73df760 GCTaskThread "GC Thread#2" [stack: 0x000000e0a4600000,0x000000e0a4700000] [id=19512]
  0x000002c0b73dfa10 GCTaskThread "GC Thread#3" [stack: 0x000000e0a4700000,0x000000e0a4800000] [id=19644]
  0x000002c0b73dfcc0 GCTaskThread "GC Thread#4" [stack: 0x000000e0a4800000,0x000000e0a4900000] [id=10452]
  0x000002c0b73dff70 GCTaskThread "GC Thread#5" [stack: 0x000000e0a4900000,0x000000e0a4a00000] [id=19584]
  0x000002c0b7d90900 GCTaskThread "GC Thread#6" [stack: 0x000000e0a4b00000,0x000000e0a4c00000] [id=18760]
  0x000002c0b7d90bb0 GCTaskThread "GC Thread#7" [stack: 0x000000e0a4c00000,0x000000e0a4d00000] [id=17768]
  0x000002c0a8c0b180 ConcurrentGCThread "G1 Main Marker" [stack: 0x000000e0a3200000,0x000000e0a3300000] [id=18196]
  0x000002c0a8c0ba90 ConcurrentGCThread "G1 Conc#0" [stack: 0x000000e0a3300000,0x000000e0a3400000] [id=19516]
  0x000002c0b7e91960 ConcurrentGCThread "G1 Conc#1" [stack: 0x000000e0a4e00000,0x000000e0a4f00000] [id=20192]
  0x000002c0b5b17d10 ConcurrentGCThread "G1 Refine#0" [stack: 0x000000e0a3400000,0x000000e0a3500000] [id=16808]
  0x000002c0b73a92d0 ConcurrentGCThread "G1 Refine#1" [stack: 0x000000e0a4a00000,0x000000e0a4b00000] [id=3648]
  0x000002c0b5b1a250 ConcurrentGCThread "G1 Service" [stack: 0x000000e0a3500000,0x000000e0a3600000] [id=4520]

Threads with active compile tasks:

VM state: at safepoint (normal execution)

VM Mutex/Monitor currently owned by a thread:  ([mutex/lock_event])
[0x000002c0a699e9f0] Threads_lock - owner thread: 0x000002c0b5cc06b0
[0x000002c0a8b9d140] Heap_lock - owner thread: 0x000002c0b8611ca0

Heap address: 0x0000000085e00000, size: 1954 MB, Compressed Oops mode: 32-bit

CDS archive(s) not mapped
Compressed class space mapped at: 0x0000000100000000-0x0000000140000000, reserved size: 1073741824
Narrow klass base: 0x0000000000000000, Narrow klass shift: 3, Narrow klass range: 0x140000000

GC Precious Log:
 CPUs: 8 total, 8 available
 Memory: 7814M
 Large Page Support: Disabled
 NUMA Support: Disabled
 Compressed Oops: Enabled (32-bit)
 Heap Region Size: 1M
 Heap Min Capacity: 8M
 Heap Initial Capacity: 124M
 Heap Max Capacity: 1954M
 Pre-touch: Disabled
 Parallel Workers: 8
 Concurrent Workers: 2
 Concurrent Refinement Workers: 8
 Periodic GC: Disabled

Heap:
 garbage-first heap   total 208896K, used 75657K [0x0000000085e00000, 0x0000000100000000)
  region size 1024K, 6 young (6144K), 6 survivors (6144K)
 Metaspace       used 37394K, committed 37696K, reserved 1089536K
  class space    used 4834K, committed 4992K, reserved 1048576K

Heap Regions: E=young(eden), S=young(survivor), O=old, HS=humongous(starts), HC=humongous(continues), CS=collection set, F=free, OA=open archive, CA=closed archive, TAMS=top-at-mark-start (previous, next)
|   0|0x0000000085e00000, 0x0000000085f00000, 0x0000000085f00000|100%| O|  |TAMS 0x0000000085f00000, 0x0000000085e00000| Untracked 
|   1|0x0000000085f00000, 0x0000000086000000, 0x0000000086000000|100%| O|  |TAMS 0x0000000086000000, 0x0000000085f00000| Updating 
|   2|0x0000000086000000, 0x0000000086100000, 0x0000000086100000|100%| O|  |TAMS 0x0000000086100000, 0x0000000086000000| Untracked 
|   3|0x0000000086100000, 0x0000000086200000, 0x0000000086200000|100%| O|  |TAMS 0x0000000086200000, 0x0000000086100000| Untracked 
|   4|0x0000000086200000, 0x0000000086300000, 0x0000000086300000|100%| O|  |TAMS 0x0000000086300000, 0x0000000086200000| Untracked 
|   5|0x0000000086300000, 0x0000000086400000, 0x0000000086400000|100%| O|  |TAMS 0x0000000086400000, 0x0000000086300000| Untracked 
|   6|0x0000000086400000, 0x0000000086500000, 0x0000000086500000|100%| O|  |TAMS 0x0000000086500000, 0x0000000086400000| Untracked 
|   7|0x0000000086500000, 0x0000000086600000, 0x0000000086600000|100%| O|  |TAMS 0x0000000086600000, 0x0000000086500000| Untracked 
|   8|0x0000000086600000, 0x0000000086700000, 0x0000000086700000|100%|HS|  |TAMS 0x0000000086700000, 0x0000000086600000| Complete 
|   9|0x0000000086700000, 0x0000000086800000, 0x0000000086800000|100%| O|  |TAMS 0x0000000086800000, 0x0000000086700000| Untracked 
|  10|0x0000000086800000, 0x0000000086900000, 0x0000000086900000|100%| O|  |TAMS 0x0000000086900000, 0x0000000086800000| Untracked 
|  11|0x0000000086900000, 0x0000000086a00000, 0x0000000086a00000|100%| O|  |TAMS 0x0000000086a00000, 0x0000000086900000| Untracked 
|  12|0x0000000086a00000, 0x0000000086b00000, 0x0000000086b00000|100%| O|  |TAMS 0x0000000086b00000, 0x0000000086a00000| Untracked 
|  13|0x0000000086b00000, 0x0000000086c00000, 0x0000000086c00000|100%| O|  |TAMS 0x0000000086c00000, 0x0000000086b00000| Untracked 
|  14|0x0000000086c00000, 0x0000000086d00000, 0x0000000086d00000|100%| O|  |TAMS 0x0000000086d00000, 0x0000000086c00000| Untracked 
|  15|0x0000000086d00000, 0x0000000086e00000, 0x0000000086e00000|100%| O|  |TAMS 0x0000000086e00000, 0x0000000086d00000| Updating 
|  16|0x0000000086e00000, 0x0000000086f00000, 0x0000000086f00000|100%| O|  |TAMS 0x0000000086f00000, 0x0000000086e00000| Untracked 
|  17|0x0000000086f00000, 0x0000000087000000, 0x0000000087000000|100%| O|  |TAMS 0x0000000087000000, 0x0000000086f00000| Untracked 
|  18|0x0000000087000000, 0x0000000087100000, 0x0000000087100000|100%| O|  |TAMS 0x0000000087100000, 0x0000000087000000| Updating 
|  19|0x0000000087100000, 0x0000000087200000, 0x0000000087200000|100%| O|  |TAMS 0x0000000087200000, 0x0000000087100000| Untracked 
|  20|0x0000000087200000, 0x0000000087300000, 0x0000000087300000|100%| O|  |TAMS 0x0000000087300000, 0x0000000087200000| Untracked 
|  21|0x0000000087300000, 0x0000000087400000, 0x0000000087400000|100%| O|  |TAMS 0x0000000087400000, 0x0000000087300000| Untracked 
|  22|0x0000000087400000, 0x0000000087500000, 0x0000000087500000|100%| O|  |TAMS 0x0000000087500000, 0x0000000087400000| Untracked 
|  23|0x0000000087500000, 0x0000000087600000, 0x0000000087600000|100%| O|  |TAMS 0x0000000087600000, 0x0000000087500000| Updating 
|  24|0x0000000087600000, 0x0000000087700000, 0x0000000087700000|100%| O|  |TAMS 0x0000000087700000, 0x0000000087600000| Untracked 
|  25|0x0000000087700000, 0x0000000087800000, 0x0000000087800000|100%| O|  |TAMS 0x0000000087800000, 0x0000000087700000| Untracked 
|  26|0x0000000087800000, 0x0000000087900000, 0x0000000087900000|100%| O|  |TAMS 0x0000000087900000, 0x0000000087800000| Updating 
|  27|0x0000000087900000, 0x0000000087a00000, 0x0000000087a00000|100%| O|  |TAMS 0x0000000087a00000, 0x0000000087900000| Untracked 
|  28|0x0000000087a00000, 0x0000000087b00000, 0x0000000087b00000|100%| O|  |TAMS 0x0000000087b00000, 0x0000000087a00000| Untracked 
|  29|0x0000000087b00000, 0x0000000087c00000, 0x0000000087c00000|100%| O|  |TAMS 0x0000000087c00000, 0x0000000087b00000| Updating 
|  30|0x0000000087c00000, 0x0000000087d00000, 0x0000000087d00000|100%| O|  |TAMS 0x0000000087d00000, 0x0000000087c00000| Untracked 
|  31|0x0000000087d00000, 0x0000000087e00000, 0x0000000087e00000|100%| O|  |TAMS 0x0000000087e00000, 0x0000000087d00000| Untracked 
|  32|0x0000000087e00000, 0x0000000087f00000, 0x0000000087f00000|100%| O|  |TAMS 0x0000000087f00000, 0x0000000087e00000| Untracked 
|  33|0x0000000087f00000, 0x0000000088000000, 0x0000000088000000|100%| O|  |TAMS 0x0000000088000000, 0x0000000087f00000| Untracked 
|  34|0x0000000088000000, 0x0000000088100000, 0x0000000088100000|100%| O|  |TAMS 0x0000000088100000, 0x0000000088000000| Untracked 
|  35|0x0000000088100000, 0x0000000088200000, 0x0000000088200000|100%| O|  |TAMS 0x0000000088200000, 0x0000000088100000| Untracked 
|  36|0x0000000088200000, 0x0000000088300000, 0x0000000088300000|100%| O|  |TAMS 0x0000000088300000, 0x0000000088200000| Updating 
|  37|0x0000000088300000, 0x0000000088400000, 0x0000000088400000|100%| O|  |TAMS 0x0000000088400000, 0x0000000088300000| Untracked 
|  38|0x0000000088400000, 0x0000000088500000, 0x0000000088500000|100%| O|  |TAMS 0x0000000088500000, 0x0000000088400000| Untracked 
|  39|0x0000000088500000, 0x0000000088600000, 0x0000000088600000|100%| O|  |TAMS 0x0000000088600000, 0x0000000088500000| Untracked 
|  40|0x0000000088600000, 0x0000000088700000, 0x0000000088700000|100%| O|  |TAMS 0x0000000088700000, 0x0000000088600000| Untracked 
|  41|0x0000000088700000, 0x0000000088800000, 0x0000000088800000|100%| O|  |TAMS 0x0000000088800000, 0x0000000088700000| Untracked 
|  42|0x0000000088800000, 0x0000000088900000, 0x0000000088900000|100%| O|  |TAMS 0x0000000088900000, 0x0000000088800000| Updating 
|  43|0x0000000088900000, 0x0000000088a00000, 0x0000000088a00000|100%| O|  |TAMS 0x0000000088a00000, 0x0000000088900000| Untracked 
|  44|0x0000000088a00000, 0x0000000088b00000, 0x0000000088b00000|100%| O|  |TAMS 0x0000000088b00000, 0x0000000088a00000| Untracked 
|  45|0x0000000088b00000, 0x0000000088c00000, 0x0000000088c00000|100%| O|  |TAMS 0x0000000088c00000, 0x0000000088b00000| Untracked 
|  46|0x0000000088c00000, 0x0000000088d00000, 0x0000000088d00000|100%| O|  |TAMS 0x0000000088d00000, 0x0000000088c00000| Untracked 
|  47|0x0000000088d00000, 0x0000000088e00000, 0x0000000088e00000|100%| O|  |TAMS 0x0000000088e00000, 0x0000000088d00000| Updating 
|  48|0x0000000088e00000, 0x0000000088f00000, 0x0000000088f00000|100%| O|  |TAMS 0x0000000088e00000, 0x0000000088e00000| Untracked 
|  49|0x0000000088f00000, 0x0000000089000000, 0x0000000089000000|100%| O|  |TAMS 0x0000000089000000, 0x0000000088f00000| Untracked 
|  50|0x0000000089000000, 0x0000000089100000, 0x0000000089100000|100%| O|  |TAMS 0x0000000089100000, 0x0000000089000000| Untracked 
|  51|0x0000000089100000, 0x0000000089200000, 0x0000000089200000|100%| O|  |TAMS 0x0000000089200000, 0x0000000089100000| Untracked 
|  52|0x0000000089200000, 0x0000000089300000, 0x0000000089300000|100%| O|  |TAMS 0x0000000089300000, 0x0000000089200000| Untracked 
|  53|0x0000000089300000, 0x0000000089400000, 0x0000000089400000|100%| O|  |TAMS 0x0000000089400000, 0x0000000089300000| Updating 
|  54|0x0000000089400000, 0x0000000089500000, 0x0000000089500000|100%| O|  |TAMS 0x0000000089500000, 0x0000000089400000| Updating 
|  55|0x0000000089500000, 0x0000000089600000, 0x0000000089600000|100%| O|  |TAMS 0x0000000089600000, 0x0000000089500000| Updating 
|  56|0x0000000089600000, 0x0000000089700000, 0x0000000089700000|100%| O|  |TAMS 0x0000000089700000, 0x0000000089600000| Updating 
|  57|0x0000000089700000, 0x0000000089800000, 0x0000000089800000|100%| O|  |TAMS 0x0000000089800000, 0x0000000089700000| Updating 
|  58|0x0000000089800000, 0x0000000089900000, 0x0000000089900000|100%| O|  |TAMS 0x0000000089841600, 0x0000000089800000| Updating 
|  59|0x0000000089900000, 0x0000000089a00000, 0x0000000089a00000|100%| O|  |TAMS 0x0000000089900000, 0x0000000089900000| Untracked 
|  60|0x0000000089a00000, 0x0000000089b00000, 0x0000000089b00000|100%| O|  |TAMS 0x0000000089a00000, 0x0000000089a00000| Untracked 
|  61|0x0000000089b00000, 0x0000000089c00000, 0x0000000089c00000|100%| O|  |TAMS 0x0000000089b00000, 0x0000000089b00000| Untracked 
|  62|0x0000000089c00000, 0x0000000089d00000, 0x0000000089d00000|100%| O|  |TAMS 0x0000000089c00000, 0x0000000089c00000| Untracked 
|  63|0x0000000089d00000, 0x0000000089e00000, 0x0000000089e00000|100%| O|  |TAMS 0x0000000089d00000, 0x0000000089d00000| Untracked 
|  64|0x0000000089e00000, 0x0000000089f00000, 0x0000000089f00000|100%| O|  |TAMS 0x0000000089e00000, 0x0000000089e00000| Untracked 
|  65|0x0000000089f00000, 0x000000008a000000, 0x000000008a000000|100%| O|  |TAMS 0x0000000089f00000, 0x0000000089f00000| Untracked 
|  66|0x000000008a000000, 0x000000008a100000, 0x000000008a100000|100%| O|  |TAMS 0x000000008a000000, 0x000000008a000000| Updating 
|  67|0x000000008a100000, 0x000000008a200000, 0x000000008a200000|100%| O|  |TAMS 0x000000008a100000, 0x000000008a100000| Untracked 
|  68|0x000000008a200000, 0x000000008a200000, 0x000000008a300000|  0%| F|  |TAMS 0x000000008a200000, 0x000000008a200000| Untracked 
|  69|0x000000008a300000, 0x000000008a300000, 0x000000008a400000|  0%| F|  |TAMS 0x000000008a300000, 0x000000008a300000| Untracked 
|  70|0x000000008a400000, 0x000000008a400000, 0x000000008a500000|  0%| F|  |TAMS 0x000000008a400000, 0x000000008a400000| Untracked 
|  71|0x000000008a500000, 0x000000008a500000, 0x000000008a600000|  0%| F|  |TAMS 0x000000008a500000, 0x000000008a500000| Untracked 
|  72|0x000000008a600000, 0x000000008a600000, 0x000000008a700000|  0%| F|  |TAMS 0x000000008a600000, 0x000000008a600000| Untracked 
|  73|0x000000008a700000, 0x000000008a700000, 0x000000008a800000|  0%| F|  |TAMS 0x000000008a700000, 0x000000008a700000| Untracked 
|  74|0x000000008a800000, 0x000000008a800000, 0x000000008a900000|  0%| F|  |TAMS 0x000000008a800000, 0x000000008a800000| Untracked 
|  75|0x000000008a900000, 0x000000008a900000, 0x000000008aa00000|  0%| F|  |TAMS 0x000000008a900000, 0x000000008a900000| Untracked 
|  76|0x000000008aa00000, 0x000000008aa00000, 0x000000008ab00000|  0%| F|  |TAMS 0x000000008aa00000, 0x000000008aa00000| Untracked 
|  77|0x000000008ab00000, 0x000000008ab00000, 0x000000008ac00000|  0%| F|  |TAMS 0x000000008ab00000, 0x000000008ab00000| Untracked 
|  78|0x000000008ac00000, 0x000000008ac00000, 0x000000008ad00000|  0%| F|  |TAMS 0x000000008ac00000, 0x000000008ac00000| Untracked 
|  79|0x000000008ad00000, 0x000000008ad00000, 0x000000008ae00000|  0%| F|  |TAMS 0x000000008ad00000, 0x000000008ad00000| Untracked 
|  80|0x000000008ae00000, 0x000000008ae00000, 0x000000008af00000|  0%| F|  |TAMS 0x000000008ae00000, 0x000000008ae00000| Untracked 
|  81|0x000000008af00000, 0x000000008af00000, 0x000000008b000000|  0%| F|  |TAMS 0x000000008af00000, 0x000000008af00000| Untracked 
|  82|0x000000008b000000, 0x000000008b000000, 0x000000008b100000|  0%| F|  |TAMS 0x000000008b000000, 0x000000008b000000| Untracked 
|  83|0x000000008b100000, 0x000000008b100000, 0x000000008b200000|  0%| F|  |TAMS 0x000000008b100000, 0x000000008b100000| Untracked 
|  84|0x000000008b200000, 0x000000008b200000, 0x000000008b300000|  0%| F|  |TAMS 0x000000008b200000, 0x000000008b200000| Untracked 
|  85|0x000000008b300000, 0x000000008b300000, 0x000000008b400000|  0%| F|  |TAMS 0x000000008b300000, 0x000000008b300000| Untracked 
|  86|0x000000008b400000, 0x000000008b400000, 0x000000008b500000|  0%| F|  |TAMS 0x000000008b400000, 0x000000008b400000| Untracked 
|  87|0x000000008b500000, 0x000000008b500000, 0x000000008b600000|  0%| F|  |TAMS 0x000000008b500000, 0x000000008b500000| Untracked 
|  88|0x000000008b600000, 0x000000008b600000, 0x000000008b700000|  0%| F|  |TAMS 0x000000008b600000, 0x000000008b600000| Untracked 
|  89|0x000000008b700000, 0x000000008b700000, 0x000000008b800000|  0%| F|  |TAMS 0x000000008b700000, 0x000000008b700000| Untracked 
|  90|0x000000008b800000, 0x000000008b800000, 0x000000008b900000|  0%| F|  |TAMS 0x000000008b800000, 0x000000008b800000| Untracked 
|  91|0x000000008b900000, 0x000000008b900000, 0x000000008ba00000|  0%| F|  |TAMS 0x000000008b900000, 0x000000008b900000| Untracked 
|  92|0x000000008ba00000, 0x000000008ba00000, 0x000000008bb00000|  0%| F|  |TAMS 0x000000008ba00000, 0x000000008ba00000| Untracked 
|  93|0x000000008bb00000, 0x000000008bb00000, 0x000000008bc00000|  0%| F|  |TAMS 0x000000008bb00000, 0x000000008bb00000| Untracked 
|  94|0x000000008bc00000, 0x000000008bc00000, 0x000000008bd00000|  0%| F|  |TAMS 0x000000008bc00000, 0x000000008bc00000| Untracked 
|  95|0x000000008bd00000, 0x000000008bd00000, 0x000000008be00000|  0%| F|  |TAMS 0x000000008bd00000, 0x000000008bd00000| Untracked 
|  96|0x000000008be00000, 0x000000008be00000, 0x000000008bf00000|  0%| F|  |TAMS 0x000000008be00000, 0x000000008be00000| Untracked 
|  97|0x000000008bf00000, 0x000000008bf00000, 0x000000008c000000|  0%| F|  |TAMS 0x000000008bf00000, 0x000000008bf00000| Untracked 
|  98|0x000000008c000000, 0x000000008c000000, 0x000000008c100000|  0%| F|  |TAMS 0x000000008c000000, 0x000000008c000000| Untracked 
|  99|0x000000008c100000, 0x000000008c100000, 0x000000008c200000|  0%| F|  |TAMS 0x000000008c100000, 0x000000008c100000| Untracked 
| 100|0x000000008c200000, 0x000000008c200000, 0x000000008c300000|  0%| F|  |TAMS 0x000000008c200000, 0x000000008c200000| Untracked 
| 101|0x000000008c300000, 0x000000008c300000, 0x000000008c400000|  0%| F|  |TAMS 0x000000008c300000, 0x000000008c300000| Untracked 
| 102|0x000000008c400000, 0x000000008c400000, 0x000000008c500000|  0%| F|  |TAMS 0x000000008c400000, 0x000000008c400000| Untracked 
| 103|0x000000008c500000, 0x000000008c500000, 0x000000008c600000|  0%| F|  |TAMS 0x000000008c500000, 0x000000008c500000| Untracked 
| 104|0x000000008c600000, 0x000000008c600000, 0x000000008c700000|  0%| F|  |TAMS 0x000000008c600000, 0x000000008c600000| Untracked 
| 105|0x000000008c700000, 0x000000008c700000, 0x000000008c800000|  0%| F|  |TAMS 0x000000008c700000, 0x000000008c700000| Untracked 
| 106|0x000000008c800000, 0x000000008c800000, 0x000000008c900000|  0%| F|  |TAMS 0x000000008c800000, 0x000000008c800000| Untracked 
| 107|0x000000008c900000, 0x000000008c900000, 0x000000008ca00000|  0%| F|  |TAMS 0x000000008c900000, 0x000000008c900000| Untracked 
| 108|0x000000008ca00000, 0x000000008ca00000, 0x000000008cb00000|  0%| F|  |TAMS 0x000000008ca00000, 0x000000008ca00000| Untracked 
| 109|0x000000008cb00000, 0x000000008cb00000, 0x000000008cc00000|  0%| F|  |TAMS 0x000000008cb00000, 0x000000008cb00000| Untracked 
| 110|0x000000008cc00000, 0x000000008cc00000, 0x000000008cd00000|  0%| F|  |TAMS 0x000000008cc00000, 0x000000008cc00000| Untracked 
| 111|0x000000008cd00000, 0x000000008cd00000, 0x000000008ce00000|  0%| F|  |TAMS 0x000000008cd00000, 0x000000008cd00000| Untracked 
| 112|0x000000008ce00000, 0x000000008ce00000, 0x000000008cf00000|  0%| F|  |TAMS 0x000000008ce00000, 0x000000008ce00000| Untracked 
| 113|0x000000008cf00000, 0x000000008cf00000, 0x000000008d000000|  0%| F|  |TAMS 0x000000008cf00000, 0x000000008cf00000| Untracked 
| 114|0x000000008d000000, 0x000000008d000000, 0x000000008d100000|  0%| F|  |TAMS 0x000000008d000000, 0x000000008d000000| Untracked 
| 115|0x000000008d100000, 0x000000008d100000, 0x000000008d200000|  0%| F|  |TAMS 0x000000008d100000, 0x000000008d100000| Untracked 
| 116|0x000000008d200000, 0x000000008d200000, 0x000000008d300000|  0%| F|  |TAMS 0x000000008d200000, 0x000000008d200000| Untracked 
| 117|0x000000008d300000, 0x000000008d300000, 0x000000008d400000|  0%| F|  |TAMS 0x000000008d300000, 0x000000008d300000| Untracked 
| 118|0x000000008d400000, 0x000000008d400000, 0x000000008d500000|  0%| F|  |TAMS 0x000000008d400000, 0x000000008d400000| Untracked 
| 119|0x000000008d500000, 0x000000008d500000, 0x000000008d600000|  0%| F|  |TAMS 0x000000008d500000, 0x000000008d500000| Untracked 
| 120|0x000000008d600000, 0x000000008d600000, 0x000000008d700000|  0%| F|  |TAMS 0x000000008d600000, 0x000000008d600000| Untracked 
| 121|0x000000008d700000, 0x000000008d700000, 0x000000008d800000|  0%| F|  |TAMS 0x000000008d700000, 0x000000008d700000| Untracked 
| 122|0x000000008d800000, 0x000000008d800000, 0x000000008d900000|  0%| F|  |TAMS 0x000000008d800000, 0x000000008d800000| Untracked 
| 123|0x000000008d900000, 0x000000008d900000, 0x000000008da00000|  0%| F|  |TAMS 0x000000008d900000, 0x000000008d900000| Untracked 
| 124|0x000000008da00000, 0x000000008da00000, 0x000000008db00000|  0%| F|  |TAMS 0x000000008da00000, 0x000000008da00000| Untracked 
| 125|0x000000008db00000, 0x000000008dbe2798, 0x000000008dc00000| 88%| S|CS|TAMS 0x000000008db00000, 0x000000008db00000| Complete 
| 126|0x000000008dc00000, 0x000000008dd00000, 0x000000008dd00000|100%| S|CS|TAMS 0x000000008dc00000, 0x000000008dc00000| Complete 
| 127|0x000000008dd00000, 0x000000008de00000, 0x000000008de00000|100%| S|CS|TAMS 0x000000008dd00000, 0x000000008dd00000| Complete 
| 128|0x000000008de00000, 0x000000008df00000, 0x000000008df00000|100%| S|CS|TAMS 0x000000008de00000, 0x000000008de00000| Complete 
| 129|0x000000008df00000, 0x000000008e000000, 0x000000008e000000|100%| S|CS|TAMS 0x000000008df00000, 0x000000008df00000| Complete 
| 130|0x000000008e000000, 0x000000008e100000, 0x000000008e100000|100%| S|CS|TAMS 0x000000008e000000, 0x000000008e000000| Complete 
| 131|0x000000008e100000, 0x000000008e100000, 0x000000008e200000|  0%| F|  |TAMS 0x000000008e100000, 0x000000008e100000| Untracked 
| 132|0x000000008e200000, 0x000000008e200000, 0x000000008e300000|  0%| F|  |TAMS 0x000000008e200000, 0x000000008e200000| Untracked 
| 133|0x000000008e300000, 0x000000008e300000, 0x000000008e400000|  0%| F|  |TAMS 0x000000008e300000, 0x000000008e300000| Untracked 
| 134|0x000000008e400000, 0x000000008e400000, 0x000000008e500000|  0%| F|  |TAMS 0x000000008e400000, 0x000000008e400000| Untracked 
| 135|0x000000008e500000, 0x000000008e500000, 0x000000008e600000|  0%| F|  |TAMS 0x000000008e500000, 0x000000008e500000| Untracked 
| 136|0x000000008e600000, 0x000000008e600000, 0x000000008e700000|  0%| F|  |TAMS 0x000000008e600000, 0x000000008e600000| Untracked 
| 137|0x000000008e700000, 0x000000008e700000, 0x000000008e800000|  0%| F|  |TAMS 0x000000008e700000, 0x000000008e700000| Untracked 
| 138|0x000000008e800000, 0x000000008e800000, 0x000000008e900000|  0%| F|  |TAMS 0x000000008e800000, 0x000000008e800000| Untracked 
| 139|0x000000008e900000, 0x000000008e900000, 0x000000008ea00000|  0%| F|  |TAMS 0x000000008e900000, 0x000000008e900000| Untracked 
| 140|0x000000008ea00000, 0x000000008ea00000, 0x000000008eb00000|  0%| F|  |TAMS 0x000000008ea00000, 0x000000008ea00000| Untracked 
| 141|0x000000008eb00000, 0x000000008eb00000, 0x000000008ec00000|  0%| F|  |TAMS 0x000000008eb00000, 0x000000008eb00000| Untracked 
| 142|0x000000008ec00000, 0x000000008ec00000, 0x000000008ed00000|  0%| F|  |TAMS 0x000000008ec00000, 0x000000008ec00000| Untracked 
| 143|0x000000008ed00000, 0x000000008ed00000, 0x000000008ee00000|  0%| F|  |TAMS 0x000000008ed00000, 0x000000008ed00000| Untracked 
| 144|0x000000008ee00000, 0x000000008ee00000, 0x000000008ef00000|  0%| F|  |TAMS 0x000000008ee00000, 0x000000008ee00000| Untracked 
| 145|0x000000008ef00000, 0x000000008ef00000, 0x000000008f000000|  0%| F|  |TAMS 0x000000008ef00000, 0x000000008ef00000| Untracked 
| 146|0x000000008f000000, 0x000000008f000000, 0x000000008f100000|  0%| F|  |TAMS 0x000000008f000000, 0x000000008f000000| Untracked 
| 147|0x000000008f100000, 0x000000008f100000, 0x000000008f200000|  0%| F|  |TAMS 0x000000008f100000, 0x000000008f100000| Untracked 
| 148|0x000000008f200000, 0x000000008f200000, 0x000000008f300000|  0%| F|  |TAMS 0x000000008f200000, 0x000000008f200000| Untracked 
| 149|0x000000008f300000, 0x000000008f300000, 0x000000008f400000|  0%| F|  |TAMS 0x000000008f300000, 0x000000008f300000| Untracked 
| 150|0x000000008f400000, 0x000000008f400000, 0x000000008f500000|  0%| F|  |TAMS 0x000000008f400000, 0x000000008f400000| Untracked 
| 151|0x000000008f500000, 0x000000008f500000, 0x000000008f600000|  0%| F|  |TAMS 0x000000008f500000, 0x000000008f500000| Untracked 
| 152|0x000000008f600000, 0x000000008f600000, 0x000000008f700000|  0%| F|  |TAMS 0x000000008f600000, 0x000000008f600000| Untracked 
| 153|0x000000008f700000, 0x000000008f700000, 0x000000008f800000|  0%| F|  |TAMS 0x000000008f700000, 0x000000008f700000| Untracked 
| 154|0x000000008f800000, 0x000000008f800000, 0x000000008f900000|  0%| F|  |TAMS 0x000000008f800000, 0x000000008f800000| Untracked 
| 155|0x000000008f900000, 0x000000008f900000, 0x000000008fa00000|  0%| F|  |TAMS 0x000000008f900000, 0x000000008f900000| Untracked 
| 156|0x000000008fa00000, 0x000000008fa00000, 0x000000008fb00000|  0%| F|  |TAMS 0x000000008fa00000, 0x000000008fa00000| Untracked 
| 157|0x000000008fb00000, 0x000000008fb00000, 0x000000008fc00000|  0%| F|  |TAMS 0x000000008fb00000, 0x000000008fb00000| Untracked 
| 158|0x000000008fc00000, 0x000000008fc00000, 0x000000008fd00000|  0%| F|  |TAMS 0x000000008fc00000, 0x000000008fc00000| Untracked 
| 159|0x000000008fd00000, 0x000000008fd00000, 0x000000008fe00000|  0%| F|  |TAMS 0x000000008fd00000, 0x000000008fd00000| Untracked 
| 160|0x000000008fe00000, 0x000000008fe00000, 0x000000008ff00000|  0%| F|  |TAMS 0x000000008fe00000, 0x000000008fe00000| Untracked 
| 161|0x000000008ff00000, 0x000000008ff00000, 0x0000000090000000|  0%| F|  |TAMS 0x000000008ff00000, 0x000000008ff00000| Untracked 
| 162|0x0000000090000000, 0x0000000090000000, 0x0000000090100000|  0%| F|  |TAMS 0x0000000090000000, 0x0000000090000000| Untracked 
| 163|0x0000000090100000, 0x0000000090100000, 0x0000000090200000|  0%| F|  |TAMS 0x0000000090100000, 0x0000000090100000| Untracked 
| 164|0x0000000090200000, 0x0000000090200000, 0x0000000090300000|  0%| F|  |TAMS 0x0000000090200000, 0x0000000090200000| Untracked 
| 165|0x0000000090300000, 0x0000000090300000, 0x0000000090400000|  0%| F|  |TAMS 0x0000000090300000, 0x0000000090300000| Untracked 
| 166|0x0000000090400000, 0x0000000090400000, 0x0000000090500000|  0%| F|  |TAMS 0x0000000090400000, 0x0000000090400000| Untracked 
| 167|0x0000000090500000, 0x0000000090500000, 0x0000000090600000|  0%| F|  |TAMS 0x0000000090500000, 0x0000000090500000| Untracked 
| 168|0x0000000090600000, 0x0000000090600000, 0x0000000090700000|  0%| F|  |TAMS 0x0000000090600000, 0x0000000090600000| Untracked 
| 169|0x0000000090700000, 0x0000000090700000, 0x0000000090800000|  0%| F|  |TAMS 0x0000000090700000, 0x0000000090700000| Untracked 
| 170|0x0000000090800000, 0x0000000090800000, 0x0000000090900000|  0%| F|  |TAMS 0x0000000090800000, 0x0000000090800000| Untracked 
| 171|0x0000000090900000, 0x0000000090900000, 0x0000000090a00000|  0%| F|  |TAMS 0x0000000090900000, 0x0000000090900000| Untracked 
| 172|0x0000000090a00000, 0x0000000090a00000, 0x0000000090b00000|  0%| F|  |TAMS 0x0000000090a00000, 0x0000000090a00000| Untracked 
| 173|0x0000000090b00000, 0x0000000090b00000, 0x0000000090c00000|  0%| F|  |TAMS 0x0000000090b00000, 0x0000000090b00000| Untracked 
| 174|0x0000000090c00000, 0x0000000090c00000, 0x0000000090d00000|  0%| F|  |TAMS 0x0000000090c00000, 0x0000000090c00000| Untracked 
| 175|0x0000000090d00000, 0x0000000090d00000, 0x0000000090e00000|  0%| F|  |TAMS 0x0000000090d00000, 0x0000000090d00000| Untracked 
| 176|0x0000000090e00000, 0x0000000090e00000, 0x0000000090f00000|  0%| F|  |TAMS 0x0000000090e00000, 0x0000000090e00000| Untracked 
| 177|0x0000000090f00000, 0x0000000090f00000, 0x0000000091000000|  0%| F|  |TAMS 0x0000000090f00000, 0x0000000090f00000| Untracked 
| 178|0x0000000091000000, 0x0000000091000000, 0x0000000091100000|  0%| F|  |TAMS 0x0000000091000000, 0x0000000091000000| Untracked 
| 179|0x0000000091100000, 0x0000000091100000, 0x0000000091200000|  0%| F|  |TAMS 0x0000000091100000, 0x0000000091100000| Untracked 
| 180|0x0000000091200000, 0x0000000091200000, 0x0000000091300000|  0%| F|  |TAMS 0x0000000091200000, 0x0000000091200000| Untracked 
| 181|0x0000000091300000, 0x0000000091300000, 0x0000000091400000|  0%| F|  |TAMS 0x0000000091300000, 0x0000000091300000| Untracked 
| 182|0x0000000091400000, 0x0000000091400000, 0x0000000091500000|  0%| F|  |TAMS 0x0000000091400000, 0x0000000091400000| Untracked 
| 183|0x0000000091500000, 0x0000000091500000, 0x0000000091600000|  0%| F|  |TAMS 0x0000000091500000, 0x0000000091500000| Untracked 
| 184|0x0000000091600000, 0x0000000091600000, 0x0000000091700000|  0%| F|  |TAMS 0x0000000091600000, 0x0000000091600000| Untracked 
| 185|0x0000000091700000, 0x0000000091700000, 0x0000000091800000|  0%| F|  |TAMS 0x0000000091700000, 0x0000000091700000| Untracked 
| 186|0x0000000091800000, 0x0000000091800000, 0x0000000091900000|  0%| F|  |TAMS 0x0000000091800000, 0x0000000091800000| Untracked 
| 187|0x0000000091900000, 0x0000000091900000, 0x0000000091a00000|  0%| F|  |TAMS 0x0000000091900000, 0x0000000091900000| Untracked 
| 188|0x0000000091a00000, 0x0000000091a00000, 0x0000000091b00000|  0%| F|  |TAMS 0x0000000091a00000, 0x0000000091a00000| Untracked 
| 189|0x0000000091b00000, 0x0000000091b00000, 0x0000000091c00000|  0%| F|  |TAMS 0x0000000091b00000, 0x0000000091b00000| Untracked 
| 190|0x0000000091c00000, 0x0000000091c00000, 0x0000000091d00000|  0%| F|  |TAMS 0x0000000091c00000, 0x0000000091c00000| Untracked 
| 191|0x0000000091d00000, 0x0000000091d00000, 0x0000000091e00000|  0%| F|  |TAMS 0x0000000091d00000, 0x0000000091d00000| Untracked 
| 192|0x0000000091e00000, 0x0000000091e00000, 0x0000000091f00000|  0%| F|  |TAMS 0x0000000091e00000, 0x0000000091e00000| Untracked 
| 193|0x0000000091f00000, 0x0000000091f00000, 0x0000000092000000|  0%| F|  |TAMS 0x0000000091f00000, 0x0000000091f00000| Untracked 
| 194|0x0000000092000000, 0x0000000092000000, 0x0000000092100000|  0%| F|  |TAMS 0x0000000092000000, 0x0000000092000000| Untracked 
| 195|0x0000000092100000, 0x0000000092100000, 0x0000000092200000|  0%| F|  |TAMS 0x0000000092100000, 0x0000000092100000| Untracked 
| 196|0x0000000092200000, 0x0000000092200000, 0x0000000092300000|  0%| F|  |TAMS 0x0000000092200000, 0x0000000092200000| Untracked 
| 197|0x0000000092300000, 0x0000000092300000, 0x0000000092400000|  0%| F|  |TAMS 0x0000000092300000, 0x0000000092300000| Untracked 
| 198|0x0000000092400000, 0x0000000092400000, 0x0000000092500000|  0%| F|  |TAMS 0x0000000092400000, 0x0000000092400000| Untracked 
| 199|0x0000000092500000, 0x0000000092500000, 0x0000000092600000|  0%| F|  |TAMS 0x0000000092500000, 0x0000000092500000| Untracked 
| 200|0x0000000092600000, 0x0000000092600000, 0x0000000092700000|  0%| F|  |TAMS 0x0000000092600000, 0x0000000092600000| Untracked 
| 201|0x0000000092700000, 0x0000000092700000, 0x0000000092800000|  0%| F|  |TAMS 0x0000000092700000, 0x0000000092700000| Untracked 
| 202|0x0000000092800000, 0x0000000092800000, 0x0000000092900000|  0%| F|  |TAMS 0x0000000092800000, 0x0000000092800000| Untracked 
| 203|0x0000000092900000, 0x0000000092900000, 0x0000000092a00000|  0%| F|  |TAMS 0x0000000092900000, 0x0000000092900000| Untracked 

Card table byte_map: [0x000002c0aed10000,0x000002c0af0f0000] _byte_map_base: 0x000002c0ae8e1000

Marking Bits (Prev, Next): (CMBitMap*) 0x000002c0a8bfb450, (CMBitMap*) 0x000002c0a8bfb410
 Prev Bits: [0x000002c0b1360000, 0x000002c0b31e8000)
 Next Bits: [0x000002c0af4d0000, 0x000002c0b1358000)

Polling page: 0x000002c0a6b80000

Metaspace:

Usage:
  Non-class:     31.80 MB used.
      Class:      4.72 MB used.
       Both:     36.52 MB used.

Virtual space:
  Non-class space:       40.00 MB reserved,      31.94 MB ( 80%) committed,  5 nodes.
      Class space:        1.00 GB reserved,       4.88 MB ( <1%) committed,  1 nodes.
             Both:        1.04 GB reserved,      36.81 MB (  3%) committed. 

Chunk freelists:
   Non-Class:  3.64 MB
       Class:  2.97 MB
        Both:  6.61 MB

MaxMetaspaceSize: unlimited
CompressedClassSpaceSize: 1.00 GB
Initial GC threshold: 21.00 MB
Current GC threshold: 61.38 MB
CDS: off
MetaspaceReclaimPolicy: balanced
 - commit_granule_bytes: 65536.
 - commit_granule_words: 8192.
 - virtual_space_node_default_size: 1048576.
 - enlarge_chunks_in_place: 1.
 - new_chunks_are_fully_committed: 0.
 - uncommit_free_chunks: 1.
 - use_allocation_guard: 0.
 - handle_deallocations: 1.


Internal statistics:

num_allocs_failed_limit: 11.
num_arena_births: 342.
num_arena_deaths: 0.
num_vsnodes_births: 6.
num_vsnodes_deaths: 0.
num_space_committed: 589.
num_space_uncommitted: 0.
num_chunks_returned_to_freelist: 11.
num_chunks_taken_from_freelist: 1412.
num_chunk_merges: 11.
num_chunk_splits: 989.
num_chunks_enlarged: 770.
num_purges: 0.
num_inconsistent_stats: 0.

CodeCache: size=49152Kb used=9328Kb max_used=9328Kb free=39823Kb
 bounds [0x000002c0ab820000, 0x000002c0ac140000, 0x000002c0ae820000]
 total_blobs=4413 nmethods=3884 adapters=452
 compilation: enabled
              stopped_count=0, restarted_count=0
 full_count=0

Compilation events (20 events):
Event: 6.633 Thread 0x000002c0b6a32190 nmethod 3880 0x000002c0ac132d90 code [0x000002c0ac132f20, 0x000002c0ac1330f8]
Event: 6.634 Thread 0x000002c0b6a32190 3882       1       nonapi.io.github.classgraph.utils.ProxyingInputStream::<init> (10 bytes)
Event: 6.634 Thread 0x000002c0b682acb0 nmethod 3857 0x000002c0ac133190 code [0x000002c0ac1333a0, 0x000002c0ac133888]
Event: 6.634 Thread 0x000002c0b6a32190 nmethod 3882 0x000002c0ac133a90 code [0x000002c0ac133c20, 0x000002c0ac133d38]
Event: 6.634 Thread 0x000002c0b682acb0 3872       1       jdk.internal.jimage.BasicImageReader::releaseByteBuffer (16 bytes)
Event: 6.634 Thread 0x000002c0b72f17f0 nmethod 3833 0x000002c0ac133d90 code [0x000002c0ac133f80, 0x000002c0ac1343b8]
Event: 6.634 Thread 0x000002c0b6a32190 3815       1       nonapi.io.github.classgraph.fileslice.reader.ClassfileReader::buf (5 bytes)
Event: 6.634 Thread 0x000002c0b72f17f0 3875       1       nonapi.io.github.classgraph.fileslice.reader.ClassfileReader::<init> (29 bytes)
Event: 6.634 Thread 0x000002c0b6a32190 nmethod 3815 0x000002c0ac134690 code [0x000002c0ac134820, 0x000002c0ac1348f8]
Event: 6.634 Thread 0x000002c0b6a32190 3836       1       java.io.ByteArrayOutputStream::close (1 bytes)
Event: 6.634 Thread 0x000002c0b682acb0 nmethod 3872 0x000002c0ac134990 code [0x000002c0ac134b20, 0x000002c0ac134c68]
Event: 6.634 Thread 0x000002c0b682acb0 3870       1       sun.util.calendar.CalendarDate::setNormalized (6 bytes)
Event: 6.634 Thread 0x000002c0b72f17f0 nmethod 3875 0x000002c0ac134d10 code [0x000002c0ac134ea0, 0x000002c0ac135118]
Event: 6.634 Thread 0x000002c0b6a32190 nmethod 3836 0x000002c0ac135190 code [0x000002c0ac135320, 0x000002c0ac1353d8]
Event: 6.634 Thread 0x000002c0b682acb0 nmethod 3870 0x000002c0ac135490 code [0x000002c0ac135620, 0x000002c0ac1356f8]
Event: 6.635 Thread 0x000002c0b6a34760 nmethod 3854 0x000002c0ac135790 code [0x000002c0ac135fc0, 0x000002c0ac138b08]
Event: 6.663 Thread 0x000002c0b6a34760 3883  s!   1       jdk.internal.loader.URLClassPath::getLoader (196 bytes)
Event: 6.665 Thread 0x000002c0b6a34760 nmethod 3883 0x000002c0ac13a590 code [0x000002c0ac13a840, 0x000002c0ac13b258]
Event: 6.764 Thread 0x000002c0b6a34760 3884       1       java.util.concurrent.locks.ReentrantLock$NonfairSync::tryAcquire (27 bytes)
Event: 6.765 Thread 0x000002c0b6a34760 nmethod 3884 0x000002c0ac13bf10 code [0x000002c0ac13c0a0, 0x000002c0ac13c218]

GC Heap History (20 events):
Event: 5.726 GC heap after
{Heap after GC invocations=10 (full 0):
 garbage-first heap   total 61440K, used 29804K [0x0000000085e00000, 0x0000000100000000)
  region size 1024K, 3 young (3072K), 3 survivors (3072K)
 Metaspace       used 33869K, committed 34176K, reserved 1081344K
  class space    used 4320K, committed 4480K, reserved 1048576K
}
Event: 5.796 GC heap before
{Heap before GC invocations=10 (full 0):
 garbage-first heap   total 61440K, used 46188K [0x0000000085e00000, 0x0000000100000000)
  region size 1024K, 19 young (19456K), 3 survivors (3072K)
 Metaspace       used 34137K, committed 34496K, reserved 1081344K
  class space    used 4352K, committed 4544K, reserved 1048576K
}
Event: 5.802 GC heap after
{Heap after GC invocations=11 (full 0):
 garbage-first heap   total 98304K, used 32543K [0x0000000085e00000, 0x0000000100000000)
  region size 1024K, 3 young (3072K), 3 survivors (3072K)
 Metaspace       used 34137K, committed 34496K, reserved 1081344K
  class space    used 4352K, committed 4544K, reserved 1048576K
}
Event: 5.956 GC heap before
{Heap before GC invocations=11 (full 0):
 garbage-first heap   total 98304K, used 68383K [0x0000000085e00000, 0x0000000100000000)
  region size 1024K, 39 young (39936K), 3 survivors (3072K)
 Metaspace       used 34569K, committed 34944K, reserved 1081344K
  class space    used 4417K, committed 4608K, reserved 1048576K
}
Event: 5.970 GC heap after
{Heap after GC invocations=12 (full 0):
 garbage-first heap   total 98304K, used 41964K [0x0000000085e00000, 0x0000000100000000)
  region size 1024K, 5 young (5120K), 5 survivors (5120K)
 Metaspace       used 34569K, committed 34944K, reserved 1081344K
  class space    used 4417K, committed 4608K, reserved 1048576K
}
Event: 6.225 GC heap before
{Heap before GC invocations=12 (full 0):
 garbage-first heap   total 98304K, used 69612K [0x0000000085e00000, 0x0000000100000000)
  region size 1024K, 32 young (32768K), 5 survivors (5120K)
 Metaspace       used 35605K, committed 35904K, reserved 1081344K
  class space    used 4601K, committed 4736K, reserved 1048576K
}
Event: 6.236 GC heap after
{Heap after GC invocations=13 (full 0):
 garbage-first heap   total 98304K, used 47255K [0x0000000085e00000, 0x0000000100000000)
  region size 1024K, 4 young (4096K), 4 survivors (4096K)
 Metaspace       used 35605K, committed 35904K, reserved 1081344K
  class space    used 4601K, committed 4736K, reserved 1048576K
}
Event: 6.310 GC heap before
{Heap before GC invocations=13 (full 0):
 garbage-first heap   total 98304K, used 50327K [0x0000000085e00000, 0x0000000100000000)
  region size 1024K, 8 young (8192K), 4 survivors (4096K)
 Metaspace       used 35885K, committed 36160K, reserved 1081344K
  class space    used 4660K, committed 4800K, reserved 1048576K
}
Event: 6.316 GC heap after
{Heap after GC invocations=14 (full 0):
 garbage-first heap   total 98304K, used 48535K [0x0000000085e00000, 0x0000000100000000)
  region size 1024K, 1 young (1024K), 1 survivors (1024K)
 Metaspace       used 35885K, committed 36160K, reserved 1081344K
  class space    used 4660K, committed 4800K, reserved 1048576K
}
Event: 6.530 GC heap before
{Heap before GC invocations=15 (full 0):
 garbage-first heap   total 98304K, used 74135K [0x0000000085e00000, 0x0000000100000000)
  region size 1024K, 26 young (26624K), 1 survivors (1024K)
 Metaspace       used 36757K, committed 37056K, reserved 1081344K
  class space    used 4773K, committed 4928K, reserved 1048576K
}
Event: 6.541 GC heap after
{Heap after GC invocations=16 (full 0):
 garbage-first heap   total 98304K, used 58749K [0x0000000085e00000, 0x0000000100000000)
  region size 1024K, 4 young (4096K), 4 survivors (4096K)
 Metaspace       used 36757K, committed 37056K, reserved 1081344K
  class space    used 4773K, committed 4928K, reserved 1048576K
}
Event: 6.547 GC heap before
{Heap before GC invocations=16 (full 0):
 garbage-first heap   total 98304K, used 59773K [0x0000000085e00000, 0x0000000100000000)
  region size 1024K, 5 young (5120K), 4 survivors (4096K)
 Metaspace       used 36812K, committed 37120K, reserved 1081344K
  class space    used 4773K, committed 4928K, reserved 1048576K
}
Event: 6.558 GC heap after
{Heap after GC invocations=17 (full 0):
 garbage-first heap   total 190464K, used 59577K [0x0000000085e00000, 0x0000000100000000)
  region size 1024K, 1 young (1024K), 1 survivors (1024K)
 Metaspace       used 36812K, committed 37120K, reserved 1081344K
  class space    used 4773K, committed 4928K, reserved 1048576K
}
Event: 6.648 GC heap before
{Heap before GC invocations=17 (full 0):
 garbage-first heap   total 190464K, used 139449K [0x0000000085e00000, 0x0000000100000000)
  region size 1024K, 79 young (80896K), 1 survivors (1024K)
 Metaspace       used 37093K, committed 37440K, reserved 1089536K
  class space    used 4805K, committed 4992K, reserved 1048576K
}
Event: 6.662 GC heap after
{Heap after GC invocations=18 (full 0):
 garbage-first heap   total 190464K, used 67870K [0x0000000085e00000, 0x0000000100000000)
  region size 1024K, 9 young (9216K), 9 survivors (9216K)
 Metaspace       used 37093K, committed 37440K, reserved 1089536K
  class space    used 4805K, committed 4992K, reserved 1048576K
}
Event: 6.688 GC heap before
{Heap before GC invocations=18 (full 0):
 garbage-first heap   total 190464K, used 140574K [0x0000000085e00000, 0x0000000100000000)
  region size 1024K, 81 young (82944K), 9 survivors (9216K)
 Metaspace       used 37135K, committed 37440K, reserved 1089536K
  class space    used 4810K, committed 4992K, reserved 1048576K
}
Event: 6.700 GC heap after
{Heap after GC invocations=19 (full 0):
 garbage-first heap   total 190464K, used 71227K [0x0000000085e00000, 0x0000000100000000)
  region size 1024K, 4 young (4096K), 4 survivors (4096K)
 Metaspace       used 37135K, committed 37440K, reserved 1089536K
  class space    used 4810K, committed 4992K, reserved 1048576K
}
Event: 6.727 GC heap before
{Heap before GC invocations=19 (full 0):
 garbage-first heap   total 190464K, used 143931K [0x0000000085e00000, 0x0000000100000000)
  region size 1024K, 76 young (77824K), 4 survivors (4096K)
 Metaspace       used 37256K, committed 37568K, reserved 1089536K
  class space    used 4817K, committed 4992K, reserved 1048576K
}
Event: 6.731 GC heap after
{Heap after GC invocations=20 (full 0):
 garbage-first heap   total 190464K, used 73750K [0x0000000085e00000, 0x0000000100000000)
  region size 1024K, 6 young (6144K), 6 survivors (6144K)
 Metaspace       used 37256K, committed 37568K, reserved 1089536K
  class space    used 4817K, committed 4992K, reserved 1048576K
}
Event: 6.768 GC heap before
{Heap before GC invocations=20 (full 0):
 garbage-first heap   total 208896K, used 146454K [0x0000000085e00000, 0x0000000100000000)
  region size 1024K, 79 young (80896K), 6 survivors (6144K)
 Metaspace       used 37394K, committed 37696K, reserved 1089536K
  class space    used 4834K, committed 4992K, reserved 1048576K
}

Deoptimization events (14 events):
Event: 3.025 Thread 0x000002c0a8b9da10 DEOPT PACKING pc=0x000002c0abd72099 sp=0x000000e0a30fd280
Event: 3.025 Thread 0x000002c0a8b9da10 DEOPT UNPACKING pc=0x000002c0ab872b43 sp=0x000000e0a30fc760 mode 3
Event: 5.156 Thread 0x000002c0a8b9da10 DEOPT PACKING pc=0x000002c0abeeb899 sp=0x000000e0a30fc660
Event: 5.156 Thread 0x000002c0a8b9da10 DEOPT UNPACKING pc=0x000002c0ab872b43 sp=0x000000e0a30fbb40 mode 3
Event: 5.279 Thread 0x000002c0b84bfad0 DEOPT PACKING pc=0x000002c0abf3fdab sp=0x000000e0a4ffe4d0
Event: 5.279 Thread 0x000002c0b84bfad0 DEOPT UNPACKING pc=0x000002c0ab872b43 sp=0x000000e0a4ffda18 mode 3
Event: 5.595 Thread 0x000002c0b85b86d0 DEOPT PACKING pc=0x000002c0abd6e801 sp=0x000000e0a51ff0b0
Event: 5.595 Thread 0x000002c0b85b86d0 DEOPT UNPACKING pc=0x000002c0ab872b43 sp=0x000000e0a51fe540 mode 3
Event: 5.596 Thread 0x000002c0b8611ca0 DEOPT PACKING pc=0x000002c0abd6d397 sp=0x000000e0a54feeb0
Event: 5.596 Thread 0x000002c0b861b400 DEOPT PACKING pc=0x000002c0abd6d397 sp=0x000000e0a5dfee50
Event: 5.596 Thread 0x000002c0b8611ca0 DEOPT UNPACKING pc=0x000002c0ab872b43 sp=0x000000e0a54fe308 mode 3
Event: 5.596 Thread 0x000002c0b861b400 DEOPT UNPACKING pc=0x000002c0ab872b43 sp=0x000000e0a5dfe2a8 mode 3
Event: 6.081 Thread 0x000002c0b8619720 DEOPT PACKING pc=0x000002c0ac0ae7b5 sp=0x000000e0a61fdee0
Event: 6.081 Thread 0x000002c0b8619720 DEOPT UNPACKING pc=0x000002c0ab872b43 sp=0x000000e0a61fd408 mode 3

Classes unloaded (0 events):
No events

Classes redefined (0 events):
No events

Internal exceptions (20 events):
Event: 5.336 Thread 0x000002c0b85b86d0 Exception <a 'sun/nio/fs/WindowsException'{0x000000008be40bf0}> (0x000000008be40bf0) 
thrown [s\src\hotspot\share\prims\jni.cpp, line 516]
Event: 5.336 Thread 0x000002c0b85b86d0 Exception <a 'sun/nio/fs/WindowsException'{0x000000008be40fd8}> (0x000000008be40fd8) 
thrown [s\src\hotspot\share\prims\jni.cpp, line 516]
Event: 5.336 Thread 0x000002c0b85b86d0 Exception <a 'sun/nio/fs/WindowsException'{0x000000008be419f0}> (0x000000008be419f0) 
thrown [s\src\hotspot\share\prims\jni.cpp, line 516]
Event: 5.336 Thread 0x000002c0b85b86d0 Exception <a 'sun/nio/fs/WindowsException'{0x000000008be41dc8}> (0x000000008be41dc8) 
thrown [s\src\hotspot\share\prims\jni.cpp, line 516]
Event: 5.337 Thread 0x000002c0b85b86d0 Exception <a 'sun/nio/fs/WindowsException'{0x000000008be427f0}> (0x000000008be427f0) 
thrown [s\src\hotspot\share\prims\jni.cpp, line 516]
Event: 5.337 Thread 0x000002c0b85b86d0 Exception <a 'sun/nio/fs/WindowsException'{0x000000008be42bd8}> (0x000000008be42bd8) 
thrown [s\src\hotspot\share\prims\jni.cpp, line 516]
Event: 5.337 Thread 0x000002c0b85b86d0 Exception <a 'sun/nio/fs/WindowsException'{0x000000008be43618}> (0x000000008be43618) 
thrown [s\src\hotspot\share\prims\jni.cpp, line 516]
Event: 5.337 Thread 0x000002c0b85b86d0 Exception <a 'sun/nio/fs/WindowsException'{0x000000008be43a20}> (0x000000008be43a20) 
thrown [s\src\hotspot\share\prims\jni.cpp, line 516]
Event: 5.337 Thread 0x000002c0b85b86d0 Exception <a 'sun/nio/fs/WindowsException'{0x000000008be44478}> (0x000000008be44478) 
thrown [s\src\hotspot\share\prims\jni.cpp, line 516]
Event: 5.338 Thread 0x000002c0b85b86d0 Exception <a 'sun/nio/fs/WindowsException'{0x000000008be44898}> (0x000000008be44898) 
thrown [s\src\hotspot\share\prims\jni.cpp, line 516]
Event: 5.338 Thread 0x000002c0b85b86d0 Exception <a 'sun/nio/fs/WindowsException'{0x000000008be452e8}> (0x000000008be452e8) 
thrown [s\src\hotspot\share\prims\jni.cpp, line 516]
Event: 5.338 Thread 0x000002c0b85b86d0 Exception <a 'sun/nio/fs/WindowsException'{0x000000008be45700}> (0x000000008be45700) 
thrown [s\src\hotspot\share\prims\jni.cpp, line 516]
Event: 5.480 Thread 0x000002c0a8b9da10 Exception <a 'java/lang/NoSuchMethodError'{0x0000000088aa94d8}: 'java.lang.Object java.lang.invoke.DirectMethodHandle$Holder.newInvokeSpecial(java.lang.Object, java.lang.Object, int, java.lang.Object, java.lang.Object)'> (0x0000000088aa94d8) 
thrown [s\src\hotspot\share\interpreter\linkResolver.cpp, line 759]
Event: 5.483 Thread 0x000002c0a8b9da10 Exception <a 'java/lang/NoSuchMethodError'{0x000000008837e120}: 'java.lang.Object java.lang.invoke.DirectMethodHandle$Holder.invokeSpecial(java.lang.Object, java.lang.Object, int, java.lang.Object, int, java.lang.Object)'> (0x000000008837e120) 
thrown [s\src\hotspot\share\interpreter\linkResolver.cpp, line 759]
Event: 5.484 Thread 0x000002c0a8b9da10 Exception <a 'java/lang/NoSuchMethodError'{0x0000000088385f20}: 'java.lang.Object java.lang.invoke.DirectMethodHandle$Holder.newInvokeSpecial(java.lang.Object, java.lang.Object, int, java.lang.Object, int)'> (0x0000000088385f20) 
thrown [s\src\hotspot\share\interpreter\linkResolver.cpp, line 759]
Event: 5.485 Thread 0x000002c0a8b9da10 Exception <a 'java/lang/NoSuchMethodError'{0x000000008838a020}: 'java.lang.Object java.lang.invoke.DirectMethodHandle$Holder.invokeSpecial(java.lang.Object, java.lang.Object, java.lang.Object, int, java.lang.Object, int)'> (0x000000008838a020) 
thrown [s\src\hotspot\share\interpreter\linkResolver.cpp, line 759]
Event: 6.074 Thread 0x000002c0b8619720 Exception <a 'java/lang/NoSuchMethodError'{0x000000008a93e860}: 'java.lang.Object java.lang.invoke.DirectMethodHandle$Holder.invokeStatic(java.lang.Object, int, java.lang.Object)'> (0x000000008a93e860) 
thrown [s\src\hotspot\share\interpreter\linkResolver.cpp, line 759]
Event: 6.079 Thread 0x000002c0b861a590 Exception <a 'java/lang/NoSuchMethodError'{0x000000008a9939c8}: 'java.lang.Object java.lang.invoke.DirectMethodHandle$Holder.invokeStatic(java.lang.Object, java.lang.Object, java.lang.Object, int, java.lang.Object, java.lang.Object)'> (0x000000008a9939c8) 
thrown [s\src\hotspot\share\interpreter\linkResolver.cpp, line 759]
Event: 6.321 Thread 0x000002c0ba5f28c0 Exception <a 'java/lang/NoSuchMethodError'{0x000000008d930868}: 'int java.lang.invoke.DirectMethodHandle$Holder.invokeStatic(java.lang.Object)'> (0x000000008d930868) 
thrown [s\src\hotspot\share\interpreter\linkResolver.cpp, line 759]
Event: 6.322 Thread 0x000002c0ba5f28c0 Exception <a 'java/lang/NoSuchMethodError'{0x000000008d9413b8}: 'int java.lang.invoke.DirectMethodHandle$Holder.invokeStaticInit(java.lang.Object)'> (0x000000008d9413b8) 
thrown [s\src\hotspot\share\interpreter\linkResolver.cpp, line 759]

VM Operations (20 events):
Event: 6.646 Executing VM operation: HandshakeAllThreads done
Event: 6.647 Executing VM operation: G1CollectForAllocation
Event: 6.647 Executing VM operation: G1CollectForAllocation done
Event: 6.647 Executing VM operation: HandshakeAllThreads
Event: 6.647 Executing VM operation: HandshakeAllThreads done
Event: 6.648 Executing VM operation: G1CollectForAllocation
Event: 6.662 Executing VM operation: G1CollectForAllocation done
Event: 6.687 Executing VM operation: G1CollectForAllocation
Event: 6.688 Executing VM operation: G1CollectForAllocation done
Event: 6.688 Executing VM operation: G1CollectForAllocation
Event: 6.700 Executing VM operation: G1CollectForAllocation done
Event: 6.727 Executing VM operation: G1CollectForAllocation
Event: 6.727 Executing VM operation: G1CollectForAllocation done
Event: 6.727 Executing VM operation: G1CollectForAllocation
Event: 6.731 Executing VM operation: G1CollectForAllocation done
Event: 6.751 Executing VM operation: G1Concurrent
Event: 6.754 Executing VM operation: G1Concurrent done
Event: 6.767 Executing VM operation: G1CollectForAllocation
Event: 6.768 Executing VM operation: G1CollectForAllocation done
Event: 6.768 Executing VM operation: G1CollectForAllocation

Events (20 events):
Event: 6.172 loading class java/util/concurrent/ConcurrentHashMap$ValueSpliterator done
Event: 6.191 loading class java/util/concurrent/CompletableFuture$UniApply
Event: 6.191 loading class java/util/concurrent/CompletableFuture$UniApply done
Event: 6.192 Thread 0x000002c0ba5ef3d0 Thread added: 0x000002c0ba5ef3d0
Event: 6.193 loading class java/util/concurrent/CompletableFuture$UniExceptionally
Event: 6.193 loading class java/util/concurrent/CompletableFuture$UniExceptionally done
Event: 6.199 loading class java/util/concurrent/CompletableFuture$Signaller
Event: 6.199 loading class java/util/concurrent/CompletableFuture$Signaller done
Event: 6.236 Thread 0x000002c0ba5f28c0 Thread added: 0x000002c0ba5f28c0
Event: 6.364 loading class jdk/internal/vm/annotation/ForceInline
Event: 6.364 loading class jdk/internal/vm/annotation/ForceInline done
Event: 6.400 loading class java/util/stream/Nodes$SpinedNodeBuilder
Event: 6.400 loading class java/util/stream/Nodes$SpinedNodeBuilder done
Event: 6.432 loading class java/util/regex/Pattern$1
Event: 6.432 Thread 0x000002c0ba5ee560 Thread added: 0x000002c0ba5ee560
Event: 6.433 loading class java/util/regex/Pattern$1 done
Event: 6.662 loading class java/util/zip/GZIPOutputStream
Event: 6.663 loading class java/util/zip/DeflaterOutputStream
Event: 6.663 loading class java/util/zip/DeflaterOutputStream done
Event: 6.663 loading class java/util/zip/GZIPOutputStream done


Dynamic libraries:
0x00007ff7fdf00000 - 0x00007ff7fdf0e000 	c:\Users\luiz_gustavo\.vscode\extensions\redhat.java-1.11.0-win32-x64\jre\17.0.4.1-win32-x86_64\bin\java.exe
0x00007ff9daa80000 - 0x00007ff9dac70000 	C:\WINDOWS\SYSTEM32\ntdll.dll
0x00007ff9d8e50000 - 0x00007ff9d8f02000 	C:\WINDOWS\System32\KERNEL32.DLL
0x00007ff9d8580000 - 0x00007ff9d8825000 	C:\WINDOWS\System32\KERNELBASE.dll
0x00007ff9d7c50000 - 0x00007ff9d7d4a000 	C:\WINDOWS\System32\ucrtbase.dll
0x00007ff9b0ba0000 - 0x00007ff9b0bb9000 	c:\Users\luiz_gustavo\.vscode\extensions\redhat.java-1.11.0-win32-x64\jre\17.0.4.1-win32-x86_64\bin\VCRUNTIME140.dll
0x00007ff9b0930000 - 0x00007ff9b0948000 	c:\Users\luiz_gustavo\.vscode\extensions\redhat.java-1.11.0-win32-x64\jre\17.0.4.1-win32-x86_64\bin\jli.dll
0x00007ff9d8b70000 - 0x00007ff9d8d04000 	C:\WINDOWS\System32\USER32.dll
0x00007ff9d7a80000 - 0x00007ff9d7aa1000 	C:\WINDOWS\System32\win32u.dll
0x00007ff9c1e80000 - 0x00007ff9c2104000 	C:\WINDOWS\WinSxS\amd64_microsoft.windows.common-controls_6595b64144ccf1df_6.0.18362.1556_none_9e7e372fe45e41d5\COMCTL32.dll
0x00007ff9d8b40000 - 0x00007ff9d8b66000 	C:\WINDOWS\System32\GDI32.dll
0x00007ff9da430000 - 0x00007ff9da4ce000 	C:\WINDOWS\System32\msvcrt.dll
0x00007ff9d7ab0000 - 0x00007ff9d7c48000 	C:\WINDOWS\System32\gdi32full.dll
0x00007ff9d8ff0000 - 0x00007ff9d9326000 	C:\WINDOWS\System32\combase.dll
0x00007ff9d9810000 - 0x00007ff9d992f000 	C:\WINDOWS\System32\RPCRT4.dll
0x00007ff9d8830000 - 0x00007ff9d88ce000 	C:\WINDOWS\System32\msvcp_win.dll
0x00007ff9d84f0000 - 0x00007ff9d8571000 	C:\WINDOWS\System32\bcryptPrimitives.dll
0x00007ff9d8f10000 - 0x00007ff9d8f3e000 	C:\WINDOWS\System32\IMM32.DLL
0x00007ff9d00d0000 - 0x00007ff9d00dc000 	c:\Users\luiz_gustavo\.vscode\extensions\redhat.java-1.11.0-win32-x64\jre\17.0.4.1-win32-x86_64\bin\vcruntime140_1.dll
0x00007ff95f920000 - 0x00007ff95f9b1000 	c:\Users\luiz_gustavo\.vscode\extensions\redhat.java-1.11.0-win32-x64\jre\17.0.4.1-win32-x86_64\bin\msvcp140.dll
0x00007ff95dfc0000 - 0x00007ff95ec06000 	c:\Users\luiz_gustavo\.vscode\extensions\redhat.java-1.11.0-win32-x64\jre\17.0.4.1-win32-x86_64\bin\server\jvm.dll
0x00007ff9d8f40000 - 0x00007ff9d8fe3000 	C:\WINDOWS\System32\ADVAPI32.dll
0x00007ff9d9c30000 - 0x00007ff9d9cc7000 	C:\WINDOWS\System32\sechost.dll
0x00007ff9d8b30000 - 0x00007ff9d8b38000 	C:\WINDOWS\System32\PSAPI.DLL
0x00007ff9c18a0000 - 0x00007ff9c18a9000 	C:\WINDOWS\SYSTEM32\WSOCK32.dll
0x00007ff9d5830000 - 0x00007ff9d5854000 	C:\WINDOWS\SYSTEM32\WINMM.dll
0x00007ff9cc820000 - 0x00007ff9cc82a000 	C:\WINDOWS\SYSTEM32\VERSION.dll
0x00007ff9d5800000 - 0x00007ff9d582d000 	C:\WINDOWS\SYSTEM32\winmmbase.dll
0x00007ff9d8a30000 - 0x00007ff9d8a7a000 	C:\WINDOWS\System32\cfgmgr32.dll
0x00007ff9d9cd0000 - 0x00007ff9d9d3f000 	C:\WINDOWS\System32\WS2_32.dll
0x00007ff9d7940000 - 0x00007ff9d7951000 	C:\WINDOWS\System32\kernel.appcore.dll
0x00007ff9cc7a0000 - 0x00007ff9cc7aa000 	c:\Users\luiz_gustavo\.vscode\extensions\redhat.java-1.11.0-win32-x64\jre\17.0.4.1-win32-x86_64\bin\jimage.dll
0x00007ff9c8a80000 - 0x00007ff9c8c74000 	C:\WINDOWS\SYSTEM32\DBGHELP.DLL
0x00007ff9c8a50000 - 0x00007ff9c8a7a000 	C:\WINDOWS\SYSTEM32\dbgcore.DLL
0x00007ff9afa50000 - 0x00007ff9afa75000 	c:\Users\luiz_gustavo\.vscode\extensions\redhat.java-1.11.0-win32-x64\jre\17.0.4.1-win32-x86_64\bin\java.dll
0x00007ff9af6b0000 - 0x00007ff9af6c8000 	c:\Users\luiz_gustavo\.vscode\extensions\redhat.java-1.11.0-win32-x64\jre\17.0.4.1-win32-x86_64\bin\zip.dll
0x00007ff9d9d40000 - 0x00007ff9da427000 	C:\WINDOWS\System32\SHELL32.dll
0x00007ff9d9b80000 - 0x00007ff9d9c28000 	C:\WINDOWS\System32\shcore.dll
0x00007ff9d7d70000 - 0x00007ff9d84eb000 	C:\WINDOWS\System32\windows.storage.dll
0x00007ff9d79d0000 - 0x00007ff9d79ee000 	C:\WINDOWS\System32\profapi.dll
0x00007ff9d7960000 - 0x00007ff9d79aa000 	C:\WINDOWS\System32\powrprof.dll
0x00007ff9d7930000 - 0x00007ff9d7940000 	C:\WINDOWS\System32\UMPDC.dll
0x00007ff9d9a50000 - 0x00007ff9d9aa2000 	C:\WINDOWS\System32\shlwapi.dll
0x00007ff9d7d50000 - 0x00007ff9d7d67000 	C:\WINDOWS\System32\cryptsp.dll
0x00007ff9afd00000 - 0x00007ff9afd19000 	C:\Users\luiz_gustavo\.vscode\extensions\redhat.java-1.11.0-win32-x64\jre\17.0.4.1-win32-x86_64\bin\net.dll
0x00007ff9ce460000 - 0x00007ff9ce55a000 	C:\WINDOWS\SYSTEM32\WINHTTP.dll
0x00007ff9d7120000 - 0x00007ff9d7187000 	C:\WINDOWS\system32\mswsock.dll
0x00007ff9af690000 - 0x00007ff9af6a5000 	C:\Users\luiz_gustavo\.vscode\extensions\redhat.java-1.11.0-win32-x64\jre\17.0.4.1-win32-x86_64\bin\nio.dll
0x00007ff9c6120000 - 0x00007ff9c6130000 	c:\Users\luiz_gustavo\.vscode\extensions\redhat.java-1.11.0-win32-x64\jre\17.0.4.1-win32-x86_64\bin\verify.dll
0x00007ff9d0be0000 - 0x00007ff9d0be9000 	C:\Users\luiz_gustavo\.vscode\extensions\redhat.java-1.11.0-win32-x64\jre\17.0.4.1-win32-x86_64\bin\management.dll
0x00007ff9c4fb0000 - 0x00007ff9c4fbb000 	C:\Users\luiz_gustavo\.vscode\extensions\redhat.java-1.11.0-win32-x64\jre\17.0.4.1-win32-x86_64\bin\management_ext.dll
0x00007ff9b5c70000 - 0x00007ff9b5c86000 	C:\WINDOWS\system32\napinsp.dll
0x00007ff9b5c30000 - 0x00007ff9b5c4a000 	C:\WINDOWS\system32\pnrpnsp.dll
0x00007ff9d6e80000 - 0x00007ff9d6f4b000 	C:\WINDOWS\SYSTEM32\DNSAPI.dll
0x00007ff9da9c0000 - 0x00007ff9da9c8000 	C:\WINDOWS\System32\NSI.dll
0x00007ff9d6e40000 - 0x00007ff9d6e7a000 	C:\WINDOWS\SYSTEM32\IPHLPAPI.DLL
0x00007ff9b59e0000 - 0x00007ff9b59ee000 	C:\WINDOWS\System32\winrnr.dll
0x00007ff9d0bc0000 - 0x00007ff9d0bdc000 	C:\WINDOWS\system32\NLAapi.dll
0x00007ff9d3350000 - 0x00007ff9d3365000 	C:\WINDOWS\system32\wshbth.dll
0x00007ff9d0310000 - 0x00007ff9d031a000 	C:\Windows\System32\rasadhlp.dll
0x00007ff9ce3e0000 - 0x00007ff9ce457000 	C:\WINDOWS\System32\fwpuclnt.dll
0x00007ff9d7a50000 - 0x00007ff9d7a76000 	C:\WINDOWS\System32\bcrypt.dll
0x00007ff9d6cb0000 - 0x00007ff9d6ce3000 	C:\WINDOWS\system32\rsaenh.dll
0x00007ff9d7850000 - 0x00007ff9d7875000 	C:\WINDOWS\SYSTEM32\USERENV.dll
0x00007ff9d72a0000 - 0x00007ff9d72ac000 	C:\WINDOWS\SYSTEM32\CRYPTBASE.dll
0x00007ff9d0560000 - 0x00007ff9d0576000 	C:\WINDOWS\SYSTEM32\dhcpcsvc6.DLL
0x00007ff9d04e0000 - 0x00007ff9d04fc000 	C:\WINDOWS\SYSTEM32\dhcpcsvc.DLL

dbghelp: loaded successfully - version: 4.0.5 - missing functions: none
symbol engine: initialized successfully - sym options: 0x614 - pdb path: .;c:\Users\luiz_gustavo\.vscode\extensions\redhat.java-1.11.0-win32-x64\jre\17.0.4.1-win32-x86_64\bin;C:\WINDOWS\SYSTEM32;C:\WINDOWS\WinSxS\amd64_microsoft.windows.common-controls_6595b64144ccf1df_6.0.18362.1556_none_9e7e372fe45e41d5;c:\Users\luiz_gustavo\.vscode\extensions\redhat.java-1.11.0-win32-x64\jre\17.0.4.1-win32-x86_64\bin\server

VM Arguments:
jvm_args: -Dsts.lsp.client=vscode -Dsts.log.file=/dev/null -XX:TieredStopAtLevel=1 -Xlog:jni+resolve=off -Dspring.config.location=file:c:\Users\luiz_gustavo\.vscode\extensions\pivotal.vscode-spring-boot-1.39.0\language-server\BOOT-INF\classes\application.properties 
java_command: org.springframework.ide.vscode.boot.app.BootLanguageServerBootApp
java_class_path (initial): c:\Users\luiz_gustavo\.vscode\extensions\pivotal.vscode-spring-boot-1.39.0\language-server\BOOT-INF\classes;c:\Users\luiz_gustavo\.vscode\extensions\pivotal.vscode-spring-boot-1.39.0\language-server\BOOT-INF\lib\annotations-23.0.0.jar;c:\Users\luiz_gustavo\.vscode\extensions\pivotal.vscode-spring-boot-1.39.0\language-server\BOOT-INF\lib\antlr-runtime-3.5.2.jar;c:\Users\luiz_gustavo\.vscode\extensions\pivotal.vscode-spring-boot-1.39.0\language-server\BOOT-INF\lib\antlr4-4.9.3.jar;c:\Users\luiz_gustavo\.vscode\extensions\pivotal.vscode-spring-boot-1.39.0\language-server\BOOT-INF\lib\antlr4-runtime-4.9.3.jar;c:\Users\luiz_gustavo\.vscode\extensions\pivotal.vscode-spring-boot-1.39.0\language-server\BOOT-INF\lib\asm-9.3.jar;c:\Users\luiz_gustavo\.vscode\extensions\pivotal.vscode-spring-boot-1.39.0\language-server\BOOT-INF\lib\asm-analysis-9.3.jar;c:\Users\luiz_gustavo\.vscode\extensions\pivotal.vscode-spring-boot-1.39.0\language-server\BOOT-INF\lib\asm-tree-9.3.jar;c:\Users\luiz_gustavo\.vscode\extensions\pivotal.vscode-spring-boot-1.39.0\language-server\BOOT-INF\lib\asm-util-9.3.jar;c:\Users\luiz_gustavo\.vscode\extensions\pivotal.vscode-spring-boot-1.39.0\language-server\BOOT-INF\lib\byte-buddy-1.12.13.jar;c:\Users\luiz_gustavo\.vscode\extensions\pivotal.vscode-spring-boot-1.39.0\language-server\BOOT-INF\lib\caffeine-2.9.3.jar;c:\Users\luiz_gustavo\.vscode\extensions\pivotal.vscode-spring-boot-1.39.0\language-server\BOOT-INF\lib\checker-qual-3.12.0.jar;c:\Users\luiz_gustavo\.vscode\extensions\pivotal.vscode-spring-boot-1.39.0\language-server\BOOT-INF\lib\classgraph-4.8.149.jar;c:\Users\luiz_gustavo\.vscode\extensions\pivotal.vscode-spring-boot-1.39.0\language-server\BOOT-INF\lib\commons-codec-1.15.jar;c:\Users\luiz_gustavo\.vscode\extensions\pivotal.vscode-spring-boot-1.39.0\language-server\BOOT-INF\lib\commons-compress-1.21.jar;c:\Users\luiz_gustavo\.vscode\extensions\pivotal.vscode-spring-boot-1.39.0\language-server\BOOT-INF\lib\commons-e
Launcher Type: SUN_STANDARD

[Global flags]
     intx CICompilerCount                          = 4                                         {product} {ergonomic}
     uint ConcGCThreads                            = 2                                         {product} {ergonomic}
     uint G1ConcRefinementThreads                  = 8                                         {product} {ergonomic}
   size_t G1HeapRegionSize                         = 1048576                                   {product} {ergonomic}
    uintx GCDrainStackTargetSize                   = 64                                        {product} {ergonomic}
   size_t InitialHeapSize                          = 130023424                                 {product} {ergonomic}
   size_t MarkStackSize                            = 4194304                                   {product} {ergonomic}
   size_t MaxHeapSize                              = 2048917504                                {product} {ergonomic}
   size_t MaxNewSize                               = 1228931072                                {product} {ergonomic}
   size_t MinHeapDeltaBytes                        = 1048576                                   {product} {ergonomic}
   size_t MinHeapSize                              = 8388608                                   {product} {ergonomic}
    uintx NonProfiledCodeHeapSize                  = 0                                      {pd product} {ergonomic}
     bool ProfileInterpreter                       = false                                  {pd product} {command line}
    uintx ProfiledCodeHeapSize                     = 0                                      {pd product} {ergonomic}
   size_t SoftMaxHeapSize                          = 2048917504                             {manageable} {ergonomic}
     intx TieredStopAtLevel                        = 1                                         {product} {command line}
     bool UseCompressedClassPointers               = true                           {product lp64_product} {ergonomic}
     bool UseCompressedOops                        = true                           {product lp64_product} {ergonomic}
     bool UseG1GC                                  = true                                      {product} {ergonomic}
     bool UseLargePagesIndividualAllocation        = false                                  {pd product} {ergonomic}

Logging:
Log output configuration:
 #0: stdout all=warning,jni+resolve=off uptime,level,tags
 #1: stderr all=off uptime,level,tags

Environment Variables:
JAVA_HOME=C:\Program Files\Java\jdk-17.0.4
PATH=C:\Program Files\Common Files\Oracle\Java\javapath;C:\Program Files (x86)\Common Files\Oracle\Java\javapath;C:\dev\freeglut\bin\x64;C:\msys32\mingw32\bin;C:\msys32\usr\bin;C:\ProgramData\Oracle\Java\javapath;C:\dev\lpng1634\lib;C:\WINDOWS\system32;C:\WINDOWS;C:\WINDOWS\System32\Wbem;C:\WINDOWS\System32\WindowsPowerShell\v1.0\;C:\Program Files\Git\cmd;C:\Program Files (x86)\Windows Kits\10\Windows Performance Toolkit\;C:\Program Files\CMake\bin;C:\dev\CGAL-4.9\auxiliary\gmp\lib;C:\dev\libQGLViewer-2.6.4\QGLViewer;C:\dev\CGAL-4.9\build\bin;C:\Program Files\gnuplot\bin;C:\Program Files (x86)\NVIDIA Corporation\PhysX\Common;C:\WINDOWS\system32;C:\WINDOWS;C:\WINDOWS\System32\Wbem;C:\WINDOWS\System32\WindowsPowerShell\v1.0\;C:\WINDOWS\System32\OpenSSH\;C:\opencv\build\x86\vc14\bin;C:\FFmpeg\bin;C:\dev\zlib-1.0.4;C:\src\flutter\bin;C:\WINDOWS\system32;C:\java_dev\apache-tomcat-7.0.100;C:\java_dev\apache-tomcat-7.0.100;C:\java_dev\apache-tomcat-7.0.100\bin;C:\Program Files\Java\jdk-17.0.4;C:\Program Files\nodejs\;C:\Program Files\heroku\bin;C:\Program Files\Microsoft VS Code\bin;C:\Users\luiz_gustavo\AppData\Roaming\npm;C:\Users\Luiz Gustavo Vras\AppData\Local\Programs\Python\Python310;C:\Users\Luiz Gustavo Vras\AppData\Local\Programs\Python\Python310\Scripts;C:\Users\luiz_gustavo\AppData\Local\Microsoft\WindowsApps;
USERNAME=luiz_gustavo
OS=Windows_NT
PROCESSOR_IDENTIFIER=Intel64 Family 6 Model 142 Stepping 10, GenuineIntel
TMP=C:\Users\LUIZ_G~1\AppData\Local\Temp
TEMP=C:\Users\LUIZ_G~1\AppData\Local\Temp



---------------  S Y S T E M  ---------------

OS:
 Windows 10 , 64 bit Build 18362 (10.0.18362.1500)
OS uptime: 2 days 14:34 hours
Hyper-V role detected

CPU: total 8 (initial active 8) (4 cores per cpu, 2 threads per core) family 6 model 142 stepping 10 microcode 0xe0, cx8, cmov, fxsr, ht, mmx, 3dnowpref, sse, sse2, sse3, ssse3, sse4.1, sse4.2, popcnt, lzcnt, tsc, tscinvbit, avx, avx2, aes, erms, clmul, bmi1, bmi2, adx, fma, vzeroupper, clflush, clflushopt, hv

Memory: 4k page, system-wide physical 7814M (745M free)
TotalPageFile size 15527M (AvailPageFile size 68M)
current process WorkingSet (physical memory assigned to process): 305M, peak: 305M
current process commit charge ("private bytes"): 349M, peak: 757M

vm_info: OpenJDK 64-Bit Server VM (17.0.4.1+1) for windows-amd64 JRE (17.0.4.1+1), built on Aug 17 2022 07:42:43 by "temurin" with MS VC++ 16.7 (VS2019)

END.
