#
# There is insufficient memory for the Java Runtime Environment to continue.
# Native memory allocation (mmap) failed to map 585105408 bytes for G1 virtual space
# Possible reasons:
#   The system is out of physical RAM or swap space
#   The process is running with CompressedOops enabled, and the Java Heap may be blocking the growth of the native heap
# Possible solutions:
#   Reduce memory load on the system
#   Increase physical memory or swap space
#   Check if swap backing store is full
#   Decrease Java heap size (-Xmx/-Xms)
#   Decrease number of Java threads
#   Decrease Java thread stack sizes (-Xss)
#   Set larger code cache with -XX:ReservedCodeCacheSize=
#   JVM is running with Unscaled Compressed Oops mode in which the Java heap is
#     placed in the first 4GB address space. The Java Heap base address is the
#     maximum limit for the native heap growth. Please use -XX:HeapBaseMinAddress
#     to set the Java Heap base and to place the Java Heap above 4GB virtual address.
# This output file may be truncated or incomplete.
#
#  Out of Memory Error (os_windows.cpp:3541), pid=17480, tid=19616
#
# JRE version: OpenJDK Runtime Environment Temurin-17.0.4.1+1 (17.0.4.1+1) (build 17.0.4.1+1)
# Java VM: OpenJDK 64-Bit Server VM Temurin-17.0.4.1+1 (17.0.4.1+1, mixed mode, emulated-client, tiered, compressed oops, compressed class ptrs, g1 gc, windows-amd64)
# No core dump will be written. Minidumps are not enabled by default on client versions of Windows
#

---------------  S U M M A R Y ------------

Command Line: -Dsts.lsp.client=vscode -Dsts.log.file=/dev/null -XX:TieredStopAtLevel=1 -Xlog:jni+resolve=off -Dspring.config.location=file:c:\Users\luiz_gustavo\.vscode\extensions\pivotal.vscode-spring-boot-1.39.0\language-server\BOOT-INF\classes\application.properties org.springframework.ide.vscode.boot.app.BootLanguageServerBootApp

Host: Intel(R) Core(TM) i5-8250U CPU @ 1.60GHz, 8 cores, 7G,  Windows 10 , 64 bit Build 18362 (10.0.18362.1500)
Time: Mon Oct 24 03:18:12 2022 Hora oficial do Brasil elapsed time: 5.840502 seconds (0d 0h 0m 5s)

---------------  T H R E A D  ---------------

Current thread (0x000002349bc96f20):  VMThread "VM Thread" [stack: 0x0000009868500000,0x0000009868600000] [id=19616]

Stack: [0x0000009868500000,0x0000009868600000]
Native frames: (J=compiled Java code, j=interpreted, Vv=VM code, C=native code)
V  [jvm.dll+0x67731a]
V  [jvm.dll+0x832284]
V  [jvm.dll+0x833a2e]
V  [jvm.dll+0x834093]
V  [jvm.dll+0x245775]
V  [jvm.dll+0x674209]
V  [jvm.dll+0x668a92]
V  [jvm.dll+0x30471b]
V  [jvm.dll+0x30bc66]
V  [jvm.dll+0x35ba9e]
V  [jvm.dll+0x35bccf]
V  [jvm.dll+0x2db5b8]
V  [jvm.dll+0x2d986c]
V  [jvm.dll+0x2d8e3c]
V  [jvm.dll+0x31cd9b]
V  [jvm.dll+0x83853b]
V  [jvm.dll+0x839274]
V  [jvm.dll+0x83978c]
V  [jvm.dll+0x839b64]
V  [jvm.dll+0x839c30]
V  [jvm.dll+0x7e240a]
V  [jvm.dll+0x6761a5]
C  [ucrtbase.dll+0x210b2]
C  [KERNEL32.DLL+0x17c24]
C  [ntdll.dll+0x6d721]

VM_Operation (0x000000986a9fdc70): G1CollectForAllocation, mode: safepoint, requested by thread 0x000002349e51f1d0


---------------  P R O C E S S  ---------------

Threads class SMR info:
_java_thread_list=0x000002349e558910, length=46, elements={
0x000002349bcaf760, 0x000002349bcb0900, 0x000002349c815d80, 0x000002349c816640,
0x000002349c819520, 0x000002349c81a580, 0x000002349c81aef0, 0x000002349c8254b0,
0x000002349ca1bf30, 0x000002349ca1c440, 0x000002349ca3c560, 0x000002349ca412a0,
0x000002349d2a1060, 0x000002349e3093b0, 0x000002349e3f5720, 0x000002349e5e7210,
0x000002349e5d4060, 0x000002349e5d4530, 0x000002349e5fcd20, 0x000002349e603bf0,
0x000002349e5fd1f0, 0x000002349e51fb70, 0x000002349e51e360, 0x000002349e51e830,
0x000002349e51f6a0, 0x000002349e51ed00, 0x000002349e51f1d0, 0x000002349e61a8d0,
0x000002349e61c5b0, 0x000002349e619590, 0x000002349e61a400, 0x000002349e620910,
0x000002349e61faa0, 0x000002349e61f5d0, 0x000002349e61ff70, 0x000002349e61d420,
0x000002349e620440, 0x000002349e620de0, 0x000002349e619a60, 0x000002349e619f30,
0x000002349e61ada0, 0x000002349e61ec30, 0x000002349e61e290, 0x000002349e61b270,
0x000002349e61d8f0, 0x000002349e61e760
}

Java Threads: ( => current thread )
  0x000002349bcaf760 JavaThread "Reference Handler" daemon [_thread_blocked, id=10996, stack(0x0000009868600000,0x0000009868700000)]
  0x000002349bcb0900 JavaThread "Finalizer" daemon [_thread_blocked, id=8460, stack(0x0000009868700000,0x0000009868800000)]
  0x000002349c815d80 JavaThread "Signal Dispatcher" daemon [_thread_blocked, id=11944, stack(0x0000009868800000,0x0000009868900000)]
  0x000002349c816640 JavaThread "Attach Listener" daemon [_thread_blocked, id=16620, stack(0x0000009868900000,0x0000009868a00000)]
  0x000002349c819520 JavaThread "Service Thread" daemon [_thread_blocked, id=18028, stack(0x0000009868a00000,0x0000009868b00000)]
  0x000002349c81a580 JavaThread "Monitor Deflation Thread" daemon [_thread_blocked, id=19724, stack(0x0000009868b00000,0x0000009868c00000)]
  0x000002349c81aef0 JavaThread "C1 CompilerThread0" daemon [_thread_blocked, id=6536, stack(0x0000009868c00000,0x0000009868d00000)]
  0x000002349c8254b0 JavaThread "Sweeper thread" daemon [_thread_blocked, id=18860, stack(0x0000009868d00000,0x0000009868e00000)]
  0x000002349ca1bf30 JavaThread "C1 CompilerThread1" daemon [_thread_blocked, id=14340, stack(0x0000009868e00000,0x0000009868f00000)]
  0x000002349ca1c440 JavaThread "C1 CompilerThread2" daemon [_thread_blocked, id=11316, stack(0x0000009868f00000,0x0000009869000000)]
  0x000002349ca3c560 JavaThread "Notification Thread" daemon [_thread_blocked, id=17392, stack(0x0000009869000000,0x0000009869100000)]
  0x000002349ca412a0 JavaThread "Common-Cleaner" daemon [_thread_blocked, id=19328, stack(0x0000009869200000,0x0000009869300000)]
  0x000002349d2a1060 JavaThread "C1 CompilerThread3" daemon [_thread_blocked, id=5148, stack(0x0000009869300000,0x0000009869400000)]
  0x000002349e3093b0 JavaThread "boundedElastic-evictor-1" daemon [_thread_blocked, id=6516, stack(0x0000009869b00000,0x0000009869c00000)]
  0x000002349e3f5720 JavaThread "ForkJoinPool.commonPool-worker-1" daemon [_thread_blocked, id=11180, stack(0x0000009869d00000,0x0000009869e00000)]
  0x000002349e5e7210 JavaThread "ClassGraph-worker-0" daemon [_thread_blocked, id=9584, stack(0x0000009869e00000,0x0000009869f00000)]
  0x000002349e5d4060 JavaThread "ClassGraph-worker-1" daemon [_thread_blocked, id=16528, stack(0x0000009869f00000,0x000000986a000000)]
  0x000002349e5d4530 JavaThread "ClassGraph-worker-2" daemon [_thread_blocked, id=13812, stack(0x000000986a000000,0x000000986a100000)]
  0x000002349e5fcd20 JavaThread "ClassGraph-worker-3" daemon [_thread_blocked, id=18604, stack(0x000000986a100000,0x000000986a200000)]
  0x000002349e603bf0 JavaThread "ClassGraph-worker-4" daemon [_thread_blocked, id=20360, stack(0x000000986a200000,0x000000986a300000)]
  0x000002349e5fd1f0 JavaThread "ClassGraph-worker-5" daemon [_thread_blocked, id=3552, stack(0x000000986a300000,0x000000986a400000)]
  0x000002349e51fb70 JavaThread "ClassGraph-worker-6" daemon [_thread_blocked, id=17572, stack(0x000000986a400000,0x000000986a500000)]
  0x000002349e51e360 JavaThread "ClassGraph-worker-7" daemon [_thread_blocked, id=300, stack(0x000000986a500000,0x000000986a600000)]
  0x000002349e51e830 JavaThread "ClassGraph-worker-8" daemon [_thread_blocked, id=18832, stack(0x000000986a600000,0x000000986a700000)]
  0x000002349e51f6a0 JavaThread "ClassGraph-worker-9" daemon [_thread_blocked, id=10540, stack(0x000000986a700000,0x000000986a800000)]
  0x000002349e51ed00 JavaThread "ClassGraph-worker-10" daemon [_thread_blocked, id=19512, stack(0x000000986a800000,0x000000986a900000)]
  0x000002349e51f1d0 JavaThread "ClassGraph-worker-11" daemon [_thread_blocked, id=19644, stack(0x000000986a900000,0x000000986aa00000)]
  0x000002349e61a8d0 JavaThread "ClassGraph-worker-12" daemon [_thread_blocked, id=10452, stack(0x000000986aa00000,0x000000986ab00000)]
  0x000002349e61c5b0 JavaThread "ClassGraph-worker-13" daemon [_thread_blocked, id=19584, stack(0x000000986ab00000,0x000000986ac00000)]
  0x000002349e619590 JavaThread "pool-9-thread-1" [_thread_blocked, id=3648, stack(0x000000986ac00000,0x000000986ad00000)]
  0x000002349e61a400 JavaThread "LanguageServerApp-lifecycle" [_thread_blocked, id=18760, stack(0x000000986ad00000,0x000000986ae00000)]
  0x000002349e620910 JavaThread "DestroyJavaVM" [_thread_blocked, id=19236, stack(0x0000009867f00000,0x0000009868000000)]
  0x000002349e61faa0 JavaThread "pool-10-thread-1" [_thread_in_native, id=17768, stack(0x000000986ae00000,0x000000986af00000)]
  0x000002349e61f5d0 JavaThread "Simple-Language-Server main thread" daemon [_thread_blocked, id=10276, stack(0x000000986af00000,0x000000986b000000)]
  0x000002349e61ff70 JavaThread "pool-7-thread-1" [_thread_blocked, id=20192, stack(0x000000986b000000,0x000000986b100000)]
  0x000002349e61d420 JavaThread "parallel-1" daemon [_thread_blocked, id=14148, stack(0x000000986b100000,0x000000986b200000)]
  0x000002349e620440 JavaThread "parallel-2" daemon [_thread_blocked, id=2808, stack(0x000000986b200000,0x000000986b300000)]
  0x000002349e620de0 JavaThread "parallel-3" daemon [_thread_blocked, id=20452, stack(0x000000986b300000,0x000000986b400000)]
  0x000002349e619a60 JavaThread "parallel-4" daemon [_thread_blocked, id=18320, stack(0x000000986b400000,0x000000986b500000)]
  0x000002349e619f30 JavaThread "parallel-5" daemon [_thread_blocked, id=19532, stack(0x000000986b500000,0x000000986b600000)]
  0x000002349e61ada0 JavaThread "parallel-6" daemon [_thread_blocked, id=3976, stack(0x000000986b600000,0x000000986b700000)]
  0x000002349e61ec30 JavaThread "parallel-7" daemon [_thread_blocked, id=16236, stack(0x000000986b700000,0x000000986b800000)]
  0x000002349e61e290 JavaThread "parallel-8" daemon [_thread_blocked, id=16584, stack(0x000000986b800000,0x000000986b900000)]
  0x000002349e61b270 JavaThread "pool-4-thread-1" [_thread_blocked, id=17328, stack(0x000000986b900000,0x000000986ba00000)]
  0x000002349e61d8f0 JavaThread "Reconciler-1" daemon [_thread_blocked, id=8224, stack(0x000000986ba00000,0x000000986bb00000)]
  0x000002349e61e760 JavaThread "pool-4-thread-2" [_thread_blocked, id=6512, stack(0x000000986bb00000,0x000000986bc00000)]

Other Threads:
=>0x000002349bc96f20 VMThread "VM Thread" [stack: 0x0000009868500000,0x0000009868600000] [id=19616]
  0x000002349ca3ee50 WatcherThread [stack: 0x0000009869100000,0x0000009869200000] [id=13360]
  0x000002348ec45d30 GCTaskThread "GC Thread#0" [stack: 0x0000009868000000,0x0000009868100000] [id=17968]
  0x000002349d35e3e0 GCTaskThread "GC Thread#1" [stack: 0x0000009869400000,0x0000009869500000] [id=14644]
  0x000002349d35e690 GCTaskThread "GC Thread#2" [stack: 0x0000009869500000,0x0000009869600000] [id=4948]
  0x000002349d35e940 GCTaskThread "GC Thread#3" [stack: 0x0000009869600000,0x0000009869700000] [id=4844]
  0x000002349d367b40 GCTaskThread "GC Thread#4" [stack: 0x0000009869700000,0x0000009869800000] [id=15040]
  0x000002349d367df0 GCTaskThread "GC Thread#5" [stack: 0x0000009869800000,0x0000009869900000] [id=18076]
  0x000002349dd5b7d0 GCTaskThread "GC Thread#6" [stack: 0x0000009869900000,0x0000009869a00000] [id=18196]
  0x000002349dd8a600 GCTaskThread "GC Thread#7" [stack: 0x0000009869a00000,0x0000009869b00000] [id=19516]
  0x000002348ec56fc0 ConcurrentGCThread "G1 Main Marker" [stack: 0x0000009868100000,0x0000009868200000] [id=5196]
  0x000002348ec58070 ConcurrentGCThread "G1 Conc#0" [stack: 0x0000009868200000,0x0000009868300000] [id=20384]
  0x000002349df78390 ConcurrentGCThread "G1 Conc#1" [stack: 0x0000009869c00000,0x0000009869d00000] [id=10648]
  0x000002348ecadd20 ConcurrentGCThread "G1 Refine#0" [stack: 0x0000009868300000,0x0000009868400000] [id=1304]
  0x000002348ecae4e0 ConcurrentGCThread "G1 Service" [stack: 0x0000009868400000,0x0000009868500000] [id=9984]

Threads with active compile tasks:

VM state: at safepoint (normal execution)

VM Mutex/Monitor currently owned by a thread:  ([mutex/lock_event])
[0x000002348c9aec30] Threads_lock - owner thread: 0x000002349bc96f20
[0x000002348ebea390] Heap_lock - owner thread: 0x000002349e51f1d0

Heap address: 0x0000000085e00000, size: 1954 MB, Compressed Oops mode: 32-bit

CDS archive(s) not mapped
Compressed class space mapped at: 0x0000000100000000-0x0000000140000000, reserved size: 1073741824
Narrow klass base: 0x0000000000000000, Narrow klass shift: 3, Narrow klass range: 0x140000000

GC Precious Log:
 CPUs: 8 total, 8 available
 Memory: 7814M
 Large Page Support: Disabled
 NUMA Support: Disabled
 Compressed Oops: Enabled (32-bit)
 Heap Region Size: 1M
 Heap Min Capacity: 8M
 Heap Initial Capacity: 124M
 Heap Max Capacity: 1954M
 Pre-touch: Disabled
 Parallel Workers: 8
 Concurrent Workers: 2
 Concurrent Refinement Workers: 8
 Periodic GC: Disabled

Heap:
 garbage-first heap   total 285696K, used 84701K [0x0000000085e00000, 0x0000000100000000)
  region size 1024K, 11 young (11264K), 11 survivors (11264K)
 Metaspace       used 38099K, committed 38400K, reserved 1089536K
  class space    used 4891K, committed 5056K, reserved 1048576K

Heap Regions: E=young(eden), S=young(survivor), O=old, HS=humongous(starts), HC=humongous(continues), CS=collection set, F=free, OA=open archive, CA=closed archive, TAMS=top-at-mark-start (previous, next)
|   0|0x0000000085e00000, 0x0000000085f00000, 0x0000000085f00000|100%| O|  |TAMS 0x0000000085f00000, 0x0000000085f00000| Untracked 
|   1|0x0000000085f00000, 0x0000000086000000, 0x0000000086000000|100%| O|  |TAMS 0x0000000086000000, 0x0000000086000000| Untracked 
|   2|0x0000000086000000, 0x0000000086100000, 0x0000000086100000|100%| O|  |TAMS 0x0000000086100000, 0x0000000086100000| Untracked 
|   3|0x0000000086100000, 0x0000000086200000, 0x0000000086200000|100%| O|  |TAMS 0x0000000086200000, 0x0000000086200000| Untracked 
|   4|0x0000000086200000, 0x0000000086300000, 0x0000000086300000|100%| O|  |TAMS 0x0000000086300000, 0x0000000086300000| Untracked 
|   5|0x0000000086300000, 0x0000000086400000, 0x0000000086400000|100%| O|  |TAMS 0x0000000086400000, 0x0000000086400000| Untracked 
|   6|0x0000000086400000, 0x0000000086500000, 0x0000000086500000|100%| O|  |TAMS 0x0000000086500000, 0x0000000086500000| Untracked 
|   7|0x0000000086500000, 0x0000000086600000, 0x0000000086600000|100%| O|  |TAMS 0x0000000086600000, 0x0000000086600000| Untracked 
|   8|0x0000000086600000, 0x0000000086700000, 0x0000000086700000|100%|HS|  |TAMS 0x0000000086600000, 0x0000000086600000| Complete 
|   9|0x0000000086700000, 0x0000000086800000, 0x0000000086800000|100%| O|  |TAMS 0x0000000086800000, 0x0000000086800000| Untracked 
|  10|0x0000000086800000, 0x0000000086900000, 0x0000000086900000|100%| O|  |TAMS 0x0000000086900000, 0x0000000086900000| Untracked 
|  11|0x0000000086900000, 0x0000000086a00000, 0x0000000086a00000|100%| O|  |TAMS 0x0000000086a00000, 0x0000000086a00000| Untracked 
|  12|0x0000000086a00000, 0x0000000086b00000, 0x0000000086b00000|100%| O|  |TAMS 0x0000000086b00000, 0x0000000086b00000| Untracked 
|  13|0x0000000086b00000, 0x0000000086c00000, 0x0000000086c00000|100%| O|  |TAMS 0x0000000086c00000, 0x0000000086c00000| Untracked 
|  14|0x0000000086c00000, 0x0000000086d00000, 0x0000000086d00000|100%| O|  |TAMS 0x0000000086d00000, 0x0000000086d00000| Untracked 
|  15|0x0000000086d00000, 0x0000000086e00000, 0x0000000086e00000|100%| O|  |TAMS 0x0000000086e00000, 0x0000000086e00000| Untracked 
|  16|0x0000000086e00000, 0x0000000086f00000, 0x0000000086f00000|100%| O|  |TAMS 0x0000000086f00000, 0x0000000086f00000| Untracked 
|  17|0x0000000086f00000, 0x0000000087000000, 0x0000000087000000|100%| O|  |TAMS 0x0000000087000000, 0x0000000087000000| Untracked 
|  18|0x0000000087000000, 0x0000000087100000, 0x0000000087100000|100%| O|  |TAMS 0x0000000087100000, 0x0000000087100000| Untracked 
|  19|0x0000000087100000, 0x0000000087200000, 0x0000000087200000|100%| O|  |TAMS 0x0000000087200000, 0x0000000087200000| Untracked 
|  20|0x0000000087200000, 0x0000000087300000, 0x0000000087300000|100%| O|  |TAMS 0x0000000087300000, 0x0000000087300000| Untracked 
|  21|0x0000000087300000, 0x0000000087400000, 0x0000000087400000|100%| O|  |TAMS 0x0000000087400000, 0x0000000087400000| Untracked 
|  22|0x0000000087400000, 0x0000000087500000, 0x0000000087500000|100%| O|  |TAMS 0x0000000087500000, 0x0000000087500000| Untracked 
|  23|0x0000000087500000, 0x0000000087600000, 0x0000000087600000|100%| O|  |TAMS 0x0000000087600000, 0x0000000087600000| Untracked 
|  24|0x0000000087600000, 0x0000000087700000, 0x0000000087700000|100%| O|  |TAMS 0x0000000087700000, 0x0000000087700000| Untracked 
|  25|0x0000000087700000, 0x0000000087800000, 0x0000000087800000|100%| O|  |TAMS 0x0000000087800000, 0x0000000087800000| Untracked 
|  26|0x0000000087800000, 0x0000000087900000, 0x0000000087900000|100%| O|  |TAMS 0x0000000087900000, 0x0000000087900000| Untracked 
|  27|0x0000000087900000, 0x0000000087a00000, 0x0000000087a00000|100%| O|  |TAMS 0x0000000087a00000, 0x0000000087a00000| Untracked 
|  28|0x0000000087a00000, 0x0000000087b00000, 0x0000000087b00000|100%| O|  |TAMS 0x0000000087b00000, 0x0000000087b00000| Untracked 
|  29|0x0000000087b00000, 0x0000000087c00000, 0x0000000087c00000|100%| O|  |TAMS 0x0000000087c00000, 0x0000000087c00000| Untracked 
|  30|0x0000000087c00000, 0x0000000087d00000, 0x0000000087d00000|100%| O|  |TAMS 0x0000000087d00000, 0x0000000087d00000| Untracked 
|  31|0x0000000087d00000, 0x0000000087e00000, 0x0000000087e00000|100%| O|  |TAMS 0x0000000087e00000, 0x0000000087e00000| Untracked 
|  32|0x0000000087e00000, 0x0000000087f00000, 0x0000000087f00000|100%| O|  |TAMS 0x0000000087f00000, 0x0000000087f00000| Untracked 
|  33|0x0000000087f00000, 0x0000000088000000, 0x0000000088000000|100%| O|  |TAMS 0x0000000088000000, 0x0000000088000000| Untracked 
|  34|0x0000000088000000, 0x0000000088100000, 0x0000000088100000|100%| O|  |TAMS 0x0000000088100000, 0x0000000088100000| Untracked 
|  35|0x0000000088100000, 0x0000000088200000, 0x0000000088200000|100%| O|  |TAMS 0x00000000881e0e00, 0x0000000088200000| Untracked 
|  36|0x0000000088200000, 0x0000000088300000, 0x0000000088300000|100%| O|  |TAMS 0x0000000088200000, 0x0000000088300000| Untracked 
|  37|0x0000000088300000, 0x0000000088400000, 0x0000000088400000|100%| O|  |TAMS 0x0000000088300000, 0x0000000088400000| Untracked 
|  38|0x0000000088400000, 0x0000000088500000, 0x0000000088500000|100%| O|  |TAMS 0x0000000088400000, 0x0000000088500000| Untracked 
|  39|0x0000000088500000, 0x0000000088600000, 0x0000000088600000|100%| O|  |TAMS 0x0000000088500000, 0x0000000088600000| Untracked 
|  40|0x0000000088600000, 0x0000000088700000, 0x0000000088700000|100%| O|  |TAMS 0x0000000088600000, 0x0000000088700000| Untracked 
|  41|0x0000000088700000, 0x0000000088800000, 0x0000000088800000|100%| O|  |TAMS 0x0000000088700000, 0x0000000088800000| Untracked 
|  42|0x0000000088800000, 0x0000000088900000, 0x0000000088900000|100%| O|  |TAMS 0x0000000088800000, 0x0000000088900000| Untracked 
|  43|0x0000000088900000, 0x0000000088a00000, 0x0000000088a00000|100%|HS|  |TAMS 0x0000000088900000, 0x0000000088a00000| Complete 
|  44|0x0000000088a00000, 0x0000000088b00000, 0x0000000088b00000|100%| O|  |TAMS 0x0000000088a00000, 0x0000000088b00000| Untracked 
|  45|0x0000000088b00000, 0x0000000088c00000, 0x0000000088c00000|100%| O|  |TAMS 0x0000000088b00000, 0x0000000088c00000| Untracked 
|  46|0x0000000088c00000, 0x0000000088d00000, 0x0000000088d00000|100%| O|  |TAMS 0x0000000088c00000, 0x0000000088d00000| Untracked 
|  47|0x0000000088d00000, 0x0000000088e00000, 0x0000000088e00000|100%| O|  |TAMS 0x0000000088d00000, 0x0000000088e00000| Untracked 
|  48|0x0000000088e00000, 0x0000000088f00000, 0x0000000088f00000|100%| O|  |TAMS 0x0000000088e00000, 0x0000000088f00000| Untracked 
|  49|0x0000000088f00000, 0x0000000089000000, 0x0000000089000000|100%| O|  |TAMS 0x0000000088f00000, 0x0000000089000000| Untracked 
|  50|0x0000000089000000, 0x0000000089100000, 0x0000000089100000|100%| O|  |TAMS 0x0000000089000000, 0x0000000089100000| Untracked 
|  51|0x0000000089100000, 0x0000000089200000, 0x0000000089200000|100%| O|  |TAMS 0x0000000089100000, 0x0000000089200000| Untracked 
|  52|0x0000000089200000, 0x0000000089300000, 0x0000000089300000|100%| O|  |TAMS 0x0000000089200000, 0x0000000089300000| Untracked 
|  53|0x0000000089300000, 0x0000000089400000, 0x0000000089400000|100%| O|  |TAMS 0x0000000089300000, 0x0000000089400000| Untracked 
|  54|0x0000000089400000, 0x0000000089500000, 0x0000000089500000|100%| O|  |TAMS 0x0000000089400000, 0x0000000089500000| Untracked 
|  55|0x0000000089500000, 0x0000000089600000, 0x0000000089600000|100%| O|  |TAMS 0x0000000089500000, 0x0000000089600000| Untracked 
|  56|0x0000000089600000, 0x0000000089700000, 0x0000000089700000|100%| O|  |TAMS 0x0000000089600000, 0x0000000089700000| Untracked 
|  57|0x0000000089700000, 0x0000000089800000, 0x0000000089800000|100%| O|  |TAMS 0x0000000089700000, 0x0000000089800000| Untracked 
|  58|0x0000000089800000, 0x0000000089900000, 0x0000000089900000|100%| O|  |TAMS 0x0000000089800000, 0x0000000089833e08| Untracked 
|  59|0x0000000089900000, 0x0000000089a00000, 0x0000000089a00000|100%| O|  |TAMS 0x0000000089900000, 0x0000000089900000| Untracked 
|  60|0x0000000089a00000, 0x0000000089b00000, 0x0000000089b00000|100%| O|  |TAMS 0x0000000089a00000, 0x0000000089a00000| Untracked 
|  61|0x0000000089b00000, 0x0000000089c00000, 0x0000000089c00000|100%| O|  |TAMS 0x0000000089b00000, 0x0000000089b00000| Untracked 
|  62|0x0000000089c00000, 0x0000000089d00000, 0x0000000089d00000|100%| O|  |TAMS 0x0000000089c00000, 0x0000000089c00000| Untracked 
|  63|0x0000000089d00000, 0x0000000089e00000, 0x0000000089e00000|100%| O|  |TAMS 0x0000000089d00000, 0x0000000089d00000| Untracked 
|  64|0x0000000089e00000, 0x0000000089f00000, 0x0000000089f00000|100%| O|  |TAMS 0x0000000089e00000, 0x0000000089e00000| Untracked 
|  65|0x0000000089f00000, 0x000000008a000000, 0x000000008a000000|100%| O|  |TAMS 0x0000000089f00000, 0x0000000089f00000| Untracked 
|  66|0x000000008a000000, 0x000000008a100000, 0x000000008a100000|100%| O|  |TAMS 0x000000008a000000, 0x000000008a000000| Untracked 
|  67|0x000000008a100000, 0x000000008a200000, 0x000000008a200000|100%| O|  |TAMS 0x000000008a100000, 0x000000008a100000| Untracked 
|  68|0x000000008a200000, 0x000000008a300000, 0x000000008a300000|100%| O|  |TAMS 0x000000008a200000, 0x000000008a200000| Untracked 
|  69|0x000000008a300000, 0x000000008a400000, 0x000000008a400000|100%| O|  |TAMS 0x000000008a300000, 0x000000008a300000| Untracked 
|  70|0x000000008a400000, 0x000000008a500000, 0x000000008a500000|100%| O|  |TAMS 0x000000008a400000, 0x000000008a400000| Untracked 
|  71|0x000000008a500000, 0x000000008a600000, 0x000000008a600000|100%| O|  |TAMS 0x000000008a500000, 0x000000008a500000| Untracked 
|  72|0x000000008a600000, 0x000000008a600000, 0x000000008a700000|  0%| F|  |TAMS 0x000000008a600000, 0x000000008a600000| Untracked 
|  73|0x000000008a700000, 0x000000008a700000, 0x000000008a800000|  0%| F|  |TAMS 0x000000008a700000, 0x000000008a700000| Untracked 
|  74|0x000000008a800000, 0x000000008a800000, 0x000000008a900000|  0%| F|  |TAMS 0x000000008a800000, 0x000000008a800000| Untracked 
|  75|0x000000008a900000, 0x000000008a900000, 0x000000008aa00000|  0%| F|  |TAMS 0x000000008a900000, 0x000000008a900000| Untracked 
|  76|0x000000008aa00000, 0x000000008aa00000, 0x000000008ab00000|  0%| F|  |TAMS 0x000000008aa00000, 0x000000008aa00000| Untracked 
|  77|0x000000008ab00000, 0x000000008ab00000, 0x000000008ac00000|  0%| F|  |TAMS 0x000000008ab00000, 0x000000008ab00000| Untracked 
|  78|0x000000008ac00000, 0x000000008ac00000, 0x000000008ad00000|  0%| F|  |TAMS 0x000000008ac00000, 0x000000008ac00000| Untracked 
|  79|0x000000008ad00000, 0x000000008ad00000, 0x000000008ae00000|  0%| F|  |TAMS 0x000000008ad00000, 0x000000008ad00000| Untracked 
|  80|0x000000008ae00000, 0x000000008ae00000, 0x000000008af00000|  0%| F|  |TAMS 0x000000008ae00000, 0x000000008ae00000| Untracked 
|  81|0x000000008af00000, 0x000000008af00000, 0x000000008b000000|  0%| F|  |TAMS 0x000000008af00000, 0x000000008af00000| Untracked 
|  82|0x000000008b000000, 0x000000008b000000, 0x000000008b100000|  0%| F|  |TAMS 0x000000008b000000, 0x000000008b000000| Untracked 
|  83|0x000000008b100000, 0x000000008b100000, 0x000000008b200000|  0%| F|  |TAMS 0x000000008b100000, 0x000000008b100000| Untracked 
|  84|0x000000008b200000, 0x000000008b200000, 0x000000008b300000|  0%| F|  |TAMS 0x000000008b200000, 0x000000008b200000| Untracked 
|  85|0x000000008b300000, 0x000000008b300000, 0x000000008b400000|  0%| F|  |TAMS 0x000000008b300000, 0x000000008b300000| Untracked 
|  86|0x000000008b400000, 0x000000008b400000, 0x000000008b500000|  0%| F|  |TAMS 0x000000008b400000, 0x000000008b400000| Untracked 
|  87|0x000000008b500000, 0x000000008b500000, 0x000000008b600000|  0%| F|  |TAMS 0x000000008b500000, 0x000000008b500000| Untracked 
|  88|0x000000008b600000, 0x000000008b600000, 0x000000008b700000|  0%| F|  |TAMS 0x000000008b600000, 0x000000008b600000| Untracked 
|  89|0x000000008b700000, 0x000000008b700000, 0x000000008b800000|  0%| F|  |TAMS 0x000000008b700000, 0x000000008b700000| Untracked 
|  90|0x000000008b800000, 0x000000008b800000, 0x000000008b900000|  0%| F|  |TAMS 0x000000008b800000, 0x000000008b800000| Untracked 
|  91|0x000000008b900000, 0x000000008b900000, 0x000000008ba00000|  0%| F|  |TAMS 0x000000008b900000, 0x000000008b900000| Untracked 
|  92|0x000000008ba00000, 0x000000008ba00000, 0x000000008bb00000|  0%| F|  |TAMS 0x000000008ba00000, 0x000000008ba00000| Untracked 
|  93|0x000000008bb00000, 0x000000008bb00000, 0x000000008bc00000|  0%| F|  |TAMS 0x000000008bb00000, 0x000000008bb00000| Untracked 
|  94|0x000000008bc00000, 0x000000008bc00000, 0x000000008bd00000|  0%| F|  |TAMS 0x000000008bc00000, 0x000000008bc00000| Untracked 
|  95|0x000000008bd00000, 0x000000008bd00000, 0x000000008be00000|  0%| F|  |TAMS 0x000000008bd00000, 0x000000008bd00000| Untracked 
|  96|0x000000008be00000, 0x000000008be00000, 0x000000008bf00000|  0%| F|  |TAMS 0x000000008be00000, 0x000000008be00000| Untracked 
|  97|0x000000008bf00000, 0x000000008bf00000, 0x000000008c000000|  0%| F|  |TAMS 0x000000008bf00000, 0x000000008bf00000| Untracked 
|  98|0x000000008c000000, 0x000000008c000000, 0x000000008c100000|  0%| F|  |TAMS 0x000000008c000000, 0x000000008c000000| Untracked 
|  99|0x000000008c100000, 0x000000008c100000, 0x000000008c200000|  0%| F|  |TAMS 0x000000008c100000, 0x000000008c100000| Untracked 
| 100|0x000000008c200000, 0x000000008c200000, 0x000000008c300000|  0%| F|  |TAMS 0x000000008c200000, 0x000000008c200000| Untracked 
| 101|0x000000008c300000, 0x000000008c300000, 0x000000008c400000|  0%| F|  |TAMS 0x000000008c300000, 0x000000008c300000| Untracked 
| 102|0x000000008c400000, 0x000000008c400000, 0x000000008c500000|  0%| F|  |TAMS 0x000000008c400000, 0x000000008c400000| Untracked 
| 103|0x000000008c500000, 0x000000008c500000, 0x000000008c600000|  0%| F|  |TAMS 0x000000008c500000, 0x000000008c500000| Untracked 
| 104|0x000000008c600000, 0x000000008c600000, 0x000000008c700000|  0%| F|  |TAMS 0x000000008c600000, 0x000000008c600000| Untracked 
| 105|0x000000008c700000, 0x000000008c700000, 0x000000008c800000|  0%| F|  |TAMS 0x000000008c700000, 0x000000008c700000| Untracked 
| 106|0x000000008c800000, 0x000000008c800000, 0x000000008c900000|  0%| F|  |TAMS 0x000000008c800000, 0x000000008c800000| Untracked 
| 107|0x000000008c900000, 0x000000008c900000, 0x000000008ca00000|  0%| F|  |TAMS 0x000000008c900000, 0x000000008c900000| Untracked 
| 108|0x000000008ca00000, 0x000000008ca00000, 0x000000008cb00000|  0%| F|  |TAMS 0x000000008ca00000, 0x000000008ca00000| Untracked 
| 109|0x000000008cb00000, 0x000000008cb00000, 0x000000008cc00000|  0%| F|  |TAMS 0x000000008cb00000, 0x000000008cb00000| Untracked 
| 110|0x000000008cc00000, 0x000000008cc00000, 0x000000008cd00000|  0%| F|  |TAMS 0x000000008cc00000, 0x000000008cc00000| Untracked 
| 111|0x000000008cd00000, 0x000000008cd00000, 0x000000008ce00000|  0%| F|  |TAMS 0x000000008cd00000, 0x000000008cd00000| Untracked 
| 112|0x000000008ce00000, 0x000000008ce00000, 0x000000008cf00000|  0%| F|  |TAMS 0x000000008ce00000, 0x000000008ce00000| Untracked 
| 113|0x000000008cf00000, 0x000000008cf00000, 0x000000008d000000|  0%| F|  |TAMS 0x000000008cf00000, 0x000000008cf00000| Untracked 
| 114|0x000000008d000000, 0x000000008d000000, 0x000000008d100000|  0%| F|  |TAMS 0x000000008d000000, 0x000000008d000000| Untracked 
| 115|0x000000008d100000, 0x000000008d100000, 0x000000008d200000|  0%| F|  |TAMS 0x000000008d100000, 0x000000008d100000| Untracked 
| 116|0x000000008d200000, 0x000000008d200000, 0x000000008d300000|  0%| F|  |TAMS 0x000000008d200000, 0x000000008d200000| Untracked 
| 117|0x000000008d300000, 0x000000008d300000, 0x000000008d400000|  0%| F|  |TAMS 0x000000008d300000, 0x000000008d300000| Untracked 
| 118|0x000000008d400000, 0x000000008d400000, 0x000000008d500000|  0%| F|  |TAMS 0x000000008d400000, 0x000000008d400000| Untracked 
| 119|0x000000008d500000, 0x000000008d500000, 0x000000008d600000|  0%| F|  |TAMS 0x000000008d500000, 0x000000008d500000| Untracked 
| 120|0x000000008d600000, 0x000000008d600000, 0x000000008d700000|  0%| F|  |TAMS 0x000000008d600000, 0x000000008d600000| Untracked 
| 121|0x000000008d700000, 0x000000008d700000, 0x000000008d800000|  0%| F|  |TAMS 0x000000008d700000, 0x000000008d700000| Untracked 
| 122|0x000000008d800000, 0x000000008d800000, 0x000000008d900000|  0%| F|  |TAMS 0x000000008d800000, 0x000000008d800000| Untracked 
| 123|0x000000008d900000, 0x000000008d900000, 0x000000008da00000|  0%| F|  |TAMS 0x000000008d900000, 0x000000008d900000| Untracked 
| 124|0x000000008da00000, 0x000000008da00000, 0x000000008db00000|  0%| F|  |TAMS 0x000000008da00000, 0x000000008da00000| Untracked 
| 125|0x000000008db00000, 0x000000008dbb7690, 0x000000008dc00000| 71%| S|CS|TAMS 0x000000008db00000, 0x000000008db00000| Complete 
| 126|0x000000008dc00000, 0x000000008dd00000, 0x000000008dd00000|100%| S|CS|TAMS 0x000000008dc00000, 0x000000008dc00000| Complete 
| 127|0x000000008dd00000, 0x000000008dd00000, 0x000000008de00000|  0%| F|  |TAMS 0x000000008dd00000, 0x000000008dd00000| Untracked 
| 128|0x000000008de00000, 0x000000008de00000, 0x000000008df00000|  0%| F|  |TAMS 0x000000008de00000, 0x000000008de00000| Untracked 
| 129|0x000000008df00000, 0x000000008df00000, 0x000000008e000000|  0%| F|  |TAMS 0x000000008df00000, 0x000000008df00000| Untracked 
| 130|0x000000008e000000, 0x000000008e000000, 0x000000008e100000|  0%| F|  |TAMS 0x000000008e000000, 0x000000008e000000| Untracked 
| 131|0x000000008e100000, 0x000000008e100000, 0x000000008e200000|  0%| F|  |TAMS 0x000000008e100000, 0x000000008e100000| Untracked 
| 132|0x000000008e200000, 0x000000008e200000, 0x000000008e300000|  0%| F|  |TAMS 0x000000008e200000, 0x000000008e200000| Untracked 
| 133|0x000000008e300000, 0x000000008e300000, 0x000000008e400000|  0%| F|  |TAMS 0x000000008e300000, 0x000000008e300000| Untracked 
| 134|0x000000008e400000, 0x000000008e400000, 0x000000008e500000|  0%| F|  |TAMS 0x000000008e400000, 0x000000008e400000| Untracked 
| 135|0x000000008e500000, 0x000000008e500000, 0x000000008e600000|  0%| F|  |TAMS 0x000000008e500000, 0x000000008e500000| Untracked 
| 136|0x000000008e600000, 0x000000008e600000, 0x000000008e700000|  0%| F|  |TAMS 0x000000008e600000, 0x000000008e600000| Untracked 
| 137|0x000000008e700000, 0x000000008e800000, 0x000000008e800000|100%| S|CS|TAMS 0x000000008e700000, 0x000000008e700000| Complete 
| 138|0x000000008e800000, 0x000000008e900000, 0x000000008e900000|100%| S|CS|TAMS 0x000000008e800000, 0x000000008e800000| Complete 
| 139|0x000000008e900000, 0x000000008ea00000, 0x000000008ea00000|100%| S|CS|TAMS 0x000000008e900000, 0x000000008e900000| Complete 
| 140|0x000000008ea00000, 0x000000008eb00000, 0x000000008eb00000|100%| S|CS|TAMS 0x000000008ea00000, 0x000000008ea00000| Complete 
| 141|0x000000008eb00000, 0x000000008ec00000, 0x000000008ec00000|100%| S|CS|TAMS 0x000000008eb00000, 0x000000008eb00000| Complete 
| 142|0x000000008ec00000, 0x000000008ed00000, 0x000000008ed00000|100%| S|CS|TAMS 0x000000008ec00000, 0x000000008ec00000| Complete 
| 143|0x000000008ed00000, 0x000000008ee00000, 0x000000008ee00000|100%| S|CS|TAMS 0x000000008ed00000, 0x000000008ed00000| Complete 
| 144|0x000000008ee00000, 0x000000008ef00000, 0x000000008ef00000|100%| S|CS|TAMS 0x000000008ee00000, 0x000000008ee00000| Complete 
| 145|0x000000008ef00000, 0x000000008f000000, 0x000000008f000000|100%| S|CS|TAMS 0x000000008ef00000, 0x000000008ef00000| Complete 
| 146|0x000000008f000000, 0x000000008f000000, 0x000000008f100000|  0%| F|  |TAMS 0x000000008f000000, 0x000000008f000000| Untracked 
| 147|0x000000008f100000, 0x000000008f100000, 0x000000008f200000|  0%| F|  |TAMS 0x000000008f100000, 0x000000008f100000| Untracked 
| 148|0x000000008f200000, 0x000000008f200000, 0x000000008f300000|  0%| F|  |TAMS 0x000000008f200000, 0x000000008f200000| Untracked 
| 149|0x000000008f300000, 0x000000008f300000, 0x000000008f400000|  0%| F|  |TAMS 0x000000008f300000, 0x000000008f300000| Untracked 
| 150|0x000000008f400000, 0x000000008f400000, 0x000000008f500000|  0%| F|  |TAMS 0x000000008f400000, 0x000000008f400000| Untracked 
| 151|0x000000008f500000, 0x000000008f500000, 0x000000008f600000|  0%| F|  |TAMS 0x000000008f500000, 0x000000008f500000| Untracked 
| 152|0x000000008f600000, 0x000000008f600000, 0x000000008f700000|  0%| F|  |TAMS 0x000000008f600000, 0x000000008f600000| Untracked 
| 153|0x000000008f700000, 0x000000008f700000, 0x000000008f800000|  0%| F|  |TAMS 0x000000008f700000, 0x000000008f700000| Untracked 
| 154|0x000000008f800000, 0x000000008f800000, 0x000000008f900000|  0%| F|  |TAMS 0x000000008f800000, 0x000000008f800000| Untracked 
| 155|0x000000008f900000, 0x000000008f900000, 0x000000008fa00000|  0%| F|  |TAMS 0x000000008f900000, 0x000000008f900000| Untracked 
| 156|0x000000008fa00000, 0x000000008fa00000, 0x000000008fb00000|  0%| F|  |TAMS 0x000000008fa00000, 0x000000008fa00000| Untracked 
| 157|0x000000008fb00000, 0x000000008fb00000, 0x000000008fc00000|  0%| F|  |TAMS 0x000000008fb00000, 0x000000008fb00000| Untracked 
| 158|0x000000008fc00000, 0x000000008fc00000, 0x000000008fd00000|  0%| F|  |TAMS 0x000000008fc00000, 0x000000008fc00000| Untracked 
| 159|0x000000008fd00000, 0x000000008fd00000, 0x000000008fe00000|  0%| F|  |TAMS 0x000000008fd00000, 0x000000008fd00000| Untracked 
| 160|0x000000008fe00000, 0x000000008fe00000, 0x000000008ff00000|  0%| F|  |TAMS 0x000000008fe00000, 0x000000008fe00000| Untracked 
| 161|0x000000008ff00000, 0x000000008ff00000, 0x0000000090000000|  0%| F|  |TAMS 0x000000008ff00000, 0x000000008ff00000| Untracked 
| 162|0x0000000090000000, 0x0000000090000000, 0x0000000090100000|  0%| F|  |TAMS 0x0000000090000000, 0x0000000090000000| Untracked 
| 163|0x0000000090100000, 0x0000000090100000, 0x0000000090200000|  0%| F|  |TAMS 0x0000000090100000, 0x0000000090100000| Untracked 
| 164|0x0000000090200000, 0x0000000090200000, 0x0000000090300000|  0%| F|  |TAMS 0x0000000090200000, 0x0000000090200000| Untracked 
| 165|0x0000000090300000, 0x0000000090300000, 0x0000000090400000|  0%| F|  |TAMS 0x0000000090300000, 0x0000000090300000| Untracked 
| 166|0x0000000090400000, 0x0000000090400000, 0x0000000090500000|  0%| F|  |TAMS 0x0000000090400000, 0x0000000090400000| Untracked 
| 167|0x0000000090500000, 0x0000000090500000, 0x0000000090600000|  0%| F|  |TAMS 0x0000000090500000, 0x0000000090500000| Untracked 
| 168|0x0000000090600000, 0x0000000090600000, 0x0000000090700000|  0%| F|  |TAMS 0x0000000090600000, 0x0000000090600000| Untracked 
| 169|0x0000000090700000, 0x0000000090700000, 0x0000000090800000|  0%| F|  |TAMS 0x0000000090700000, 0x0000000090700000| Untracked 
| 170|0x0000000090800000, 0x0000000090800000, 0x0000000090900000|  0%| F|  |TAMS 0x0000000090800000, 0x0000000090800000| Untracked 
| 171|0x0000000090900000, 0x0000000090900000, 0x0000000090a00000|  0%| F|  |TAMS 0x0000000090900000, 0x0000000090900000| Untracked 
| 172|0x0000000090a00000, 0x0000000090a00000, 0x0000000090b00000|  0%| F|  |TAMS 0x0000000090a00000, 0x0000000090a00000| Untracked 
| 173|0x0000000090b00000, 0x0000000090b00000, 0x0000000090c00000|  0%| F|  |TAMS 0x0000000090b00000, 0x0000000090b00000| Untracked 
| 174|0x0000000090c00000, 0x0000000090c00000, 0x0000000090d00000|  0%| F|  |TAMS 0x0000000090c00000, 0x0000000090c00000| Untracked 
| 175|0x0000000090d00000, 0x0000000090d00000, 0x0000000090e00000|  0%| F|  |TAMS 0x0000000090d00000, 0x0000000090d00000| Untracked 
| 176|0x0000000090e00000, 0x0000000090e00000, 0x0000000090f00000|  0%| F|  |TAMS 0x0000000090e00000, 0x0000000090e00000| Untracked 
| 177|0x0000000090f00000, 0x0000000090f00000, 0x0000000091000000|  0%| F|  |TAMS 0x0000000090f00000, 0x0000000090f00000| Untracked 
| 178|0x0000000091000000, 0x0000000091000000, 0x0000000091100000|  0%| F|  |TAMS 0x0000000091000000, 0x0000000091000000| Untracked 
| 179|0x0000000091100000, 0x0000000091100000, 0x0000000091200000|  0%| F|  |TAMS 0x0000000091100000, 0x0000000091100000| Untracked 
| 180|0x0000000091200000, 0x0000000091200000, 0x0000000091300000|  0%| F|  |TAMS 0x0000000091200000, 0x0000000091200000| Untracked 
| 181|0x0000000091300000, 0x0000000091300000, 0x0000000091400000|  0%| F|  |TAMS 0x0000000091300000, 0x0000000091300000| Untracked 
| 182|0x0000000091400000, 0x0000000091400000, 0x0000000091500000|  0%| F|  |TAMS 0x0000000091400000, 0x0000000091400000| Untracked 
| 183|0x0000000091500000, 0x0000000091500000, 0x0000000091600000|  0%| F|  |TAMS 0x0000000091500000, 0x0000000091500000| Untracked 
| 184|0x0000000091600000, 0x0000000091600000, 0x0000000091700000|  0%| F|  |TAMS 0x0000000091600000, 0x0000000091600000| Untracked 
| 185|0x0000000091700000, 0x0000000091700000, 0x0000000091800000|  0%| F|  |TAMS 0x0000000091700000, 0x0000000091700000| Untracked 
| 186|0x0000000091800000, 0x0000000091800000, 0x0000000091900000|  0%| F|  |TAMS 0x0000000091800000, 0x0000000091800000| Untracked 
| 187|0x0000000091900000, 0x0000000091900000, 0x0000000091a00000|  0%| F|  |TAMS 0x0000000091900000, 0x0000000091900000| Untracked 
| 188|0x0000000091a00000, 0x0000000091a00000, 0x0000000091b00000|  0%| F|  |TAMS 0x0000000091a00000, 0x0000000091a00000| Untracked 
| 189|0x0000000091b00000, 0x0000000091b00000, 0x0000000091c00000|  0%| F|  |TAMS 0x0000000091b00000, 0x0000000091b00000| Untracked 
| 190|0x0000000091c00000, 0x0000000091c00000, 0x0000000091d00000|  0%| F|  |TAMS 0x0000000091c00000, 0x0000000091c00000| Untracked 
| 191|0x0000000091d00000, 0x0000000091d00000, 0x0000000091e00000|  0%| F|  |TAMS 0x0000000091d00000, 0x0000000091d00000| Untracked 
| 192|0x0000000091e00000, 0x0000000091e00000, 0x0000000091f00000|  0%| F|  |TAMS 0x0000000091e00000, 0x0000000091e00000| Untracked 
| 193|0x0000000091f00000, 0x0000000091f00000, 0x0000000092000000|  0%| F|  |TAMS 0x0000000091f00000, 0x0000000091f00000| Untracked 
| 194|0x0000000092000000, 0x0000000092000000, 0x0000000092100000|  0%| F|  |TAMS 0x0000000092000000, 0x0000000092000000| Untracked 
| 195|0x0000000092100000, 0x0000000092100000, 0x0000000092200000|  0%| F|  |TAMS 0x0000000092100000, 0x0000000092100000| Untracked 
| 196|0x0000000092200000, 0x0000000092200000, 0x0000000092300000|  0%| F|  |TAMS 0x0000000092200000, 0x0000000092200000| Untracked 
| 197|0x0000000092300000, 0x0000000092300000, 0x0000000092400000|  0%| F|  |TAMS 0x0000000092300000, 0x0000000092300000| Untracked 
| 198|0x0000000092400000, 0x0000000092400000, 0x0000000092500000|  0%| F|  |TAMS 0x0000000092400000, 0x0000000092400000| Untracked 
| 199|0x0000000092500000, 0x0000000092500000, 0x0000000092600000|  0%| F|  |TAMS 0x0000000092500000, 0x0000000092500000| Untracked 
| 200|0x0000000092600000, 0x0000000092600000, 0x0000000092700000|  0%| F|  |TAMS 0x0000000092600000, 0x0000000092600000| Untracked 
| 201|0x0000000092700000, 0x0000000092700000, 0x0000000092800000|  0%| F|  |TAMS 0x0000000092700000, 0x0000000092700000| Untracked 
| 202|0x0000000092800000, 0x0000000092800000, 0x0000000092900000|  0%| F|  |TAMS 0x0000000092800000, 0x0000000092800000| Untracked 
| 203|0x0000000092900000, 0x0000000092900000, 0x0000000092a00000|  0%| F|  |TAMS 0x0000000092900000, 0x0000000092900000| Untracked 
| 204|0x0000000092a00000, 0x0000000092a00000, 0x0000000092b00000|  0%| F|  |TAMS 0x0000000092a00000, 0x0000000092a00000| Untracked 
| 205|0x0000000092b00000, 0x0000000092b00000, 0x0000000092c00000|  0%| F|  |TAMS 0x0000000092b00000, 0x0000000092b00000| Untracked 
| 206|0x0000000092c00000, 0x0000000092c00000, 0x0000000092d00000|  0%| F|  |TAMS 0x0000000092c00000, 0x0000000092c00000| Untracked 
| 207|0x0000000092d00000, 0x0000000092d00000, 0x0000000092e00000|  0%| F|  |TAMS 0x0000000092d00000, 0x0000000092d00000| Untracked 
| 208|0x0000000092e00000, 0x0000000092e00000, 0x0000000092f00000|  0%| F|  |TAMS 0x0000000092e00000, 0x0000000092e00000| Untracked 
| 209|0x0000000092f00000, 0x0000000092f00000, 0x0000000093000000|  0%| F|  |TAMS 0x0000000092f00000, 0x0000000092f00000| Untracked 
| 210|0x0000000093000000, 0x0000000093000000, 0x0000000093100000|  0%| F|  |TAMS 0x0000000093000000, 0x0000000093000000| Untracked 
| 211|0x0000000093100000, 0x0000000093100000, 0x0000000093200000|  0%| F|  |TAMS 0x0000000093100000, 0x0000000093100000| Untracked 
| 212|0x0000000093200000, 0x0000000093200000, 0x0000000093300000|  0%| F|  |TAMS 0x0000000093200000, 0x0000000093200000| Untracked 
| 213|0x0000000093300000, 0x0000000093300000, 0x0000000093400000|  0%| F|  |TAMS 0x0000000093300000, 0x0000000093300000| Untracked 
| 214|0x0000000093400000, 0x0000000093400000, 0x0000000093500000|  0%| F|  |TAMS 0x0000000093400000, 0x0000000093400000| Untracked 
| 215|0x0000000093500000, 0x0000000093500000, 0x0000000093600000|  0%| F|  |TAMS 0x0000000093500000, 0x0000000093500000| Untracked 
| 216|0x0000000093600000, 0x0000000093600000, 0x0000000093700000|  0%| F|  |TAMS 0x0000000093600000, 0x0000000093600000| Untracked 
| 217|0x0000000093700000, 0x0000000093700000, 0x0000000093800000|  0%| F|  |TAMS 0x0000000093700000, 0x0000000093700000| Untracked 
| 218|0x0000000093800000, 0x0000000093800000, 0x0000000093900000|  0%| F|  |TAMS 0x0000000093800000, 0x0000000093800000| Untracked 
| 219|0x0000000093900000, 0x0000000093900000, 0x0000000093a00000|  0%| F|  |TAMS 0x0000000093900000, 0x0000000093900000| Untracked 
| 220|0x0000000093a00000, 0x0000000093a00000, 0x0000000093b00000|  0%| F|  |TAMS 0x0000000093a00000, 0x0000000093a00000| Untracked 
| 221|0x0000000093b00000, 0x0000000093b00000, 0x0000000093c00000|  0%| F|  |TAMS 0x0000000093b00000, 0x0000000093b00000| Untracked 
| 222|0x0000000093c00000, 0x0000000093c00000, 0x0000000093d00000|  0%| F|  |TAMS 0x0000000093c00000, 0x0000000093c00000| Untracked 
| 223|0x0000000093d00000, 0x0000000093d00000, 0x0000000093e00000|  0%| F|  |TAMS 0x0000000093d00000, 0x0000000093d00000| Untracked 
| 224|0x0000000093e00000, 0x0000000093e00000, 0x0000000093f00000|  0%| F|  |TAMS 0x0000000093e00000, 0x0000000093e00000| Untracked 
| 225|0x0000000093f00000, 0x0000000093f00000, 0x0000000094000000|  0%| F|  |TAMS 0x0000000093f00000, 0x0000000093f00000| Untracked 
| 226|0x0000000094000000, 0x0000000094000000, 0x0000000094100000|  0%| F|  |TAMS 0x0000000094000000, 0x0000000094000000| Untracked 
| 227|0x0000000094100000, 0x0000000094100000, 0x0000000094200000|  0%| F|  |TAMS 0x0000000094100000, 0x0000000094100000| Untracked 
| 228|0x0000000094200000, 0x0000000094200000, 0x0000000094300000|  0%| F|  |TAMS 0x0000000094200000, 0x0000000094200000| Untracked 
| 229|0x0000000094300000, 0x0000000094300000, 0x0000000094400000|  0%| F|  |TAMS 0x0000000094300000, 0x0000000094300000| Untracked 
| 230|0x0000000094400000, 0x0000000094400000, 0x0000000094500000|  0%| F|  |TAMS 0x0000000094400000, 0x0000000094400000| Untracked 
| 231|0x0000000094500000, 0x0000000094500000, 0x0000000094600000|  0%| F|  |TAMS 0x0000000094500000, 0x0000000094500000| Untracked 
| 232|0x0000000094600000, 0x0000000094600000, 0x0000000094700000|  0%| F|  |TAMS 0x0000000094600000, 0x0000000094600000| Untracked 
| 233|0x0000000094700000, 0x0000000094700000, 0x0000000094800000|  0%| F|  |TAMS 0x0000000094700000, 0x0000000094700000| Untracked 
| 234|0x0000000094800000, 0x0000000094800000, 0x0000000094900000|  0%| F|  |TAMS 0x0000000094800000, 0x0000000094800000| Untracked 
| 235|0x0000000094900000, 0x0000000094900000, 0x0000000094a00000|  0%| F|  |TAMS 0x0000000094900000, 0x0000000094900000| Untracked 
| 236|0x0000000094a00000, 0x0000000094a00000, 0x0000000094b00000|  0%| F|  |TAMS 0x0000000094a00000, 0x0000000094a00000| Untracked 
| 237|0x0000000094b00000, 0x0000000094b00000, 0x0000000094c00000|  0%| F|  |TAMS 0x0000000094b00000, 0x0000000094b00000| Untracked 
| 238|0x0000000094c00000, 0x0000000094c00000, 0x0000000094d00000|  0%| F|  |TAMS 0x0000000094c00000, 0x0000000094c00000| Untracked 
| 239|0x0000000094d00000, 0x0000000094d00000, 0x0000000094e00000|  0%| F|  |TAMS 0x0000000094d00000, 0x0000000094d00000| Untracked 
| 240|0x0000000094e00000, 0x0000000094e00000, 0x0000000094f00000|  0%| F|  |TAMS 0x0000000094e00000, 0x0000000094e00000| Untracked 
| 241|0x0000000094f00000, 0x0000000094f00000, 0x0000000095000000|  0%| F|  |TAMS 0x0000000094f00000, 0x0000000094f00000| Untracked 
| 242|0x0000000095000000, 0x0000000095000000, 0x0000000095100000|  0%| F|  |TAMS 0x0000000095000000, 0x0000000095000000| Untracked 
| 243|0x0000000095100000, 0x0000000095100000, 0x0000000095200000|  0%| F|  |TAMS 0x0000000095100000, 0x0000000095100000| Untracked 
| 244|0x0000000095200000, 0x0000000095200000, 0x0000000095300000|  0%| F|  |TAMS 0x0000000095200000, 0x0000000095200000| Untracked 
| 245|0x0000000095300000, 0x0000000095300000, 0x0000000095400000|  0%| F|  |TAMS 0x0000000095300000, 0x0000000095300000| Untracked 
| 246|0x0000000095400000, 0x0000000095400000, 0x0000000095500000|  0%| F|  |TAMS 0x0000000095400000, 0x0000000095400000| Untracked 
| 247|0x0000000095500000, 0x0000000095500000, 0x0000000095600000|  0%| F|  |TAMS 0x0000000095500000, 0x0000000095500000| Untracked 
| 248|0x0000000095600000, 0x0000000095600000, 0x0000000095700000|  0%| F|  |TAMS 0x0000000095600000, 0x0000000095600000| Untracked 
| 249|0x0000000095700000, 0x0000000095700000, 0x0000000095800000|  0%| F|  |TAMS 0x0000000095700000, 0x0000000095700000| Untracked 
| 250|0x0000000095800000, 0x0000000095800000, 0x0000000095900000|  0%| F|  |TAMS 0x0000000095800000, 0x0000000095800000| Untracked 
| 251|0x0000000095900000, 0x0000000095900000, 0x0000000095a00000|  0%| F|  |TAMS 0x0000000095900000, 0x0000000095900000| Untracked 
| 252|0x0000000095a00000, 0x0000000095a00000, 0x0000000095b00000|  0%| F|  |TAMS 0x0000000095a00000, 0x0000000095a00000| Untracked 
| 253|0x0000000095b00000, 0x0000000095b00000, 0x0000000095c00000|  0%| F|  |TAMS 0x0000000095b00000, 0x0000000095b00000| Untracked 
| 254|0x0000000095c00000, 0x0000000095c00000, 0x0000000095d00000|  0%| F|  |TAMS 0x0000000095c00000, 0x0000000095c00000| Untracked 
| 255|0x0000000095d00000, 0x0000000095d00000, 0x0000000095e00000|  0%| F|  |TAMS 0x0000000095d00000, 0x0000000095d00000| Untracked 
| 256|0x0000000095e00000, 0x0000000095e00000, 0x0000000095f00000|  0%| F|  |TAMS 0x0000000095e00000, 0x0000000095e00000| Untracked 
| 257|0x0000000095f00000, 0x0000000095f00000, 0x0000000096000000|  0%| F|  |TAMS 0x0000000095f00000, 0x0000000095f00000| Untracked 
| 258|0x0000000096000000, 0x0000000096000000, 0x0000000096100000|  0%| F|  |TAMS 0x0000000096000000, 0x0000000096000000| Untracked 
| 259|0x0000000096100000, 0x0000000096100000, 0x0000000096200000|  0%| F|  |TAMS 0x0000000096100000, 0x0000000096100000| Untracked 
| 260|0x0000000096200000, 0x0000000096200000, 0x0000000096300000|  0%| F|  |TAMS 0x0000000096200000, 0x0000000096200000| Untracked 
| 261|0x0000000096300000, 0x0000000096300000, 0x0000000096400000|  0%| F|  |TAMS 0x0000000096300000, 0x0000000096300000| Untracked 
| 262|0x0000000096400000, 0x0000000096400000, 0x0000000096500000|  0%| F|  |TAMS 0x0000000096400000, 0x0000000096400000| Untracked 
| 263|0x0000000096500000, 0x0000000096500000, 0x0000000096600000|  0%| F|  |TAMS 0x0000000096500000, 0x0000000096500000| Untracked 
| 264|0x0000000096600000, 0x0000000096600000, 0x0000000096700000|  0%| F|  |TAMS 0x0000000096600000, 0x0000000096600000| Untracked 
| 265|0x0000000096700000, 0x0000000096700000, 0x0000000096800000|  0%| F|  |TAMS 0x0000000096700000, 0x0000000096700000| Untracked 
| 266|0x0000000096800000, 0x0000000096800000, 0x0000000096900000|  0%| F|  |TAMS 0x0000000096800000, 0x0000000096800000| Untracked 
| 267|0x0000000096900000, 0x0000000096900000, 0x0000000096a00000|  0%| F|  |TAMS 0x0000000096900000, 0x0000000096900000| Untracked 
| 268|0x0000000096a00000, 0x0000000096a00000, 0x0000000096b00000|  0%| F|  |TAMS 0x0000000096a00000, 0x0000000096a00000| Untracked 
| 269|0x0000000096b00000, 0x0000000096b00000, 0x0000000096c00000|  0%| F|  |TAMS 0x0000000096b00000, 0x0000000096b00000| Untracked 
| 270|0x0000000096c00000, 0x0000000096c00000, 0x0000000096d00000|  0%| F|  |TAMS 0x0000000096c00000, 0x0000000096c00000| Untracked 
| 271|0x0000000096d00000, 0x0000000096d00000, 0x0000000096e00000|  0%| F|  |TAMS 0x0000000096d00000, 0x0000000096d00000| Untracked 
| 272|0x0000000096e00000, 0x0000000096e00000, 0x0000000096f00000|  0%| F|  |TAMS 0x0000000096e00000, 0x0000000096e00000| Untracked 
| 273|0x0000000096f00000, 0x0000000096f00000, 0x0000000097000000|  0%| F|  |TAMS 0x0000000096f00000, 0x0000000096f00000| Untracked 
| 274|0x0000000097000000, 0x0000000097000000, 0x0000000097100000|  0%| F|  |TAMS 0x0000000097000000, 0x0000000097000000| Untracked 
| 275|0x0000000097100000, 0x0000000097100000, 0x0000000097200000|  0%| F|  |TAMS 0x0000000097100000, 0x0000000097100000| Untracked 
| 276|0x0000000097200000, 0x0000000097200000, 0x0000000097300000|  0%| F|  |TAMS 0x0000000097200000, 0x0000000097200000| Untracked 
| 277|0x0000000097300000, 0x0000000097300000, 0x0000000097400000|  0%| F|  |TAMS 0x0000000097300000, 0x0000000097300000| Untracked 
| 278|0x0000000097400000, 0x0000000097400000, 0x0000000097500000|  0%| F|  |TAMS 0x0000000097400000, 0x0000000097400000| Untracked 

Card table byte_map: [0x0000023494d60000,0x0000023495140000] _byte_map_base: 0x0000023494931000

Marking Bits (Prev, Next): (CMBitMap*) 0x000002348ec46240, (CMBitMap*) 0x000002348ec46280
 Prev Bits: [0x0000023495520000, 0x00000234973a8000)
 Next Bits: [0x00000234973b0000, 0x0000023499238000)

Polling page: 0x000002348cb50000

Metaspace:

Usage:
  Non-class:     32.43 MB used.
      Class:      4.78 MB used.
       Both:     37.21 MB used.

Virtual space:
  Non-class space:       40.00 MB reserved,      32.56 MB ( 81%) committed,  5 nodes.
      Class space:        1.00 GB reserved,       4.94 MB ( <1%) committed,  1 nodes.
             Both:        1.04 GB reserved,      37.50 MB (  4%) committed. 

Chunk freelists:
   Non-Class:  3.02 MB
       Class:  2.91 MB
        Both:  5.92 MB

MaxMetaspaceSize: unlimited
CompressedClassSpaceSize: 1.00 GB
Initial GC threshold: 21.00 MB
Current GC threshold: 59.81 MB
CDS: off
MetaspaceReclaimPolicy: balanced
 - commit_granule_bytes: 65536.
 - commit_granule_words: 8192.
 - virtual_space_node_default_size: 1048576.
 - enlarge_chunks_in_place: 1.
 - new_chunks_are_fully_committed: 0.
 - uncommit_free_chunks: 1.
 - use_allocation_guard: 0.
 - handle_deallocations: 1.


Internal statistics:

num_allocs_failed_limit: 11.
num_arena_births: 342.
num_arena_deaths: 0.
num_vsnodes_births: 6.
num_vsnodes_deaths: 0.
num_space_committed: 600.
num_space_uncommitted: 0.
num_chunks_returned_to_freelist: 11.
num_chunks_taken_from_freelist: 1445.
num_chunk_merges: 11.
num_chunk_splits: 1011.
num_chunks_enlarged: 789.
num_purges: 0.
num_inconsistent_stats: 0.

CodeCache: size=49152Kb used=9322Kb max_used=9322Kb free=39829Kb
 bounds [0x0000023491870000, 0x0000023492190000, 0x0000023494870000]
 total_blobs=4420 nmethods=3889 adapters=455
 compilation: enabled
              stopped_count=0, restarted_count=0
 full_count=0

Compilation events (20 events):
Event: 5.684 Thread 0x000002349d2a1060 3879       1       jdk.internal.jimage.BasicImageReader::verifyLocation (39 bytes)
Event: 5.685 Thread 0x000002349d2a1060 nmethod 3879 0x0000023492184f10 code [0x00000234921850c0, 0x0000023492185248]
Event: 5.685 Thread 0x000002349ca1c440 3880   !   1       sun.net.www.ParseUtil::decode (317 bytes)
Event: 5.689 Thread 0x000002349ca1bf30 3882       1       sun.util.calendar.CalendarDate::getMonth (5 bytes)
Event: 5.689 Thread 0x000002349ca1bf30 nmethod 3882 0x0000023492185710 code [0x00000234921858a0, 0x0000023492185978]
Event: 5.689 Thread 0x000002349ca1bf30 3883       1       sun.security.util.BitArray::get (47 bytes)
Event: 5.689 Thread 0x000002349ca1bf30 nmethod 3883 0x0000023492185a10 code [0x0000023492185bc0, 0x0000023492185df8]
Event: 5.691 Thread 0x000002349ca1bf30 3884       1       sun.security.util.KnownOIDs::findMatch (57 bytes)
Event: 5.692 Thread 0x000002349ca1bf30 nmethod 3884 0x0000023492188490 code [0x0000023492188640, 0x00000234921887c8]
Event: 5.692 Thread 0x000002349ca1c440 nmethod 3880 0x0000023492185f90 code [0x0000023492186340, 0x0000023492187698]
Event: 5.700 Thread 0x000002349d2a1060 3885       1       sun.security.x509.SerialNumber::getNumber (5 bytes)
Event: 5.701 Thread 0x000002349d2a1060 nmethod 3885 0x0000023492188910 code [0x0000023492188aa0, 0x0000023492188b78]
Event: 5.701 Thread 0x000002349c81aef0 3886       1       sun.security.rsa.RSAPublicKeyImpl::getAlgorithm (8 bytes)
Event: 5.701 Thread 0x000002349c81aef0 nmethod 3886 0x0000023492188c10 code [0x0000023492188da0, 0x0000023492188e78]
Event: 5.702 Thread 0x000002349c81aef0 3887       1       sun.security.util.SignatureFileVerifier::updateSigners (132 bytes)
Event: 5.703 Thread 0x000002349c81aef0 nmethod 3887 0x0000023492188f10 code [0x0000023492189140, 0x00000234921896b8]
Event: 5.752 Thread 0x000002349ca1bf30 3888       1       java.util.concurrent.ConcurrentHashMap::resizeStamp (9 bytes)
Event: 5.752 Thread 0x000002349ca1bf30 nmethod 3888 0x0000023492189a10 code [0x0000023492189ba0, 0x0000023492189c68]
Event: 5.803 Thread 0x000002349ca1bf30 3889       1       java.util.concurrent.locks.AbstractQueuedSynchronizer::acquireInterruptibly (36 bytes)
Event: 5.804 Thread 0x000002349ca1bf30 nmethod 3889 0x000002349218a310 code [0x000002349218a4e0, 0x000002349218a738]

GC Heap History (20 events):
Event: 4.650 GC heap after
{Heap after GC invocations=10 (full 0):
 garbage-first heap   total 61440K, used 29831K [0x0000000085e00000, 0x0000000100000000)
  region size 1024K, 3 young (3072K), 3 survivors (3072K)
 Metaspace       used 33886K, committed 34176K, reserved 1081344K
  class space    used 4321K, committed 4480K, reserved 1048576K
}
Event: 4.723 GC heap before
{Heap before GC invocations=10 (full 0):
 garbage-first heap   total 61440K, used 46215K [0x0000000085e00000, 0x0000000100000000)
  region size 1024K, 19 young (19456K), 3 survivors (3072K)
 Metaspace       used 34153K, committed 34496K, reserved 1081344K
  class space    used 4355K, committed 4544K, reserved 1048576K
}
Event: 4.729 GC heap after
{Heap after GC invocations=11 (full 0):
 garbage-first heap   total 101376K, used 32492K [0x0000000085e00000, 0x0000000100000000)
  region size 1024K, 3 young (3072K), 3 survivors (3072K)
 Metaspace       used 34153K, committed 34496K, reserved 1081344K
  class space    used 4355K, committed 4544K, reserved 1048576K
}
Event: 4.903 GC heap before
{Heap before GC invocations=11 (full 0):
 garbage-first heap   total 101376K, used 73452K [0x0000000085e00000, 0x0000000100000000)
  region size 1024K, 43 young (44032K), 3 survivors (3072K)
 Metaspace       used 34673K, committed 35072K, reserved 1081344K
  class space    used 4433K, committed 4608K, reserved 1048576K
}
Event: 4.916 GC heap after
{Heap after GC invocations=12 (full 0):
 garbage-first heap   total 101376K, used 42529K [0x0000000085e00000, 0x0000000100000000)
  region size 1024K, 6 young (6144K), 6 survivors (6144K)
 Metaspace       used 34673K, committed 35072K, reserved 1081344K
  class space    used 4433K, committed 4608K, reserved 1048576K
}
Event: 5.172 GC heap before
{Heap before GC invocations=12 (full 0):
 garbage-first heap   total 101376K, used 66081K [0x0000000085e00000, 0x0000000100000000)
  region size 1024K, 31 young (31744K), 6 survivors (6144K)
 Metaspace       used 35885K, committed 36160K, reserved 1081344K
  class space    used 4660K, committed 4800K, reserved 1048576K
}
Event: 5.183 GC heap after
{Heap after GC invocations=13 (full 0):
 garbage-first heap   total 101376K, used 47810K [0x0000000085e00000, 0x0000000100000000)
  region size 1024K, 5 young (5120K), 5 survivors (5120K)
 Metaspace       used 35885K, committed 36160K, reserved 1081344K
  class space    used 4660K, committed 4800K, reserved 1048576K
}
Event: 5.403 GC heap before
{Heap before GC invocations=14 (full 0):
 garbage-first heap   total 101376K, used 74434K [0x0000000085e00000, 0x0000000100000000)
  region size 1024K, 31 young (31744K), 5 survivors (5120K)
 Metaspace       used 36970K, committed 37248K, reserved 1081344K
  class space    used 4786K, committed 4928K, reserved 1048576K
}
Event: 5.420 GC heap after
{Heap after GC invocations=15 (full 0):
 garbage-first heap   total 101376K, used 58009K [0x0000000085e00000, 0x0000000100000000)
  region size 1024K, 4 young (4096K), 4 survivors (4096K)
 Metaspace       used 36970K, committed 37248K, reserved 1081344K
  class space    used 4786K, committed 4928K, reserved 1048576K
}
Event: 5.423 GC heap before
{Heap before GC invocations=15 (full 0):
 garbage-first heap   total 101376K, used 59033K [0x0000000085e00000, 0x0000000100000000)
  region size 1024K, 5 young (5120K), 4 survivors (4096K)
 Metaspace       used 36970K, committed 37248K, reserved 1081344K
  class space    used 4786K, committed 4928K, reserved 1048576K
}
Event: 5.432 GC heap after
{Heap after GC invocations=16 (full 0):
 garbage-first heap   total 101376K, used 59394K [0x0000000085e00000, 0x0000000100000000)
  region size 1024K, 1 young (1024K), 1 survivors (1024K)
 Metaspace       used 36970K, committed 37248K, reserved 1081344K
  class space    used 4786K, committed 4928K, reserved 1048576K
}
Event: 5.439 GC heap before
{Heap before GC invocations=16 (full 0):
 garbage-first heap   total 101376K, used 59394K [0x0000000085e00000, 0x0000000100000000)
  region size 1024K, 3 young (3072K), 1 survivors (1024K)
 Metaspace       used 36971K, committed 37248K, reserved 1081344K
  class space    used 4786K, committed 4928K, reserved 1048576K
}
Event: 5.448 GC heap after
{Heap after GC invocations=17 (full 0):
 garbage-first heap   total 285696K, used 60141K [0x0000000085e00000, 0x0000000100000000)
  region size 1024K, 2 young (2048K), 2 survivors (2048K)
 Metaspace       used 36971K, committed 37248K, reserved 1081344K
  class space    used 4786K, committed 4928K, reserved 1048576K
}
Event: 5.548 GC heap before
{Heap before GC invocations=17 (full 0):
 garbage-first heap   total 285696K, used 163565K [0x0000000085e00000, 0x0000000100000000)
  region size 1024K, 103 young (105472K), 2 survivors (2048K)
 Metaspace       used 37472K, committed 37760K, reserved 1089536K
  class space    used 4847K, committed 4992K, reserved 1048576K
}
Event: 5.569 GC heap after
{Heap after GC invocations=18 (full 0):
 garbage-first heap   total 285696K, used 69169K [0x0000000085e00000, 0x0000000100000000)
  region size 1024K, 10 young (10240K), 10 survivors (10240K)
 Metaspace       used 37472K, committed 37760K, reserved 1089536K
  class space    used 4847K, committed 4992K, reserved 1048576K
}
Event: 5.603 GC heap before
{Heap before GC invocations=18 (full 0):
 garbage-first heap   total 285696K, used 181809K [0x0000000085e00000, 0x0000000100000000)
  region size 1024K, 121 young (123904K), 10 survivors (10240K)
 Metaspace       used 37587K, committed 37888K, reserved 1089536K
  class space    used 4857K, committed 4992K, reserved 1048576K
}
Event: 5.635 GC heap after
{Heap after GC invocations=19 (full 0):
 garbage-first heap   total 285696K, used 74186K [0x0000000085e00000, 0x0000000100000000)
  region size 1024K, 13 young (13312K), 13 survivors (13312K)
 Metaspace       used 37587K, committed 37888K, reserved 1089536K
  class space    used 4857K, committed 4992K, reserved 1048576K
}
Event: 5.710 GC heap before
{Heap before GC invocations=19 (full 0):
 garbage-first heap   total 285696K, used 205258K [0x0000000085e00000, 0x0000000100000000)
  region size 1024K, 142 young (145408K), 13 survivors (13312K)
 Metaspace       used 37747K, committed 38080K, reserved 1089536K
  class space    used 4872K, committed 5056K, reserved 1048576K
}
Event: 5.737 GC heap after
{Heap after GC invocations=20 (full 0):
 garbage-first heap   total 285696K, used 78871K [0x0000000085e00000, 0x0000000100000000)
  region size 1024K, 10 young (10240K), 10 survivors (10240K)
 Metaspace       used 37747K, committed 38080K, reserved 1089536K
  class space    used 4872K, committed 5056K, reserved 1048576K
}
Event: 5.824 GC heap before
{Heap before GC invocations=20 (full 0):
 garbage-first heap   total 285696K, used 214039K [0x0000000085e00000, 0x0000000100000000)
  region size 1024K, 143 young (146432K), 10 survivors (10240K)
 Metaspace       used 38099K, committed 38400K, reserved 1089536K
  class space    used 4891K, committed 5056K, reserved 1048576K
}

Deoptimization events (10 events):
Event: 2.253 Thread 0x000002348ebebd90 DEOPT PACKING pc=0x0000023491dc6399 sp=0x0000009867ffd580
Event: 2.253 Thread 0x000002348ebebd90 DEOPT UNPACKING pc=0x00000234918c2b43 sp=0x0000009867ffca60 mode 3
Event: 4.190 Thread 0x000002349e3f5720 DEOPT PACKING pc=0x0000023491f8b6ab sp=0x0000009869dfe810
Event: 4.190 Thread 0x000002349e3f5720 DEOPT UNPACKING pc=0x00000234918c2b43 sp=0x0000009869dfdd58 mode 3
Event: 4.513 Thread 0x000002349e61c5b0 DEOPT PACKING pc=0x0000023491dc2e01 sp=0x000000986abff090
Event: 4.513 Thread 0x000002349e61c5b0 DEOPT UNPACKING pc=0x00000234918c2b43 sp=0x000000986abfe520 mode 3
Event: 4.994 Thread 0x000002349e61f5d0 DEOPT PACKING pc=0x00000234920f7e35 sp=0x000000986affd7e0
Event: 4.994 Thread 0x000002349e61f5d0 DEOPT UNPACKING pc=0x00000234918c2b43 sp=0x000000986affccf8 mode 3
Event: 5.057 Thread 0x000002349e61ff70 DEOPT PACKING pc=0x0000023491dc1017 sp=0x000000986b0ff0f0
Event: 5.057 Thread 0x000002349e61ff70 DEOPT UNPACKING pc=0x00000234918c2b43 sp=0x000000986b0fe548 mode 3

Classes unloaded (0 events):
No events

Classes redefined (0 events):
No events

Internal exceptions (20 events):
Event: 4.250 Thread 0x000002349e5d4060 Exception <a 'sun/nio/fs/WindowsException'{0x000000008c1831f8}> (0x000000008c1831f8) 
thrown [s\src\hotspot\share\prims\jni.cpp, line 516]
Event: 4.251 Thread 0x000002349e5d4060 Exception <a 'sun/nio/fs/WindowsException'{0x000000008c1835e0}> (0x000000008c1835e0) 
thrown [s\src\hotspot\share\prims\jni.cpp, line 516]
Event: 4.251 Thread 0x000002349e5d4060 Exception <a 'sun/nio/fs/WindowsException'{0x000000008c183ff8}> (0x000000008c183ff8) 
thrown [s\src\hotspot\share\prims\jni.cpp, line 516]
Event: 4.251 Thread 0x000002349e5d4060 Exception <a 'sun/nio/fs/WindowsException'{0x000000008c1843d0}> (0x000000008c1843d0) 
thrown [s\src\hotspot\share\prims\jni.cpp, line 516]
Event: 4.251 Thread 0x000002349e5d4060 Exception <a 'sun/nio/fs/WindowsException'{0x000000008c184df8}> (0x000000008c184df8) 
thrown [s\src\hotspot\share\prims\jni.cpp, line 516]
Event: 4.252 Thread 0x000002349e5d4060 Exception <a 'sun/nio/fs/WindowsException'{0x000000008c1851e0}> (0x000000008c1851e0) 
thrown [s\src\hotspot\share\prims\jni.cpp, line 516]
Event: 4.252 Thread 0x000002349e5d4060 Exception <a 'sun/nio/fs/WindowsException'{0x000000008c185c20}> (0x000000008c185c20) 
thrown [s\src\hotspot\share\prims\jni.cpp, line 516]
Event: 4.252 Thread 0x000002349e5d4060 Exception <a 'sun/nio/fs/WindowsException'{0x000000008c186028}> (0x000000008c186028) 
thrown [s\src\hotspot\share\prims\jni.cpp, line 516]
Event: 4.252 Thread 0x000002349e5d4060 Exception <a 'sun/nio/fs/WindowsException'{0x000000008c186a80}> (0x000000008c186a80) 
thrown [s\src\hotspot\share\prims\jni.cpp, line 516]
Event: 4.253 Thread 0x000002349e5d4060 Exception <a 'sun/nio/fs/WindowsException'{0x000000008c186ea0}> (0x000000008c186ea0) 
thrown [s\src\hotspot\share\prims\jni.cpp, line 516]
Event: 4.253 Thread 0x000002349e5d4060 Exception <a 'sun/nio/fs/WindowsException'{0x000000008c1878f0}> (0x000000008c1878f0) 
thrown [s\src\hotspot\share\prims\jni.cpp, line 516]
Event: 4.253 Thread 0x000002349e5d4060 Exception <a 'sun/nio/fs/WindowsException'{0x000000008c187d08}> (0x000000008c187d08) 
thrown [s\src\hotspot\share\prims\jni.cpp, line 516]
Event: 4.314 Thread 0x000002348ebebd90 Exception <a 'java/lang/NoSuchMethodError'{0x00000000892f6428}: 'java.lang.Object java.lang.invoke.DirectMethodHandle$Holder.newInvokeSpecial(java.lang.Object, java.lang.Object, int, java.lang.Object, java.lang.Object)'> (0x00000000892f6428) 
thrown [s\src\hotspot\share\interpreter\linkResolver.cpp, line 759]
Event: 4.319 Thread 0x000002348ebebd90 Exception <a 'java/lang/NoSuchMethodError'{0x0000000088c084d0}: 'java.lang.Object java.lang.invoke.DirectMethodHandle$Holder.invokeSpecial(java.lang.Object, java.lang.Object, int, java.lang.Object, int, java.lang.Object)'> (0x0000000088c084d0) 
thrown [s\src\hotspot\share\interpreter\linkResolver.cpp, line 759]
Event: 4.320 Thread 0x000002348ebebd90 Exception <a 'java/lang/NoSuchMethodError'{0x0000000088c102d0}: 'java.lang.Object java.lang.invoke.DirectMethodHandle$Holder.newInvokeSpecial(java.lang.Object, java.lang.Object, int, java.lang.Object, int)'> (0x0000000088c102d0) 
thrown [s\src\hotspot\share\interpreter\linkResolver.cpp, line 759]
Event: 4.321 Thread 0x000002348ebebd90 Exception <a 'java/lang/NoSuchMethodError'{0x0000000088c143d0}: 'java.lang.Object java.lang.invoke.DirectMethodHandle$Holder.invokeSpecial(java.lang.Object, java.lang.Object, java.lang.Object, int, java.lang.Object, int)'> (0x0000000088c143d0) 
thrown [s\src\hotspot\share\interpreter\linkResolver.cpp, line 759]
Event: 4.983 Thread 0x000002349e61faa0 Exception <a 'java/lang/NoSuchMethodError'{0x000000008b219128}: 'java.lang.Object java.lang.invoke.DirectMethodHandle$Holder.invokeStatic(java.lang.Object, java.lang.Object, java.lang.Object, int, java.lang.Object, java.lang.Object)'> (0x000000008b219128) 
thrown [s\src\hotspot\share\interpreter\linkResolver.cpp, line 759]
Event: 4.986 Thread 0x000002349e61f5d0 Exception <a 'java/lang/NoSuchMethodError'{0x000000008b275c18}: 'java.lang.Object java.lang.invoke.DirectMethodHandle$Holder.invokeStatic(java.lang.Object, int, java.lang.Object)'> (0x000000008b275c18) 
thrown [s\src\hotspot\share\interpreter\linkResolver.cpp, line 759]
Event: 5.187 Thread 0x000002349e61f5d0 Exception <a 'java/lang/NoSuchMethodError'{0x000000008d9319c8}: 'int java.lang.invoke.DirectMethodHandle$Holder.invokeStatic(java.lang.Object)'> (0x000000008d9319c8) 
thrown [s\src\hotspot\share\interpreter\linkResolver.cpp, line 759]
Event: 5.188 Thread 0x000002349e61f5d0 Exception <a 'java/lang/NoSuchMethodError'{0x000000008d935070}: 'int java.lang.invoke.DirectMethodHandle$Holder.invokeStaticInit(java.lang.Object)'> (0x000000008d935070) 
thrown [s\src\hotspot\share\interpreter\linkResolver.cpp, line 759]

VM Operations (20 events):
Event: 5.448 Executing VM operation: G1TryInitiateConcMark done
Event: 5.547 Executing VM operation: G1CollectForAllocation
Event: 5.548 Executing VM operation: G1CollectForAllocation done
Event: 5.548 Executing VM operation: G1CollectForAllocation
Event: 5.569 Executing VM operation: G1CollectForAllocation done
Event: 5.599 Executing VM operation: HandshakeAllThreads
Event: 5.599 Executing VM operation: HandshakeAllThreads done
Event: 5.599 Executing VM operation: G1CollectForAllocation
Event: 5.603 Executing VM operation: G1CollectForAllocation done
Event: 5.603 Executing VM operation: HandshakeAllThreads
Event: 5.603 Executing VM operation: HandshakeAllThreads done
Event: 5.603 Executing VM operation: G1CollectForAllocation
Event: 5.636 Executing VM operation: G1CollectForAllocation done
Event: 5.710 Executing VM operation: G1CollectForAllocation
Event: 5.710 Executing VM operation: G1CollectForAllocation done
Event: 5.710 Executing VM operation: G1CollectForAllocation
Event: 5.737 Executing VM operation: G1CollectForAllocation done
Event: 5.819 Executing VM operation: G1CollectForAllocation
Event: 5.820 Executing VM operation: G1CollectForAllocation done
Event: 5.820 Executing VM operation: G1CollectForAllocation

Events (20 events):
Event: 5.140 Thread 0x000002349e61d8f0 Thread added: 0x000002349e61d8f0
Event: 5.221 loading class jdk/internal/vm/annotation/ForceInline
Event: 5.221 loading class jdk/internal/vm/annotation/ForceInline done
Event: 5.244 loading class java/util/regex/Pattern$1
Event: 5.244 loading class java/util/regex/Pattern$1 done
Event: 5.262 loading class java/util/stream/Nodes$SpinedNodeBuilder
Event: 5.262 loading class java/util/stream/Nodes$SpinedNodeBuilder done
Event: 5.326 Thread 0x000002349e61e760 Thread added: 0x000002349e61e760
Event: 5.451 loading class java/util/zip/GZIPOutputStream
Event: 5.451 loading class java/util/zip/DeflaterOutputStream
Event: 5.451 loading class java/util/zip/DeflaterOutputStream done
Event: 5.451 loading class java/util/zip/GZIPOutputStream done
Event: 5.488 loading class java/util/zip/GZIPInputStream
Event: 5.488 loading class java/util/zip/GZIPInputStream done
Event: 5.497 loading class java/net/SocketTimeoutException
Event: 5.497 loading class java/io/InterruptedIOException
Event: 5.497 loading class java/io/InterruptedIOException done
Event: 5.497 loading class java/net/SocketTimeoutException done
Event: 5.497 loading class java/net/ProtocolException
Event: 5.497 loading class java/net/ProtocolException done


Dynamic libraries:
0x00007ff7fdf00000 - 0x00007ff7fdf0e000 	c:\Users\luiz_gustavo\.vscode\extensions\redhat.java-1.11.0-win32-x64\jre\17.0.4.1-win32-x86_64\bin\java.exe
0x00007ff9daa80000 - 0x00007ff9dac70000 	C:\WINDOWS\SYSTEM32\ntdll.dll
0x00007ff9d8e50000 - 0x00007ff9d8f02000 	C:\WINDOWS\System32\KERNEL32.DLL
0x00007ff9d8580000 - 0x00007ff9d8825000 	C:\WINDOWS\System32\KERNELBASE.dll
0x00007ff9d7c50000 - 0x00007ff9d7d4a000 	C:\WINDOWS\System32\ucrtbase.dll
0x00007ff9b0930000 - 0x00007ff9b0948000 	c:\Users\luiz_gustavo\.vscode\extensions\redhat.java-1.11.0-win32-x64\jre\17.0.4.1-win32-x86_64\bin\jli.dll
0x00007ff9b0ba0000 - 0x00007ff9b0bb9000 	c:\Users\luiz_gustavo\.vscode\extensions\redhat.java-1.11.0-win32-x64\jre\17.0.4.1-win32-x86_64\bin\VCRUNTIME140.dll
0x00007ff9d8b70000 - 0x00007ff9d8d04000 	C:\WINDOWS\System32\USER32.dll
0x00007ff9d7a80000 - 0x00007ff9d7aa1000 	C:\WINDOWS\System32\win32u.dll
0x00007ff9d8b40000 - 0x00007ff9d8b66000 	C:\WINDOWS\System32\GDI32.dll
0x00007ff9c1e80000 - 0x00007ff9c2104000 	C:\WINDOWS\WinSxS\amd64_microsoft.windows.common-controls_6595b64144ccf1df_6.0.18362.1556_none_9e7e372fe45e41d5\COMCTL32.dll
0x00007ff9d7ab0000 - 0x00007ff9d7c48000 	C:\WINDOWS\System32\gdi32full.dll
0x00007ff9da430000 - 0x00007ff9da4ce000 	C:\WINDOWS\System32\msvcrt.dll
0x00007ff9d8830000 - 0x00007ff9d88ce000 	C:\WINDOWS\System32\msvcp_win.dll
0x00007ff9d8ff0000 - 0x00007ff9d9326000 	C:\WINDOWS\System32\combase.dll
0x00007ff9d9810000 - 0x00007ff9d992f000 	C:\WINDOWS\System32\RPCRT4.dll
0x00007ff9d84f0000 - 0x00007ff9d8571000 	C:\WINDOWS\System32\bcryptPrimitives.dll
0x00007ff9d8f10000 - 0x00007ff9d8f3e000 	C:\WINDOWS\System32\IMM32.DLL
0x00007ff9d00d0000 - 0x00007ff9d00dc000 	c:\Users\luiz_gustavo\.vscode\extensions\redhat.java-1.11.0-win32-x64\jre\17.0.4.1-win32-x86_64\bin\vcruntime140_1.dll
0x00007ff95f920000 - 0x00007ff95f9b1000 	c:\Users\luiz_gustavo\.vscode\extensions\redhat.java-1.11.0-win32-x64\jre\17.0.4.1-win32-x86_64\bin\msvcp140.dll
0x00007ff95dfc0000 - 0x00007ff95ec06000 	c:\Users\luiz_gustavo\.vscode\extensions\redhat.java-1.11.0-win32-x64\jre\17.0.4.1-win32-x86_64\bin\server\jvm.dll
0x00007ff9d8f40000 - 0x00007ff9d8fe3000 	C:\WINDOWS\System32\ADVAPI32.dll
0x00007ff9d9c30000 - 0x00007ff9d9cc7000 	C:\WINDOWS\System32\sechost.dll
0x00007ff9d8b30000 - 0x00007ff9d8b38000 	C:\WINDOWS\System32\PSAPI.DLL
0x00007ff9c18a0000 - 0x00007ff9c18a9000 	C:\WINDOWS\SYSTEM32\WSOCK32.dll
0x00007ff9d5830000 - 0x00007ff9d5854000 	C:\WINDOWS\SYSTEM32\WINMM.dll
0x00007ff9d9cd0000 - 0x00007ff9d9d3f000 	C:\WINDOWS\System32\WS2_32.dll
0x00007ff9cc820000 - 0x00007ff9cc82a000 	C:\WINDOWS\SYSTEM32\VERSION.dll
0x00007ff9d5800000 - 0x00007ff9d582d000 	C:\WINDOWS\SYSTEM32\winmmbase.dll
0x00007ff9d8a30000 - 0x00007ff9d8a7a000 	C:\WINDOWS\System32\cfgmgr32.dll
0x00007ff9d7940000 - 0x00007ff9d7951000 	C:\WINDOWS\System32\kernel.appcore.dll
0x00007ff9cc7a0000 - 0x00007ff9cc7aa000 	c:\Users\luiz_gustavo\.vscode\extensions\redhat.java-1.11.0-win32-x64\jre\17.0.4.1-win32-x86_64\bin\jimage.dll
0x00007ff9c8a80000 - 0x00007ff9c8c74000 	C:\WINDOWS\SYSTEM32\DBGHELP.DLL
0x00007ff9c8a50000 - 0x00007ff9c8a7a000 	C:\WINDOWS\SYSTEM32\dbgcore.DLL
0x00007ff9afa50000 - 0x00007ff9afa75000 	c:\Users\luiz_gustavo\.vscode\extensions\redhat.java-1.11.0-win32-x64\jre\17.0.4.1-win32-x86_64\bin\java.dll
0x00007ff9af6b0000 - 0x00007ff9af6c8000 	c:\Users\luiz_gustavo\.vscode\extensions\redhat.java-1.11.0-win32-x64\jre\17.0.4.1-win32-x86_64\bin\zip.dll
0x00007ff9d9d40000 - 0x00007ff9da427000 	C:\WINDOWS\System32\SHELL32.dll
0x00007ff9d9b80000 - 0x00007ff9d9c28000 	C:\WINDOWS\System32\shcore.dll
0x00007ff9d7d70000 - 0x00007ff9d84eb000 	C:\WINDOWS\System32\windows.storage.dll
0x00007ff9d79d0000 - 0x00007ff9d79ee000 	C:\WINDOWS\System32\profapi.dll
0x00007ff9d7960000 - 0x00007ff9d79aa000 	C:\WINDOWS\System32\powrprof.dll
0x00007ff9d7930000 - 0x00007ff9d7940000 	C:\WINDOWS\System32\UMPDC.dll
0x00007ff9d9a50000 - 0x00007ff9d9aa2000 	C:\WINDOWS\System32\shlwapi.dll
0x00007ff9d7d50000 - 0x00007ff9d7d67000 	C:\WINDOWS\System32\cryptsp.dll
0x00007ff9afd00000 - 0x00007ff9afd19000 	C:\Users\luiz_gustavo\.vscode\extensions\redhat.java-1.11.0-win32-x64\jre\17.0.4.1-win32-x86_64\bin\net.dll
0x00007ff9ce460000 - 0x00007ff9ce55a000 	C:\WINDOWS\SYSTEM32\WINHTTP.dll
0x00007ff9d7120000 - 0x00007ff9d7187000 	C:\WINDOWS\system32\mswsock.dll
0x00007ff9af690000 - 0x00007ff9af6a5000 	C:\Users\luiz_gustavo\.vscode\extensions\redhat.java-1.11.0-win32-x64\jre\17.0.4.1-win32-x86_64\bin\nio.dll
0x00007ff9c6120000 - 0x00007ff9c6130000 	c:\Users\luiz_gustavo\.vscode\extensions\redhat.java-1.11.0-win32-x64\jre\17.0.4.1-win32-x86_64\bin\verify.dll
0x00007ff9d0be0000 - 0x00007ff9d0be9000 	C:\Users\luiz_gustavo\.vscode\extensions\redhat.java-1.11.0-win32-x64\jre\17.0.4.1-win32-x86_64\bin\management.dll
0x00007ff9c4fb0000 - 0x00007ff9c4fbb000 	C:\Users\luiz_gustavo\.vscode\extensions\redhat.java-1.11.0-win32-x64\jre\17.0.4.1-win32-x86_64\bin\management_ext.dll
0x00007ff9b5c70000 - 0x00007ff9b5c86000 	C:\WINDOWS\system32\napinsp.dll
0x00007ff9b5c30000 - 0x00007ff9b5c4a000 	C:\WINDOWS\system32\pnrpnsp.dll
0x00007ff9d6e80000 - 0x00007ff9d6f4b000 	C:\WINDOWS\SYSTEM32\DNSAPI.dll
0x00007ff9da9c0000 - 0x00007ff9da9c8000 	C:\WINDOWS\System32\NSI.dll
0x00007ff9d6e40000 - 0x00007ff9d6e7a000 	C:\WINDOWS\SYSTEM32\IPHLPAPI.DLL
0x00007ff9b59e0000 - 0x00007ff9b59ee000 	C:\WINDOWS\System32\winrnr.dll
0x00007ff9d0bc0000 - 0x00007ff9d0bdc000 	C:\WINDOWS\system32\NLAapi.dll
0x00007ff9d3350000 - 0x00007ff9d3365000 	C:\WINDOWS\system32\wshbth.dll
0x00007ff9d0310000 - 0x00007ff9d031a000 	C:\Windows\System32\rasadhlp.dll
0x00007ff9ce3e0000 - 0x00007ff9ce457000 	C:\WINDOWS\System32\fwpuclnt.dll
0x00007ff9d7a50000 - 0x00007ff9d7a76000 	C:\WINDOWS\System32\bcrypt.dll
0x00007ff9d6cb0000 - 0x00007ff9d6ce3000 	C:\WINDOWS\system32\rsaenh.dll
0x00007ff9d7850000 - 0x00007ff9d7875000 	C:\WINDOWS\SYSTEM32\USERENV.dll
0x00007ff9d72a0000 - 0x00007ff9d72ac000 	C:\WINDOWS\SYSTEM32\CRYPTBASE.dll
0x00007ff9d0560000 - 0x00007ff9d0576000 	C:\WINDOWS\SYSTEM32\dhcpcsvc6.DLL
0x00007ff9d04e0000 - 0x00007ff9d04fc000 	C:\WINDOWS\SYSTEM32\dhcpcsvc.DLL

dbghelp: loaded successfully - version: 4.0.5 - missing functions: none
symbol engine: initialized successfully - sym options: 0x614 - pdb path: .;c:\Users\luiz_gustavo\.vscode\extensions\redhat.java-1.11.0-win32-x64\jre\17.0.4.1-win32-x86_64\bin;C:\WINDOWS\SYSTEM32;C:\WINDOWS\WinSxS\amd64_microsoft.windows.common-controls_6595b64144ccf1df_6.0.18362.1556_none_9e7e372fe45e41d5;c:\Users\luiz_gustavo\.vscode\extensions\redhat.java-1.11.0-win32-x64\jre\17.0.4.1-win32-x86_64\bin\server

VM Arguments:
jvm_args: -Dsts.lsp.client=vscode -Dsts.log.file=/dev/null -XX:TieredStopAtLevel=1 -Xlog:jni+resolve=off -Dspring.config.location=file:c:\Users\luiz_gustavo\.vscode\extensions\pivotal.vscode-spring-boot-1.39.0\language-server\BOOT-INF\classes\application.properties 
java_command: org.springframework.ide.vscode.boot.app.BootLanguageServerBootApp
java_class_path (initial): c:\Users\luiz_gustavo\.vscode\extensions\pivotal.vscode-spring-boot-1.39.0\language-server\BOOT-INF\classes;c:\Users\luiz_gustavo\.vscode\extensions\pivotal.vscode-spring-boot-1.39.0\language-server\BOOT-INF\lib\annotations-23.0.0.jar;c:\Users\luiz_gustavo\.vscode\extensions\pivotal.vscode-spring-boot-1.39.0\language-server\BOOT-INF\lib\antlr-runtime-3.5.2.jar;c:\Users\luiz_gustavo\.vscode\extensions\pivotal.vscode-spring-boot-1.39.0\language-server\BOOT-INF\lib\antlr4-4.9.3.jar;c:\Users\luiz_gustavo\.vscode\extensions\pivotal.vscode-spring-boot-1.39.0\language-server\BOOT-INF\lib\antlr4-runtime-4.9.3.jar;c:\Users\luiz_gustavo\.vscode\extensions\pivotal.vscode-spring-boot-1.39.0\language-server\BOOT-INF\lib\asm-9.3.jar;c:\Users\luiz_gustavo\.vscode\extensions\pivotal.vscode-spring-boot-1.39.0\language-server\BOOT-INF\lib\asm-analysis-9.3.jar;c:\Users\luiz_gustavo\.vscode\extensions\pivotal.vscode-spring-boot-1.39.0\language-server\BOOT-INF\lib\asm-tree-9.3.jar;c:\Users\luiz_gustavo\.vscode\extensions\pivotal.vscode-spring-boot-1.39.0\language-server\BOOT-INF\lib\asm-util-9.3.jar;c:\Users\luiz_gustavo\.vscode\extensions\pivotal.vscode-spring-boot-1.39.0\language-server\BOOT-INF\lib\byte-buddy-1.12.13.jar;c:\Users\luiz_gustavo\.vscode\extensions\pivotal.vscode-spring-boot-1.39.0\language-server\BOOT-INF\lib\caffeine-2.9.3.jar;c:\Users\luiz_gustavo\.vscode\extensions\pivotal.vscode-spring-boot-1.39.0\language-server\BOOT-INF\lib\checker-qual-3.12.0.jar;c:\Users\luiz_gustavo\.vscode\extensions\pivotal.vscode-spring-boot-1.39.0\language-server\BOOT-INF\lib\classgraph-4.8.149.jar;c:\Users\luiz_gustavo\.vscode\extensions\pivotal.vscode-spring-boot-1.39.0\language-server\BOOT-INF\lib\commons-codec-1.15.jar;c:\Users\luiz_gustavo\.vscode\extensions\pivotal.vscode-spring-boot-1.39.0\language-server\BOOT-INF\lib\commons-compress-1.21.jar;c:\Users\luiz_gustavo\.vscode\extensions\pivotal.vscode-spring-boot-1.39.0\language-server\BOOT-INF\lib\commons-e
Launcher Type: SUN_STANDARD

[Global flags]
     intx CICompilerCount                          = 4                                         {product} {ergonomic}
     uint ConcGCThreads                            = 2                                         {product} {ergonomic}
     uint G1ConcRefinementThreads                  = 8                                         {product} {ergonomic}
   size_t G1HeapRegionSize                         = 1048576                                   {product} {ergonomic}
    uintx GCDrainStackTargetSize                   = 64                                        {product} {ergonomic}
   size_t InitialHeapSize                          = 130023424                                 {product} {ergonomic}
   size_t MarkStackSize                            = 4194304                                   {product} {ergonomic}
   size_t MaxHeapSize                              = 2048917504                                {product} {ergonomic}
   size_t MaxNewSize                               = 1228931072                                {product} {ergonomic}
   size_t MinHeapDeltaBytes                        = 1048576                                   {product} {ergonomic}
   size_t MinHeapSize                              = 8388608                                   {product} {ergonomic}
    uintx NonProfiledCodeHeapSize                  = 0                                      {pd product} {ergonomic}
     bool ProfileInterpreter                       = false                                  {pd product} {command line}
    uintx ProfiledCodeHeapSize                     = 0                                      {pd product} {ergonomic}
   size_t SoftMaxHeapSize                          = 2048917504                             {manageable} {ergonomic}
     intx TieredStopAtLevel                        = 1                                         {product} {command line}
     bool UseCompressedClassPointers               = true                           {product lp64_product} {ergonomic}
     bool UseCompressedOops                        = true                           {product lp64_product} {ergonomic}
     bool UseG1GC                                  = true                                      {product} {ergonomic}
     bool UseLargePagesIndividualAllocation        = false                                  {pd product} {ergonomic}

Logging:
Log output configuration:
 #0: stdout all=warning,jni+resolve=off uptime,level,tags
 #1: stderr all=off uptime,level,tags

Environment Variables:
JAVA_HOME=C:\Program Files\Java\jdk-17.0.4
PATH=C:\Program Files\Common Files\Oracle\Java\javapath;C:\Program Files (x86)\Common Files\Oracle\Java\javapath;C:\dev\freeglut\bin\x64;C:\msys32\mingw32\bin;C:\msys32\usr\bin;C:\ProgramData\Oracle\Java\javapath;C:\dev\lpng1634\lib;C:\WINDOWS\system32;C:\WINDOWS;C:\WINDOWS\System32\Wbem;C:\WINDOWS\System32\WindowsPowerShell\v1.0\;C:\Program Files\Git\cmd;C:\Program Files (x86)\Windows Kits\10\Windows Performance Toolkit\;C:\Program Files\CMake\bin;C:\dev\CGAL-4.9\auxiliary\gmp\lib;C:\dev\libQGLViewer-2.6.4\QGLViewer;C:\dev\CGAL-4.9\build\bin;C:\Program Files\gnuplot\bin;C:\Program Files (x86)\NVIDIA Corporation\PhysX\Common;C:\WINDOWS\system32;C:\WINDOWS;C:\WINDOWS\System32\Wbem;C:\WINDOWS\System32\WindowsPowerShell\v1.0\;C:\WINDOWS\System32\OpenSSH\;C:\opencv\build\x86\vc14\bin;C:\FFmpeg\bin;C:\dev\zlib-1.0.4;C:\src\flutter\bin;C:\WINDOWS\system32;C:\java_dev\apache-tomcat-7.0.100;C:\java_dev\apache-tomcat-7.0.100;C:\java_dev\apache-tomcat-7.0.100\bin;C:\Program Files\Java\jdk-17.0.4;C:\Program Files\nodejs\;C:\Program Files\heroku\bin;C:\Program Files\Microsoft VS Code\bin;C:\Users\luiz_gustavo\AppData\Roaming\npm;C:\Users\Luiz Gustavo Vras\AppData\Local\Programs\Python\Python310;C:\Users\Luiz Gustavo Vras\AppData\Local\Programs\Python\Python310\Scripts;C:\Users\luiz_gustavo\AppData\Local\Microsoft\WindowsApps;
USERNAME=luiz_gustavo
OS=Windows_NT
PROCESSOR_IDENTIFIER=Intel64 Family 6 Model 142 Stepping 10, GenuineIntel
TMP=C:\Users\LUIZ_G~1\AppData\Local\Temp
TEMP=C:\Users\LUIZ_G~1\AppData\Local\Temp



---------------  S Y S T E M  ---------------

OS:
 Windows 10 , 64 bit Build 18362 (10.0.18362.1500)
OS uptime: 2 days 14:34 hours
Hyper-V role detected

CPU: total 8 (initial active 8) (4 cores per cpu, 2 threads per core) family 6 model 142 stepping 10 microcode 0xe0, cx8, cmov, fxsr, ht, mmx, 3dnowpref, sse, sse2, sse3, ssse3, sse4.1, sse4.2, popcnt, lzcnt, tsc, tscinvbit, avx, avx2, aes, erms, clmul, bmi1, bmi2, adx, fma, vzeroupper, clflush, clflushopt, hv

Memory: 4k page, system-wide physical 7814M (692M free)
TotalPageFile size 15527M (AvailPageFile size 46M)
current process WorkingSet (physical memory assigned to process): 364M, peak: 364M
current process commit charge ("private bytes"): 428M, peak: 986M

vm_info: OpenJDK 64-Bit Server VM (17.0.4.1+1) for windows-amd64 JRE (17.0.4.1+1), built on Aug 17 2022 07:42:43 by "temurin" with MS VC++ 16.7 (VS2019)

END.
